906|636|1264|chrome|1
829|618|1280|chrome|1
1046|686|1349|chrome|1
885|511|1349|chrome|1
843|669|1349|chrome|1
864|657|1349|chrome|1
872|658|1124|firefox|1
916|248|1124|firefox|1
827|661|1349|chrome|1
746|83|1124|firefox|3
156|233|320|chrome|1
170|356|320|chrome|1
301|457|320|chrome|1
299|443|320|chrome|1
74|19|320|chrome|1
142|87|320|chrome|1
114|214|320|chrome|1
196|221|320|chrome|3
296|301|320|chrome|1
591|453|1015|chrome|1
579|373|1015|chrome|1
595|658|1015|chrome|1
587|596|1015|chrome|1
590|506|1015|chrome|1
581|724|1015|chrome|1
574|723|1015|chrome|1
303|295|320|chrome|1
653|939|1264|chrome|1
1185|263|1349|chrome|1
786|21|1264|chrome|1
812|382|1264|chrome|1
752|443|1349|chrome|1
753|365|1349|chrome|1
966|441|1349|chrome|1
755|660|1124|firefox|1
750|701|1124|firefox|1
741|366|1349|chrome|1
745|436|1349|chrome|1
883|709|1124|firefox|1
747|517|1349|chrome|1
753|772|1124|firefox|1
789|777|1124|firefox|1
763|773|1124|firefox|1
793|767|1124|firefox|1
914|588|1124|firefox|1
384|176|1124|firefox|1
837|621|1229|chrome|1
526|81|1124|firefox|1
636|383|1124|firefox|1
740|428|1349|chrome|1
776|613|1124|firefox|1
1341|930|1903|chrome|1
771|606|1124|firefox|1
975|341|1349|chrome|1
1101|427|1349|chrome|1
756|305|1349|chrome|1
918|665|1124|firefox|1
761|472|1124|firefox|1
918|281|1124|firefox|1
688|489|1229|chrome|1
753|736|1124|firefox|1
690|464|1229|chrome|1
749|726|1124|firefox|1
781|603|1124|firefox|1
745|503|1349|chrome|1
753|416|1349|chrome|1
967|27|1351|chrome|1
764|640|1124|firefox|1
902|667|1124|firefox|1
732|528|1124|firefox|1
763|519|1124|firefox|1
915|349|1124|firefox|1
788|609|1124|firefox|1
855|691|1124|firefox|1
759|529|1124|firefox|1
763|543|1124|firefox|1
916|363|1124|firefox|1
783|630|1124|firefox|1
1163|659|1897|firefox|1
1192|710|1897|firefox|1
638|378|1124|firefox|1
119|265|1349|chrome|1
378|59|1349|chrome|1
460|81|1343|chrome|1
706|492|1229|chrome|1
266|55|1229|chrome|1
881|663|1124|firefox|1
764|417|1124|firefox|1
918|235|1124|firefox|1
818|618|1124|firefox|1
926|689|1263|chrome|1
865|589|1263|chrome|1
904|593|1263|chrome|1
679|373|1229|chrome|1
697|515|1229|chrome|1
688|278|1229|chrome|1
838|604|1229|chrome|1
801|19|1229|chrome|1
760|309|1229|chrome|1
756|647|1349|chrome|1
741|591|1349|chrome|1
753|720|1349|chrome|1
749|718|1349|chrome|1
754|538|1349|chrome|1
751|582|1349|chrome|1
556|372|1008|chrome|1
751|667|1349|chrome|1
747|718|1349|chrome|1
748|317|1349|chrome|1
582|482|1008|chrome|1
574|579|1008|chrome|1
575|644|1008|chrome|1
871|582|1349|chrome|1
767|440|1349|chrome|1
1079|15|1583|chrome|1
1100|23|1583|chrome|1
766|439|1349|chrome|1
858|688|1349|chrome|1
753|440|1343|chrome|1
471|435|1343|chrome|3
420|321|1343|chrome|1
495|426|1343|chrome|1
347|518|1343|chrome|3
306|378|320|safari|1
298|286|320|safari|1
760|367|1343|chrome|1
896|632|1343|chrome|1
944|312|1343|chrome|1
869|594|1343|chrome|1
886|611|1349|chrome|1
759|498|1349|chrome|1
745|666|1349|chrome|1
761|442|1349|chrome|1
871|659|1349|chrome|1
883|700|1349|chrome|1
883|664|1349|chrome|1
316|295|360|chrome|1
324|297|360|chrome|1
292|210|1349|chrome|1
656|26|1349|chrome|1
666|20|1349|chrome|1
993|9|1349|chrome|1
640|72|1349|chrome|1
670|97|1349|chrome|1
1000|45|1349|chrome|1
1138|26|1349|chrome|1
373|219|1349|chrome|1
1076|545|1349|chrome|1
959|629|1349|chrome|1
830|632|1349|chrome|1
1001|625|1349|chrome|1
834|624|1349|chrome|3
967|639|1349|chrome|1
969|640|1349|chrome|1
979|601|1349|chrome|1
756|667|1349|chrome|1
972|743|1349|chrome|1
743|709|1349|chrome|1
742|704|1349|chrome|1
749|720|1349|chrome|1
751|718|1349|chrome|1
758|299|1349|chrome|1
992|717|1349|chrome|1
1033|701|1349|chrome|1
613|226|1349|chrome|1
315|163|360|chrome|1
314|249|360|chrome|1
310|328|360|chrome|1
981|26|1349|chrome|1
180|289|360|chrome|1
316|198|360|chrome|1
961|638|1349|chrome|1
327|326|360|chrome|1
827|816|1349|chrome|1
1040|762|1349|chrome|1
943|684|1349|chrome|1
748|639|1349|chrome|1
887|746|1349|chrome|1
741|591|1349|chrome|1
741|520|1349|chrome|1
274|689|320|safari|1
749|455|1349|chrome|1
744|363|1349|chrome|1
914|608|1349|chrome|1
626|47|1349|chrome|1
316|286|360|chrome|1
191|342|360|chrome|1
191|333|360|chrome|1
316|160|360|chrome|1
321|159|360|chrome|1
754|302|1349|chrome|1
574|776|1009|chrome|1
579|626|1009|chrome|1
310|292|360|chrome|1
320|282|360|chrome|1
501|1028|1009|chrome|1
311|292|360|chrome|1
329|344|360|chrome|1
436|429|1342|chrome|3
82|653|1342|chrome|1
570|478|1342|chrome|3
268|512|1342|chrome|3
555|526|1349|chrome|1
715|377|1284|firefox|1
722|451|1284|firefox|1
720|374|1284|firefox|1
709|420|1284|firefox|1
709|364|1284|firefox|1
115|232|360|chrome|1
867|21|1349|chrome|1
824|395|1349|chrome|1
735|386|1349|chrome|1
970|648|1349|chrome|1
160|21|360|chrome|1
186|619|360|chrome|1
757|651|1007|chrome|1
754|515|1349|chrome|1
753|568|1349|chrome|1
738|441|1349|chrome|1
739|373|1349|chrome|1
750|611|1007|chrome|1
904|617|1349|chrome|1
900|605|1349|chrome|1
902|666|1349|chrome|1
723|617|1007|chrome|1
727|600|1007|chrome|1
747|362|1349|chrome|1
728|596|1007|chrome|1
843|694|1023|chrome|1
594|442|1007|chrome|1
582|309|1007|chrome|1
715|626|1007|chrome|1
866|393|1023|chrome|1
725|644|1023|chrome|1
725|644|1023|chrome|1
839|691|1023|chrome|1
682|586|1023|chrome|1
738|440|1349|chrome|1
1019|440|1901|firefox|1
1030|507|1901|firefox|1
1027|371|1901|firefox|1
719|352|1263|firefox|1
423|544|1263|firefox|1
400|413|1263|firefox|3
1341|544|1901|firefox|1
764|425|1349|firefox|1
624|184|1263|firefox|1
709|447|1263|firefox|1
705|351|1263|firefox|1
430|551|1263|firefox|3
1019|436|1903|chrome|1
1020|586|1903|chrome|1
1160|409|1903|chrome|1
744|547|1903|chrome|1
996|378|1903|chrome|1
134|277|320|unknown|1
300|273|320|unknown|1
308|330|320|unknown|1
309|371|320|unknown|1
1047|683|1345|firefox|1
834|583|1345|firefox|1
872|583|1345|firefox|1
914|580|1345|firefox|1
942|586|1345|firefox|1
894|578|1345|firefox|1
1026|405|1345|firefox|1
729|428|1345|firefox|1
744|370|1345|firefox|1
770|435|1423|chrome|1
742|445|1349|chrome|1
743|391|1349|chrome|1
762|490|1349|chrome|1
806|551|1349|chrome|1
733|610|1349|chrome|1
974|663|1349|chrome|1
968|625|1349|chrome|1
807|620|1349|chrome|1
915|620|1349|chrome|1
939|618|1349|chrome|1
735|353|1349|chrome|1
975|618|1349|chrome|1
1033|435|1349|chrome|1
759|632|1349|chrome|1
334|46|1349|chrome|1
860|632|1349|firefox|1
377|47|1349|chrome|1
1035|688|1349|firefox|1
847|476|1349|firefox|1
803|472|1349|firefox|1
1030|292|1349|firefox|1
757|439|1349|firefox|1
162|293|320|chrome|1
167|283|320|chrome|1
290|230|320|chrome|1
301|240|320|chrome|1
307|232|320|chrome|1
295|432|320|chrome|1
292|237|320|chrome|1
286|238|320|chrome|1
290|291|320|chrome|1
164|334|320|chrome|1
274|1386|320|chrome|3
767|383|1345|chrome|1
758|586|1345|chrome|1
758|639|1345|chrome|1
743|500|1345|chrome|1
742|567|1345|chrome|1
748|506|1345|chrome|1
742|448|1345|chrome|1
302|320|320|chrome|1
291|317|320|chrome|1
300|224|320|chrome|3
324|252|360|chrome|1
309|234|320|safari|1
298|236|320|safari|1
303|294|320|safari|1
288|255|320|safari|1
418|420|1263|firefox|3
709|380|1263|firefox|3
716|432|1263|firefox|1
322|445|1263|firefox|3
867|853|1263|firefox|1
689|366|1263|firefox|1
445|459|1263|firefox|3
810|165|1263|firefox|1
103|89|360|chrome|1
23|24|360|chrome|1
689|378|1240|safari|1
710|444|1240|safari|1
687|572|1240|safari|1
708|657|1240|safari|1
892|632|1349|firefox|1
895|619|1349|firefox|1
895|640|1349|firefox|1
925|634|1349|firefox|1
742|345|1349|chrome|1
850|22|1349|firefox|1
867|13|1349|firefox|1
780|286|1349|firefox|1
1182|505|1349|firefox|1
865|14|1349|firefox|1
858|16|1349|firefox|1
829|82|1349|firefox|1
72|343|1349|firefox|1
855|20|1349|firefox|1
855|20|1349|firefox|1
661|893|1349|firefox|1
35|451|1349|firefox|1
758|280|1349|chrome|1
856|19|1349|firefox|1
856|19|1349|firefox|1
829|380|1349|firefox|1
830|380|1349|firefox|1
828|372|1349|firefox|1
1083|918|1349|firefox|1
1252|583|1349|firefox|1
473|92|1349|firefox|1
726|513|1349|firefox|1
540|82|1349|firefox|1
885|617|1349|firefox|1
890|633|1349|firefox|1
895|614|1349|firefox|1
751|374|1349|chrome|1
713|352|1263|firefox|1
1000|541|1263|firefox|1
720|373|1263|firefox|1
1023|549|1263|firefox|1
443|475|1263|firefox|1
446|439|1263|firefox|1
1012|550|1263|firefox|1
227|50|1349|chrome|1
0|559|1263|firefox|1
937|615|1349|chrome|1
425|53|1423|chrome|1
698|360|1263|chrome|1
699|424|1263|chrome|1
708|502|1263|chrome|1
874|669|1349|chrome|1
703|445|1263|chrome|1
698|570|1263|chrome|1
485|26|1349|chrome|1
698|590|1263|chrome|1
264|63|1349|chrome|1
695|511|1263|chrome|1
871|657|1349|chrome|1
883|668|1349|chrome|1
890|699|1349|chrome|1
856|10|1349|chrome|1
839|212|1349|chrome|1
762|590|1349|chrome|1
1004|691|1351|chrome|1
1034|275|1351|chrome|1
1012|664|1351|chrome|1
842|610|1351|chrome|1
802|630|1351|chrome|1
943|616|1351|chrome|1
998|1149|1351|chrome|1
1024|664|1351|chrome|1
840|678|1351|chrome|1
878|678|1351|chrome|1
906|670|1351|chrome|1
1036|488|1351|chrome|1
417|86|1351|chrome|1
910|916|1349|chrome|1
1056|728|1351|chrome|1
840|516|1351|chrome|1
744|347|1349|chrome|1
1055|547|1349|chrome|1
765|682|1349|chrome|1
747|720|1349|chrome|1
747|720|1349|chrome|1
747|722|1349|chrome|1
747|722|1349|chrome|1
912|431|1704|chrome|1
503|87|1263|chrome|1
449|261|800|chrome|1
450|275|800|chrome|1
222|51|1263|chrome|1
213|95|1263|chrome|3
894|709|1349|chrome|1
883|613|1349|chrome|1
880|631|1349|chrome|1
710|684|1260|chrome|1
800|631|1260|chrome|1
700|719|1260|chrome|1
723|670|1260|chrome|1
721|446|1260|chrome|1
695|527|1260|chrome|1
520|54|1349|chrome|1
462|86|1349|chrome|1
688|883|1349|chrome|1
301|240|320|safari|1
297|248|320|safari|1
288|238|320|safari|1
296|196|320|safari|1
286|228|320|safari|1
297|281|320|safari|1
308|275|320|safari|1
691|434|1263|chrome|1
716|501|1263|chrome|1
709|557|1263|chrome|1
708|352|1263|chrome|1
699|660|1263|chrome|1
695|715|1263|chrome|1
701|688|1263|chrome|1
644|333|1349|chrome|1
528|467|1349|chrome|1
697|396|1349|chrome|1
899|278|1349|chrome|1
579|325|1349|chrome|1
998|21|1349|chrome|1
955|29|1349|chrome|1
805|903|1227|chrome|1
1011|539|1227|chrome|1
421|1063|1227|chrome|1
918|21|1227|chrome|1
946|476|1419|safari|1
1168|611|1903|chrome|1
1158|656|1903|chrome|1
1137|22|1903|chrome|1
1140|215|1903|chrome|1
951|483|1419|safari|1
947|477|1419|safari|1
943|474|1419|safari|1
945|475|1419|safari|1
1124|8|1903|chrome|1
1143|22|1903|chrome|1
1166|615|1903|chrome|1
1137|25|1903|chrome|1
1121|304|1903|chrome|1
760|81|1920|chrome|1
736|449|1349|chrome|1
742|514|1349|chrome|1
757|580|1349|chrome|1
741|645|1349|chrome|1
744|699|1349|chrome|1
748|448|1349|chrome|1
735|521|1349|chrome|1
736|592|1349|chrome|1
741|654|1349|chrome|1
746|722|1349|chrome|1
763|253|1262|safari|1
730|449|1349|chrome|1
744|489|1349|chrome|1
749|645|1349|chrome|1
742|713|1349|chrome|1
745|660|1349|chrome|1
753|435|1349|chrome|1
737|521|1349|chrome|1
733|605|1349|chrome|1
739|646|1349|chrome|1
741|720|1349|chrome|1
743|293|1349|chrome|1
753|314|1349|chrome|1
1172|609|1903|chrome|1
933|616|1349|chrome|1
855|688|1349|chrome|3
750|412|1349|chrome|1
747|503|1349|chrome|1
934|634|1349|chrome|1
1023|453|1903|chrome|1
881|613|1349|chrome|1
1174|609|1903|chrome|1
1139|21|1903|chrome|1
1108|235|1903|chrome|1
838|669|1349|chrome|1
485|417|1349|chrome|1
892|604|1349|chrome|1
861|14|1349|chrome|1
936|48|1349|chrome|1
864|13|1349|chrome|1
915|173|1349|chrome|1
920|85|1349|chrome|1
490|84|1349|chrome|1
974|616|1349|chrome|1
742|680|1349|chrome|1
881|880|1349|chrome|1
846|616|1263|chrome|1
802|611|1263|chrome|1
746|452|1343|chrome|1
742|310|1343|chrome|1
896|641|1343|chrome|1
892|621|1423|chrome|1
1062|659|1423|chrome|1
1063|122|1423|chrome|1
1047|955|1349|chrome|1
805|606|1263|chrome|1
847|611|1263|chrome|1
813|612|1263|chrome|1
1060|657|1423|chrome|1
1066|123|1423|chrome|1
159|57|1007|chrome|1
860|356|1583|chrome|1
933|663|1079|chrome|1
708|613|1079|chrome|1
936|640|1349|chrome|1
949|19|1349|chrome|1
288|240|320|chrome|1
284|244|320|chrome|1
294|285|320|chrome|1
202|471|320|chrome|1
884|639|1349|chrome|1
811|604|1263|chrome|1
849|612|1263|chrome|1
767|494|1349|chrome|1
856|16|1349|chrome|1
832|302|1349|chrome|1
362|55|1423|chrome|2
412|62|1423|chrome|2
584|80|1423|chrome|2
746|367|1349|chrome|1
749|653|1349|chrome|1
739|592|1349|chrome|1
761|664|1349|chrome|1
743|657|1349|chrome|1
738|334|1349|chrome|1
449|431|1349|chrome|3
150|500|1349|chrome|1
755|292|1349|chrome|1
761|370|1349|chrome|1
746|452|1349|chrome|1
570|132|1349|chrome|1
844|469|1349|chrome|1
901|585|1663|chrome|1
754|448|1349|chrome|1
895|448|1663|chrome|1
1211|517|1663|chrome|1
493|52|1663|chrome|1
769|361|1349|chrome|1
1135|609|1663|chrome|1
895|21|1423|chrome|1
376|55|1423|chrome|1
1067|16|1423|chrome|1
921|637|1349|chrome|1
859|22|1349|chrome|1
823|302|1349|chrome|1
896|608|1349|chrome|1
920|18|1263|chrome|1
1023|380|1903|chrome|1
358|70|1576|firefox|1
883|608|1349|firefox|1
1034|23|1349|firefox|1
1027|43|1349|firefox|1
1132|12|1349|firefox|1
747|365|1349|chrome|1
750|440|1349|chrome|1
734|505|1349|chrome|1
748|573|1349|chrome|1
757|667|1349|chrome|1
907|686|1349|chrome|1
809|610|1263|chrome|1
863|9|1349|chrome|1
912|91|1349|chrome|1
837|661|1263|chrome|1
841|609|1263|chrome|1
834|663|1263|chrome|1
820|15|1263|chrome|1
807|304|1263|chrome|1
1039|444|1904|unknown|1
1039|515|1904|unknown|1
1022|587|1904|unknown|1
1015|291|1904|unknown|1
1023|374|1904|unknown|1
1027|437|1904|unknown|1
1777|885|1904|unknown|1
578|369|1007|chrome|1
750|373|1349|chrome|1
750|373|1349|chrome|1
791|386|1423|chrome|1
781|439|1423|chrome|1
790|497|1423|chrome|1
785|594|1423|chrome|1
1018|28|1442|safari|1
1049|438|1903|chrome|1
1018|489|1903|chrome|1
1030|654|1903|chrome|1
803|603|1421|safari|1
802|282|1421|safari|1
894|617|1349|chrome|1
751|387|1349|chrome|1
751|595|1349|chrome|1
745|652|1349|chrome|1
99|395|1349|chrome|1
737|279|1349|chrome|1
858|18|1349|chrome|1
968|24|1349|chrome|1
473|82|1349|chrome|1
1135|16|1349|chrome|1
929|636|1349|chrome|1
748|361|1349|chrome|1
722|181|1349|chrome|1
1132|246|1349|chrome|1
591|192|1349|chrome|1
936|608|1349|chrome|1
932|606|1349|chrome|1
1016|451|1421|safari|1
927|641|1349|chrome|1
887|615|1349|chrome|1
892|519|1421|safari|1
957|717|1421|safari|1
979|646|1421|safari|1
923|607|1349|chrome|1
1039|603|1349|chrome|1
1035|603|1349|chrome|1
1025|420|1349|chrome|1
894|695|1349|chrome|1
885|686|1349|chrome|1
1102|437|1349|chrome|1
867|477|1349|chrome|1
963|475|1349|chrome|1
907|482|1349|chrome|1
805|478|1349|chrome|1
753|601|1349|chrome|1
736|368|1349|chrome|1
746|588|1349|chrome|1
746|728|1349|chrome|1
746|721|1349|chrome|1
755|530|1349|chrome|1
764|439|1349|chrome|1
765|376|1349|chrome|1
934|645|1349|chrome|1
753|431|1349|chrome|1
764|360|1374|chrome|1
762|453|1374|chrome|1
777|517|1374|chrome|1
772|575|1374|chrome|1
743|719|1349|chrome|1
769|665|1374|chrome|1
613|85|1349|chrome|1
947|639|1349|chrome|1
696|656|1263|chrome|1
1028|593|1903|chrome|1
707|722|1263|chrome|1
702|645|1263|chrome|1
1019|670|1903|chrome|1
699|367|1263|chrome|1
701|365|1263|chrome|1
706|296|1263|chrome|1
708|250|1263|chrome|1
706|283|1263|chrome|1
451|477|1263|chrome|3
915|358|1679|chrome|1
916|440|1679|chrome|1
918|393|1679|chrome|1
702|433|1263|chrome|1
930|288|1679|chrome|1
757|367|1349|chrome|1
1074|15|1583|chrome|1
753|589|1349|chrome|1
752|643|1349|chrome|1
752|727|1349|chrome|1
746|716|1349|chrome|1
748|596|1349|chrome|1
747|674|1349|chrome|1
1104|23|1583|chrome|1
751|719|1349|chrome|1
745|373|1349|chrome|1
971|432|1421|safari|1
752|373|1349|chrome|1
18|353|1349|chrome|1
856|370|1583|chrome|1
755|432|1349|chrome|1
749|647|1349|chrome|1
1218|635|1920|chrome|1
725|446|1281|chrome|1
243|51|1349|chrome|1
1139|692|1663|chrome|1
720|434|1281|chrome|1
1000|493|1663|chrome|1
718|565|1281|chrome|1
1160|794|1663|chrome|1
1010|688|1281|chrome|1
1036|497|1663|chrome|1
871|462|1281|chrome|1
1000|494|1663|chrome|1
1027|493|1663|chrome|1
1000|496|1663|chrome|1
1024|492|1663|chrome|1
786|357|1423|firefox|1
1000|498|1663|chrome|1
1206|510|1349|chrome|1
997|287|1281|chrome|1
1220|726|1349|chrome|1
1033|493|1663|chrome|1
1254|568|1349|chrome|1
39|665|1349|chrome|1
720|373|1281|chrome|1
712|320|1281|chrome|1
650|54|1349|chrome|1
722|569|1281|chrome|1
719|649|1281|chrome|1
706|346|1281|chrome|1
712|374|1281|chrome|1
707|715|1281|chrome|1
716|583|1281|chrome|1
996|499|1663|chrome|1
717|514|1281|chrome|1
705|288|1281|chrome|1
713|305|1281|chrome|1
1187|315|1663|chrome|1
789|983|1281|chrome|3
323|381|360|safari|1
323|294|360|safari|1
893|22|1421|safari|1
876|301|1421|safari|1
705|362|1264|firefox|1
714|446|1264|firefox|1
728|445|1264|firefox|1
705|495|1264|firefox|1
712|590|1264|firefox|1
693|658|1264|firefox|1
705|723|1264|firefox|1
705|723|1264|firefox|1
705|723|1264|firefox|1
705|723|1264|firefox|1
558|87|1264|firefox|1
711|499|1281|chrome|1
704|362|1281|chrome|1
706|431|1232|chrome|1
181|47|1232|chrome|1
920|614|1349|firefox|1
962|663|1349|firefox|1
913|524|1349|firefox|1
947|520|1349|firefox|1
1030|346|1349|firefox|1
967|618|1349|firefox|1
980|692|1349|chrome|1
905|604|1349|chrome|1
840|594|1349|chrome|1
904|591|1349|chrome|1
1025|415|1349|chrome|1
904|347|1663|chrome|1
903|428|1663|chrome|1
913|502|1663|chrome|1
902|579|1663|chrome|1
901|641|1663|chrome|1
902|723|1663|chrome|1
918|645|1663|chrome|1
1025|875|1663|chrome|1
909|351|1663|chrome|1
998|617|1349|firefox|1
861|617|1349|firefox|1
341|54|1263|chrome|1
399|216|1349|chrome|1
367|214|1349|chrome|1
1187|115|1349|firefox|1
1028|690|1349|chrome|1
833|545|1349|chrome|1
812|541|1349|chrome|1
840|541|1349|chrome|1
811|542|1349|chrome|1
846|539|1349|chrome|1
796|538|1349|chrome|1
1033|363|1349|chrome|1
1087|888|1351|chrome|1
145|304|1422|safari|1
1310|694|1899|chrome|1
1110|404|1899|chrome|1
1141|407|1899|chrome|1
1193|399|1899|chrome|1
1120|403|1899|chrome|1
1091|404|1899|chrome|1
1139|405|1899|chrome|1
731|361|1296|chrome|1
719|458|1296|chrome|1
1116|407|1899|chrome|1
718|591|1296|chrome|1
1147|404|1899|chrome|1
715|648|1296|chrome|1
733|590|1296|chrome|1
1123|405|1899|chrome|1
725|467|1296|chrome|1
692|350|1296|chrome|1
1311|219|1899|chrome|1
970|631|1349|firefox|1
989|695|1263|chrome|1
802|383|1263|chrome|1
835|383|1263|chrome|1
784|381|1263|chrome|1
790|380|1263|chrome|1
762|370|1263|chrome|1
794|377|1263|chrome|1
830|378|1263|chrome|1
14|545|1263|chrome|1
848|625|1263|chrome|1
1039|669|1349|chrome|1
979|350|1349|chrome|1
1037|689|1349|firefox|1
916|427|1349|firefox|1
942|426|1349|firefox|1
911|432|1349|firefox|1
952|430|1349|firefox|1
746|376|1343|chrome|1
737|441|1343|chrome|1
741|504|1343|chrome|1
1030|248|1349|firefox|1
742|564|1343|chrome|1
752|521|1343|chrome|1
746|448|1343|chrome|1
734|380|1296|chrome|1
741|287|1343|chrome|1
724|429|1296|chrome|1
745|652|1349|firefox|1
724|488|1296|chrome|1
743|444|1349|chrome|1
719|436|1296|chrome|1
756|379|1349|chrome|1
724|645|1296|chrome|1
450|431|1349|chrome|1
747|722|1349|firefox|1
726|576|1296|chrome|1
747|722|1349|firefox|1
743|700|1349|firefox|1
722|291|1296|chrome|1
745|722|1349|chrome|1
743|588|1349|chrome|1
750|286|1343|chrome|1
1008|635|1349|firefox|1
1026|170|1349|chrome|1
481|86|1349|chrome|1
1029|660|1349|chrome|1
984|356|1349|chrome|1
408|1262|1583|chrome|1
1051|41|1583|chrome|1
936|347|1349|chrome|1
982|358|1349|chrome|1
936|351|1349|chrome|1
1032|167|1349|chrome|1
1012|597|1349|chrome|1
740|379|1296|chrome|1
773|353|1349|chrome|1
761|361|1349|chrome|1
1008|630|1663|chrome|1
962|608|1349|chrome|1
462|435|1349|chrome|1
739|416|1349|chrome|1
1039|684|1349|chrome|1
845|534|1349|chrome|1
802|536|1349|chrome|1
833|539|1349|chrome|1
1049|650|1663|chrome|1
756|371|1349|chrome|1
746|449|1349|chrome|1
1057|661|1349|chrome|1
958|556|1349|chrome|1
987|550|1349|chrome|1
940|555|1349|chrome|1
1029|371|1349|chrome|1
761|449|1349|chrome|1
1122|966|1349|chrome|1
268|351|1349|chrome|1
922|595|1349|chrome|1
1045|623|1349|chrome|1
737|380|1349|chrome|1
103|441|1349|chrome|1
1062|518|1349|chrome|1
367|216|1349|chrome|1
517|82|1349|chrome|1
704|590|1264|chrome|1
705|515|1264|chrome|1
705|460|1264|chrome|1
705|386|1264|chrome|1
1014|519|1264|chrome|1
848|540|1264|chrome|1
913|565|1264|chrome|1
950|27|1349|chrome|1
57|22|320|chrome|1
122|103|320|chrome|1
89|212|320|chrome|1
964|606|1349|chrome|1
153|689|360|safari|1
887|609|1349|chrome|1
840|616|1349|chrome|1
883|612|1349|chrome|1
854|8|1349|chrome|1
854|8|1349|chrome|1
854|8|1349|chrome|1
463|888|1349|chrome|1
1234|426|1349|chrome|1
361|211|1349|chrome|1
112|437|1349|chrome|1
862|19|1349|chrome|1
852|390|1349|chrome|1
741|427|1349|chrome|1
870|374|1567|chrome|1
812|918|980|chrome|1
948|6|1349|chrome|1
948|11|1349|chrome|1
819|51|1423|chrome|1
865|615|1285|safari|1
973|661|1285|safari|1
806|418|1285|safari|1
91|398|1285|safari|1
1568|928|1905|chrome|1
720|341|1285|safari|1
720|634|1285|safari|1
717|718|1285|safari|1
717|717|1285|safari|1
712|696|1285|safari|1
540|54|1905|chrome|1
184|377|320|safari|1
255|26|320|safari|1
213|23|320|safari|1
974|663|1349|chrome|1
839|567|1349|chrome|1
812|567|1349|chrome|1
831|565|1349|chrome|1
815|564|1349|chrome|1
837|564|1349|chrome|1
867|564|1349|chrome|1
834|564|1349|chrome|1
866|565|1349|chrome|1
838|565|1349|chrome|1
1031|395|1349|chrome|1
1042|448|1903|chrome|1
1029|505|1903|chrome|1
1032|646|1903|chrome|1
1031|715|1903|chrome|1
1013|719|1903|chrome|1
956|873|1903|chrome|1
1025|452|1903|chrome|1
1021|589|1903|chrome|1
1023|668|1903|chrome|1
1021|575|1903|chrome|1
1020|515|1903|chrome|1
1026|451|1903|chrome|1
1019|359|1903|chrome|1
1026|292|1903|chrome|1
1020|238|1903|chrome|1
1027|250|1903|chrome|1
1023|717|1903|chrome|1
1022|718|1903|chrome|1
1164|878|1903|chrome|1
735|86|1903|chrome|1
300|290|320|safari|1
302|299|320|safari|1
175|319|320|safari|1
299|296|320|safari|1
298|434|320|safari|1
306|273|320|safari|1
121|457|1349|chrome|1
1222|572|1349|chrome|1
304|246|320|safari|1
211|332|320|safari|1
308|232|320|safari|1
215|28|320|safari|1
1186|662|1681|safari|1
1056|474|1681|safari|1
1016|480|1681|safari|1
1033|482|1681|safari|1
982|482|1681|safari|1
999|477|1681|safari|1
1199|297|1681|safari|1
739|353|1349|chrome|1
140|492|1349|chrome|1
760|347|1349|chrome|1
1227|379|1349|chrome|1
82|391|1349|chrome|1
104|455|1349|chrome|1
604|85|1349|chrome|1
606|56|1905|chrome|1
1033|508|1919|safari|1
1032|588|1919|safari|1
1032|635|1919|safari|1
1031|697|1919|safari|1
1025|512|1919|safari|1
752|349|1349|firefox|1
855|367|1567|chrome|1
754|427|1349|firefox|1
759|368|1351|chrome|1
646|20|1349|firefox|1
659|21|1349|firefox|1
639|59|1349|firefox|1
568|117|1349|firefox|1
876|361|1583|chrome|1
857|427|1583|chrome|1
1004|28|1349|firefox|1
1005|43|1349|firefox|1
1252|93|1422|safari|1
1135|21|1349|firefox|1
964|23|1349|firefox|1
333|24|360|chrome|1
1007|20|1349|firefox|1
961|16|1349|firefox|1
930|20|1349|firefox|1
808|443|1423|chrome|1
806|371|1423|chrome|1
780|270|1423|chrome|1
1008|613|1423|chrome|1
367|54|1333|chrome|1
542|426|1423|chrome|1
913|670|1423|chrome|1
972|42|1423|chrome|1
927|637|1349|firefox|1
782|761|1423|chrome|1
789|341|1423|chrome|1
759|437|1349|firefox|1
947|22|1349|firefox|1
312|223|360|chrome|1
311|269|360|chrome|1
1040|20|1349|firefox|1
312|255|360|chrome|1
310|291|360|chrome|1
308|256|360|chrome|1
309|291|360|chrome|1
315|266|360|chrome|1
315|323|360|chrome|1
325|357|360|chrome|1
582|476|1583|chrome|1
869|370|1583|chrome|1
1217|615|1920|chrome|1
786|663|1423|chrome|1
777|568|1423|chrome|1
777|507|1423|chrome|1
773|428|1423|chrome|1
778|300|1423|chrome|1
786|652|1423|chrome|1
778|586|1423|chrome|1
776|523|1423|chrome|1
774|429|1423|chrome|1
781|371|1423|chrome|1
244|116|360|chrome|1
243|126|360|chrome|1
107|116|360|chrome|1
785|296|1423|chrome|1
947|714|1423|chrome|1
879|716|1423|chrome|1
217|471|360|chrome|1
311|487|360|chrome|1
495|269|870|chrome|1
799|453|1423|chrome|1
797|521|1423|chrome|1
776|720|1423|chrome|1
778|721|1423|chrome|1
351|916|1423|chrome|1
966|41|1423|chrome|1
1052|638|1663|chrome|1
1153|694|1663|chrome|1
1044|638|1663|chrome|1
1003|407|1663|chrome|1
1030|406|1663|chrome|1
995|408|1663|chrome|1
1035|411|1663|chrome|1
1005|406|1663|chrome|1
1036|406|1663|chrome|1
998|404|1663|chrome|1
1414|1106|1423|chrome|1
1001|407|1663|chrome|1
1190|224|1663|chrome|1
1047|636|1663|chrome|1
1018|18|1663|chrome|1
992|212|1663|chrome|1
1036|672|1349|chrome|1
877|515|1349|chrome|1
913|512|1349|chrome|1
882|506|1349|chrome|1
908|513|1349|chrome|1
978|510|1349|chrome|1
819|504|1349|chrome|1
903|509|1349|chrome|1
736|442|1349|chrome|1
745|504|1349|chrome|1
750|602|1349|chrome|1
762|448|1349|chrome|1
750|373|1349|chrome|1
1031|331|1349|chrome|1
999|522|1226|chrome|1
0|686|1226|chrome|1
1251|664|1903|firefox|1
1154|379|1903|firefox|1
855|644|1583|unknown|1
868|721|1583|unknown|1
869|721|1583|unknown|1
1184|377|1903|firefox|1
1154|374|1903|firefox|1
803|666|1226|chrome|1
1189|374|1903|firefox|1
829|661|1226|chrome|1
1302|193|1903|firefox|1
976|652|1226|chrome|1
976|652|1226|chrome|1
772|594|1226|chrome|1
1334|903|1903|firefox|1
815|589|1226|chrome|1
1015|631|1583|unknown|1
779|574|1226|chrome|1
969|409|1226|chrome|1
788|653|1226|chrome|1
807|659|1226|chrome|1
820|670|1226|chrome|1
797|668|1226|chrome|1
797|668|1226|chrome|1
479|1137|1226|chrome|1
823|657|1226|chrome|1
823|657|1226|chrome|1
893|640|1349|unknown|1
687|506|1226|chrome|1
275|51|1226|chrome|1
893|606|1349|chrome|1
926|635|1349|chrome|1
413|81|1226|chrome|1
887|643|1349|chrome|1
546|485|1349|chrome|1
756|456|1349|chrome|1
615|123|1349|chrome|1
374|56|1349|chrome|3
834|50|1349|chrome|3
749|356|1349|chrome|1
729|452|1349|chrome|1
421|50|1663|chrome|1
743|569|1349|chrome|1
669|551|768|safari|1
694|81|1903|chrome|1
1020|655|1903|firefox|1
884|612|1349|chrome|1
1029|664|1349|chrome|1
851|453|1349|chrome|1
802|452|1349|chrome|1
876|449|1349|chrome|1
815|444|1349|chrome|1
845|450|1349|chrome|1
871|449|1349|chrome|1
1025|506|1903|chrome|1
1026|509|1903|chrome|1
1175|643|1903|chrome|1
761|380|1349|chrome|1
869|28|1349|chrome|1
837|395|1349|chrome|1
806|462|1349|chrome|1
831|462|1349|chrome|1
1034|271|1349|chrome|1
883|726|1349|chrome|1
741|448|1300|chrome|1
726|525|1300|chrome|1
719|649|1300|chrome|1
720|304|1300|chrome|1
704|445|1300|chrome|1
1211|558|1349|chrome|1
1213|1153|1903|firefox|3
740|420|1300|chrome|1
732|559|1300|chrome|1
737|655|1300|chrome|1
726|361|1300|chrome|1
735|424|1300|chrome|1
692|500|1300|chrome|1
725|304|1300|chrome|1
839|668|1300|chrome|1
805|67|1300|chrome|1
1600|460|1903|firefox|1
736|566|1300|chrome|1
669|78|1903|firefox|1
742|296|1300|chrome|1
959|619|1349|chrome|1
833|621|1342|chrome|1
522|452|1342|chrome|1
542|82|1349|chrome|1
753|436|1349|chrome|1
752|353|1349|chrome|1
673|916|1265|chrome|1
294|897|1265|chrome|1
1044|901|1265|chrome|1
411|81|1265|chrome|1
1035|518|1903|chrome|1
1037|449|1903|chrome|1
1028|630|1903|chrome|1
544|216|1903|chrome|1
283|351|1903|chrome|1
967|9|1349|chrome|1
1139|915|1903|chrome|1
1234|643|1920|chrome|1
306|243|360|chrome|1
312|244|360|chrome|1
308|243|360|chrome|1
309|439|360|chrome|1
269|700|360|chrome|1
837|615|1324|chrome|1
849|456|1583|firefox|1
864|493|1583|firefox|1
879|287|1583|firefox|1
854|347|1569|safari|1
1131|388|1272|safari|1
1266|21|1918|chrome|1
1421|29|1918|chrome|1
876|436|1569|safari|1
858|505|1569|safari|1
1303|701|1918|chrome|1
862|571|1569|safari|1
848|653|1569|safari|1
856|723|1569|safari|1
856|719|1569|safari|1
861|508|1569|safari|1
859|594|1569|safari|1
863|677|1569|safari|1
859|720|1569|safari|1
1119|349|1918|chrome|1
199|434|1569|safari|1
1091|341|1918|chrome|1
1159|343|1918|chrome|1
1152|343|1918|chrome|1
1142|343|1918|chrome|1
1127|609|1569|safari|1
1504|299|1918|chrome|1
1374|924|1918|chrome|1
1287|19|1918|chrome|1
1315|669|1918|chrome|1
1120|342|1918|chrome|1
1145|349|1918|chrome|1
1131|349|1918|chrome|1
1095|349|1918|chrome|1
1122|348|1918|chrome|1
51|439|1349|chrome|1
1300|682|1918|chrome|1
1134|719|1918|chrome|1
1152|720|1918|chrome|1
1169|720|1918|chrome|1
1123|721|1918|chrome|1
1071|543|1349|chrome|1
748|584|1349|chrome|1
746|509|1349|chrome|1
746|447|1349|chrome|1
752|358|1349|chrome|1
753|279|1349|chrome|1
1149|705|1349|chrome|1
960|697|1349|chrome|1
921|399|1349|chrome|1
942|711|1349|chrome|1
1088|522|1349|chrome|1
479|498|1349|chrome|1
1083|663|1442|safari|1
987|356|1442|safari|1
861|595|1569|safari|1
852|513|1569|safari|1
1076|171|1442|safari|1
865|438|1569|safari|1
869|367|1569|safari|1
851|291|1569|safari|1
878|695|1272|safari|1
1256|506|1349|chrome|1
1059|682|1349|chrome|1
881|538|1349|chrome|1
808|535|1349|chrome|1
881|536|1349|chrome|1
907|532|1349|chrome|1
873|536|1349|chrome|1
896|536|1349|chrome|1
869|546|1349|chrome|1
902|538|1349|chrome|1
1029|355|1349|chrome|1
977|650|1349|chrome|1
808|688|1349|chrome|1
894|564|1349|chrome|1
886|570|1349|chrome|1
753|651|1349|chrome|1
751|671|1349|chrome|1
855|775|1349|chrome|1
743|582|1349|chrome|1
1265|551|1349|chrome|1
307|288|360|chrome|1
252|65|1349|chrome|1
747|620|1004|chrome|1
679|647|1008|chrome|1
616|375|768|safari|1
740|217|768|safari|1
641|509|768|safari|1
867|370|1569|safari|1
856|441|1569|safari|1
639|546|768|safari|1
853|520|1569|safari|1
857|600|1569|safari|1
865|648|1569|safari|1
836|668|1004|chrome|1
859|723|1569|safari|1
859|665|1569|safari|1
850|702|1569|safari|1
709|706|1004|chrome|1
856|700|1569|safari|1
853|700|1569|safari|1
856|719|1569|safari|1
855|511|1569|safari|1
864|290|1569|safari|1
869|361|1569|safari|1
651|571|768|safari|1
614|370|768|safari|1
850|516|1004|chrome|1
582|391|768|safari|1
761|195|768|safari|1
317|252|360|chrome|1
319|239|360|chrome|1
322|239|360|chrome|1
1236|241|1569|safari|1
323|396|360|chrome|1
325|340|360|chrome|1
877|493|1569|safari|1
869|439|1569|safari|1
328|440|360|chrome|1
326|490|360|chrome|1
327|528|360|chrome|1
858|350|1569|safari|1
867|437|1569|safari|1
320|201|360|chrome|1
210|326|360|chrome|3
727|617|1004|chrome|1
838|662|1004|chrome|1
857|358|1569|safari|1
856|375|1569|safari|1
862|439|1569|safari|1
871|510|1569|safari|1
860|591|1569|safari|1
855|662|1569|safari|1
856|724|1569|safari|1
855|675|1569|safari|1
860|297|1569|safari|1
862|444|1569|safari|1
860|264|1569|safari|1
858|249|1569|safari|1
543|22|1008|chrome|1
852|355|1569|safari|1
856|509|1569|safari|1
1163|740|1918|chrome|1
389|56|1349|chrome|3
294|83|1349|chrome|1
596|83|1349|chrome|3
396|83|1349|chrome|1
749|454|1349|chrome|1
854|378|1569|safari|1
748|356|1349|chrome|1
753|425|1349|chrome|1
870|361|1569|safari|1
865|455|1569|safari|1
929|20|1903|chrome|1
917|62|1903|chrome|1
933|90|1903|chrome|1
1017|58|1903|chrome|1
1090|693|1349|chrome|1
471|82|1349|chrome|1
742|499|1349|chrome|1
757|439|1349|chrome|1
1000|660|1349|chrome|1
813|460|1349|chrome|1
737|374|1349|chrome|1
893|672|1349|chrome|1
893|672|1349|chrome|1
691|30|1349|chrome|1
975|102|1349|chrome|1
492|17|1349|chrome|1
647|20|1349|chrome|1
629|56|1349|chrome|1
840|446|1349|chrome|1
656|22|1349|chrome|1
813|449|1349|chrome|1
632|86|1349|chrome|1
842|449|1349|chrome|1
561|121|1349|chrome|1
709|143|1349|chrome|1
954|26|1349|chrome|1
933|43|1349|chrome|1
668|18|1349|chrome|1
1023|273|1349|chrome|1
652|95|1349|chrome|1
706|141|1349|chrome|1
638|90|1349|chrome|1
638|90|1349|chrome|1
1086|661|1442|safari|1
659|19|1349|chrome|1
986|496|1442|safari|1
704|139|1349|chrome|1
928|38|1349|chrome|1
654|16|1349|chrome|1
633|137|1349|chrome|1
591|322|1349|chrome|1
1237|331|1442|safari|1
794|363|1349|chrome|1
1052|687|1442|safari|1
1079|175|1442|safari|1
1061|694|1442|safari|1
918|514|1442|safari|1
954|512|1442|safari|1
652|15|1349|chrome|1
644|55|1349|chrome|1
642|90|1349|chrome|1
642|96|1349|chrome|1
646|14|1349|chrome|1
1267|394|1442|safari|1
632|92|1349|chrome|1
572|115|1349|chrome|1
708|135|1349|chrome|1
928|33|1349|chrome|1
897|660|1349|chrome|1
94|381|360|chrome|3
329|280|360|chrome|1
308|254|360|chrome|1
322|282|360|chrome|1
322|268|360|chrome|1
321|310|360|chrome|1
314|359|360|chrome|1
324|376|360|chrome|1
225|299|360|chrome|1
324|502|360|chrome|1
325|508|360|chrome|1
321|580|360|chrome|1
321|487|360|chrome|1
254|268|360|chrome|3
239|279|360|chrome|3
1315|543|1918|chrome|1
1246|699|1903|chrome|1
1138|512|1903|chrome|1
1023|898|1263|chrome|1
704|577|1263|chrome|1
181|45|1263|chrome|1
721|650|1263|chrome|1
813|684|1263|chrome|1
1246|591|1903|chrome|1
1341|631|1903|chrome|1
1145|20|1903|chrome|1
1063|16|1903|chrome|1
664|48|1903|chrome|1
1333|631|1903|chrome|1
1134|16|1903|chrome|1
1100|87|1903|chrome|1
1113|234|1903|chrome|1
78|158|1349|chrome|1
467|56|1007|chrome|1
1335|636|1903|chrome|1
1342|630|1903|chrome|1
696|763|1263|chrome|1
92|404|1349|chrome|1
858|28|1349|firefox|1
854|21|1349|firefox|1
360|85|1263|chrome|1
822|218|1349|firefox|1
707|520|1263|chrome|1
695|587|1263|chrome|1
704|368|1263|chrome|1
70|26|320|safari|1
63|99|320|safari|1
61|140|320|safari|1
762|444|1349|chrome|1
760|378|1349|chrome|1
745|523|1349|chrome|1
719|18|1349|chrome|3
715|84|1583|firefox|1
849|384|1583|firefox|1
875|429|1583|firefox|1
870|612|1583|firefox|1
887|509|1583|firefox|1
868|719|1583|firefox|1
866|677|1583|firefox|1
870|704|1583|firefox|1
1149|910|1903|chrome|1
1022|431|1903|chrome|1
985|655|1349|chrome|1
861|576|1349|chrome|1
832|575|1349|chrome|1
869|581|1349|chrome|1
893|517|1008|firefox|1
1030|395|1349|chrome|1
644|612|1008|firefox|1
1037|695|1349|chrome|1
727|610|1008|firefox|1
857|663|1008|firefox|1
659|579|1008|firefox|1
1344|423|1349|chrome|1
1050|729|1349|chrome|1
899|29|1349|chrome|1
954|142|1349|chrome|1
376|26|1349|chrome|1
318|21|1349|chrome|1
394|16|1349|chrome|1
369|16|1349|chrome|1
369|16|1349|chrome|1
362|157|1349|chrome|1
1054|689|1442|safari|1
892|354|1442|safari|1
698|581|1008|firefox|1
673|578|1008|firefox|1
746|302|1349|chrome|1
750|451|1349|chrome|1
738|429|1349|chrome|1
750|586|1349|chrome|1
746|380|1349|chrome|1
233|388|1349|chrome|1
1078|882|1349|chrome|3
756|508|1349|chrome|1
756|555|1349|chrome|1
746|662|1349|chrome|1
746|719|1349|chrome|1
740|677|1349|chrome|1
721|225|1349|chrome|1
898|700|1349|chrome|1
750|597|1349|chrome|1
748|370|1349|chrome|1
746|445|1349|chrome|1
752|506|1349|chrome|1
767|362|1349|chrome|1
729|388|1349|chrome|1
750|470|1349|chrome|1
553|901|1853|chrome|3
0|408|1349|chrome|1
1014|365|1903|chrome|1
212|450|1903|chrome|1
1018|302|1903|chrome|1
104|385|1349|chrome|1
37|541|1349|chrome|1
747|378|1349|chrome|1
742|23|1349|chrome|1
752|430|1349|chrome|1
746|502|1349|chrome|1
739|591|1349|chrome|1
751|654|1349|chrome|1
1052|613|1583|chrome|1
756|380|1349|chrome|1
1086|643|1583|chrome|1
1085|611|1583|chrome|1
757|296|1349|chrome|1
1381|139|1442|safari|1
1020|21|1442|safari|1
1008|634|1349|chrome|1
1048|685|1349|chrome|1
913|491|1349|chrome|1
938|489|1349|chrome|1
913|492|1349|chrome|1
951|494|1349|chrome|1
906|493|1349|chrome|1
913|501|1349|chrome|1
878|489|1349|chrome|1
1023|312|1349|chrome|1
933|635|1349|chrome|1
371|218|1349|chrome|1
1261|23|1918|chrome|1
1284|686|1918|chrome|1
1311|169|1918|chrome|1
875|835|1349|chrome|1
784|474|1918|chrome|1
1040|358|1918|chrome|1
935|615|1349|chrome|1
879|654|1007|chrome|1
862|274|1007|chrome|1
710|601|1007|chrome|1
1056|618|1583|chrome|1
1262|27|1918|chrome|1
1274|61|1918|chrome|1
1418|21|1918|chrome|1
1090|639|1583|chrome|1
1082|612|1583|chrome|1
732|26|1663|chrome|1
1081|648|1583|chrome|1
1094|597|1583|chrome|1
1120|918|1903|chrome|3
743|446|1349|chrome|1
1008|659|1349|chrome|1
942|335|1349|chrome|1
1029|159|1349|chrome|1
980|614|1349|chrome|1
1095|619|1583|chrome|1
1081|640|1583|chrome|1
320|882|1349|chrome|1
1045|621|1583|chrome|1
515|963|1349|chrome|1
743|359|1349|chrome|1
745|650|1349|chrome|1
744|588|1349|chrome|1
750|494|1349|chrome|1
1268|14|1918|chrome|1
1410|18|1918|chrome|1
575|363|1007|chrome|1
585|440|1007|chrome|1
847|634|1349|chrome|1
876|673|1349|chrome|1
293|943|1349|chrome|1
336|55|1349|chrome|1
1288|652|1918|chrome|1
1322|171|1918|chrome|1
674|925|1349|chrome|1
1263|13|1918|chrome|1
378|54|1349|chrome|1
1293|661|1903|chrome|1
1252|402|1903|chrome|1
1210|407|1903|chrome|1
1305|219|1903|chrome|1
949|865|1903|chrome|1
1016|540|1903|chrome|1
1007|349|1903|chrome|1
416|81|1349|chrome|1
1009|608|1349|chrome|1
982|636|1349|chrome|1
1015|609|1349|chrome|1
921|608|1349|chrome|1
977|598|1349|chrome|1
849|619|1349|chrome|1
1248|24|1918|chrome|1
851|613|1349|chrome|1
1046|454|1918|chrome|1
1020|594|1918|chrome|1
1040|445|1918|chrome|1
1041|500|1918|chrome|1
857|635|1349|chrome|1
660|911|1349|chrome|1
1008|513|1918|chrome|1
1033|586|1918|chrome|1
1028|377|1918|chrome|1
676|981|1349|chrome|1
864|23|1349|chrome|1
1024|377|1903|chrome|1
1027|644|1903|chrome|1
832|394|1349|chrome|1
1035|607|1903|chrome|1
743|906|1903|chrome|1
928|931|1903|chrome|1
1024|280|1918|chrome|1
1372|814|1918|chrome|1
1307|25|1918|chrome|1
1029|363|1918|chrome|1
966|598|1349|chrome|1
1262|28|1918|chrome|1
1416|18|1918|chrome|1
1037|357|1918|chrome|1
970|604|1349|chrome|1
982|608|1349|chrome|1
1226|17|1918|chrome|1
1294|45|1918|chrome|1
1412|19|1918|chrome|1
1037|354|1918|chrome|1
965|614|1349|chrome|1
957|908|1903|chrome|1
1306|5|1918|chrome|1
581|341|1007|chrome|1
579|454|1007|chrome|1
582|513|1007|chrome|1
568|301|1007|chrome|1
866|942|1007|chrome|1
226|13|1007|chrome|1
645|19|1349|chrome|1
666|63|1349|chrome|1
196|181|1007|chrome|1
670|59|1349|chrome|1
727|144|1349|chrome|1
645|23|1349|chrome|1
665|57|1349|chrome|1
1033|381|1918|chrome|1
654|18|1349|chrome|1
659|122|1349|chrome|1
695|145|1349|chrome|1
1033|270|1918|chrome|1
856|21|1349|chrome|1
1333|658|1918|chrome|1
821|20|1349|chrome|1
437|20|1007|chrome|1
798|609|1007|chrome|1
800|645|1007|chrome|1
1312|170|1918|chrome|1
1317|163|1918|chrome|1
1305|24|1918|chrome|1
804|608|1007|chrome|1
799|635|1007|chrome|1
884|612|1349|chrome|1
1262|24|1918|chrome|1
1079|13|1442|safari|1
1312|660|1918|chrome|1
1326|172|1918|chrome|1
1268|10|1918|chrome|1
739|301|1349|firefox|1
1258|26|1918|chrome|1
1024|449|1918|chrome|1
1246|17|1918|chrome|1
1032|362|1918|chrome|1
1269|30|1918|chrome|1
1045|376|1918|chrome|1
1300|15|1918|chrome|1
758|385|1349|chrome|1
749|367|1349|chrome|1
1278|22|1918|chrome|1
900|631|1349|chrome|1
164|626|360|chrome|1
170|621|360|chrome|1
267|357|360|chrome|1
743|382|1349|chrome|1
751|446|1349|chrome|1
757|384|1349|chrome|1
757|268|1349|chrome|1
1041|363|1903|chrome|1
1030|515|1903|chrome|1
95|381|360|chrome|1
216|373|360|chrome|1
78|402|360|chrome|1
177|409|360|chrome|1
163|438|360|chrome|1
517|53|1903|chrome|1
319|485|360|chrome|1
1027|384|1918|chrome|1
306|515|360|chrome|1
318|555|360|chrome|1
293|729|360|chrome|1
1160|609|1903|chrome|1
1266|18|1918|chrome|1
1163|621|1903|chrome|1
1041|434|1918|chrome|1
320|316|360|chrome|1
313|340|360|chrome|1
312|328|360|chrome|1
317|321|360|chrome|1
315|370|360|chrome|1
768|84|1920|chrome|1
1017|422|1903|chrome|1
1333|513|1903|chrome|1
508|458|1287|chrome|1
721|518|1287|chrome|1
670|76|1903|chrome|1
1038|542|1287|chrome|1
708|665|1263|chrome|1
706|720|1263|chrome|1
702|246|1263|chrome|1
705|284|1263|chrome|1
751|353|1349|firefox|1
747|698|1349|firefox|1
748|724|1349|firefox|1
748|724|1349|firefox|1
748|724|1349|firefox|1
971|362|1263|chrome|1
798|392|1263|chrome|1
1008|532|1263|chrome|1
284|70|1349|chrome|1
1034|419|1903|chrome|1
747|370|1349|chrome|1
762|370|1349|chrome|1
745|386|1349|chrome|1
284|913|1349|chrome|1
737|375|1349|chrome|1
626|22|1349|chrome|1
1276|689|1899|chrome|1
1192|392|1899|chrome|1
1176|722|1263|chrome|1
286|412|1899|chrome|1
517|49|1899|chrome|1
1075|924|1349|firefox|1
1055|518|1349|chrome|1
760|381|1349|chrome|1
768|430|1349|chrome|1
765|509|1349|chrome|1
854|714|1345|chrome|1
765|573|1349|chrome|1
763|648|1349|chrome|1
745|724|1349|chrome|1
847|730|1345|chrome|1
752|664|1349|firefox|1
760|600|1349|firefox|1
760|557|1349|firefox|1
750|516|1349|firefox|1
752|477|1349|firefox|1
756|372|1349|firefox|1
304|236|320|safari|1
309|237|320|safari|1
307|248|320|safari|1
306|316|320|safari|1
307|237|320|safari|1
301|241|320|safari|1
307|277|320|safari|1
306|196|320|safari|1
299|208|320|safari|1
304|252|320|safari|1
300|427|320|safari|1
289|442|320|safari|1
289|304|320|safari|1
305|331|320|safari|1
298|436|320|safari|1
309|199|320|safari|1
304|232|320|safari|1
664|17|1349|chrome|1
708|51|1349|chrome|1
728|131|1349|chrome|1
665|88|1349|chrome|1
639|19|1349|chrome|1
649|86|1349|chrome|1
161|327|360|chrome|1
194|334|360|chrome|3
338|25|360|chrome|1
1002|29|1349|chrome|1
169|368|360|chrome|3
767|20|1583|chrome|1
757|66|1583|chrome|1
853|151|1583|chrome|1
578|529|1007|chrome|1
580|351|1007|chrome|1
587|295|1007|chrome|1
293|38|1583|chrome|1
958|16|1349|chrome|1
306|240|320|safari|1
302|241|320|safari|1
930|650|1349|chrome|1
466|78|1349|chrome|1
994|9|1349|chrome|1
1015|690|1253|firefox|1
193|617|320|safari|1
235|328|320|safari|1
205|366|320|safari|1
224|412|320|safari|1
209|444|320|safari|1
232|479|320|safari|1
482|80|1349|chrome|1
234|518|320|safari|1
197|598|320|safari|1
287|694|320|safari|1
303|21|320|safari|1
301|324|320|safari|1
303|325|320|safari|1
303|285|320|safari|1
308|322|320|safari|1
278|632|320|safari|1
1159|667|1583|chrome|1
1100|329|1583|chrome|1
1052|323|1583|chrome|1
1101|325|1583|chrome|1
1494|544|1583|chrome|1
746|579|1349|chrome|1
732|354|1349|chrome|1
783|50|1349|chrome|1
431|399|784|chrome|1
439|202|784|chrome|1
1158|667|1583|chrome|1
1090|718|1583|chrome|1
1231|506|1583|chrome|1
861|349|1349|chrome|1
791|53|1349|chrome|1
1280|661|1903|chrome|1
1185|390|1903|chrome|1
884|49|1175|chrome|1
665|672|1175|chrome|1
648|605|1175|chrome|1
899|673|1665|chrome|1
672|522|1175|chrome|1
533|53|1665|chrome|1
977|576|1175|chrome|1
940|484|1265|chrome|1
689|571|1265|chrome|1
1004|18|1349|chrome|1
837|457|1265|chrome|1
837|457|1265|chrome|1
837|457|1265|chrome|1
837|457|1265|chrome|1
805|446|1265|chrome|1
692|638|1265|chrome|1
704|715|1265|chrome|1
708|667|1265|chrome|1
576|1168|1349|chrome|1
692|571|1265|chrome|1
699|494|1265|chrome|1
704|434|1265|chrome|1
706|374|1265|chrome|1
708|314|1265|chrome|1
708|248|1265|chrome|1
1073|473|1265|chrome|1
801|637|1265|chrome|1
1057|542|1349|chrome|1
930|1048|1349|chrome|1
804|381|1440|chrome|1
711|368|1263|chrome|1
697|447|1263|chrome|1
953|910|1903|chrome|1
754|80|1903|chrome|1
1341|609|1903|chrome|1
1330|635|1903|chrome|1
1019|363|1903|chrome|1
1022|435|1903|chrome|1
714|368|1263|chrome|1
698|448|1263|chrome|1
714|520|1263|chrome|1
704|604|1263|chrome|1
706|652|1263|chrome|1
711|680|1263|chrome|1
1250|451|1350|chrome|1
493|534|1350|chrome|1
482|517|1350|chrome|1
705|368|1263|chrome|1
436|81|1263|chrome|1
715|379|1263|chrome|1
713|443|1263|chrome|1
708|514|1263|chrome|1
696|372|1263|chrome|1
702|422|1263|chrome|1
707|352|1263|chrome|1
718|435|1263|chrome|1
315|231|360|chrome|1
517|88|1263|chrome|1
344|23|360|chrome|1
173|66|360|chrome|1
344|23|360|chrome|1
339|24|360|chrome|1
730|443|1343|chrome|1
738|501|1343|chrome|1
764|436|1343|chrome|1
767|370|1343|chrome|1
753|282|1343|chrome|1
1329|349|1343|chrome|1
748|424|1349|chrome|1
954|22|1349|chrome|1
280|33|1349|chrome|3
749|293|1349|chrome|1
1059|663|1349|chrome|1
905|803|1349|chrome|1
1044|699|1349|chrome|1
911|366|1349|chrome|1
1010|661|1349|chrome|1
908|805|1349|chrome|1
1031|180|1349|chrome|1
279|52|1423|chrome|1
738|400|1343|chrome|1
751|372|1343|chrome|1
757|322|1343|chrome|1
1025|373|1343|chrome|1
306|250|320|chrome|1
296|294|320|chrome|1
305|292|320|chrome|1
304|289|320|chrome|1
296|289|320|chrome|1
411|119|1008|chrome|1
605|659|1008|chrome|1
584|508|1008|chrome|1
575|438|1008|chrome|1
90|716|320|safari|1
264|681|320|safari|1
753|429|1349|chrome|1
306|231|320|chrome|1
182|196|320|chrome|1
305|218|320|chrome|1
302|335|320|chrome|1
740|486|1349|chrome|1
304|227|320|chrome|3
305|324|320|chrome|1
301|416|320|chrome|1
501|941|1008|chrome|1
303|234|320|chrome|1
308|232|320|chrome|1
304|227|320|chrome|3
292|235|320|chrome|3
935|21|1343|chrome|1
954|15|1343|chrome|1
53|686|320|safari|1
260|23|320|safari|1
229|274|320|safari|1
571|502|1008|chrome|1
583|358|1008|chrome|1
984|661|1349|chrome|1
568|372|1008|chrome|1
1037|259|1349|chrome|1
919|658|1349|chrome|1
738|574|1349|chrome|1
752|642|1349|chrome|1
359|236|360|chrome|1
323|286|360|chrome|1
312|282|360|chrome|1
758|282|1349|chrome|1
314|289|360|chrome|1
320|281|360|chrome|1
315|366|360|chrome|1
852|14|1349|chrome|1
851|88|1349|chrome|1
724|442|1343|chrome|1
572|386|1008|chrome|1
743|659|1343|chrome|1
547|18|1349|chrome|1
584|505|1008|chrome|1
743|558|1343|chrome|1
735|501|1343|chrome|1
1008|525|1343|chrome|1
818|389|1008|chrome|1
684|414|1008|chrome|1
671|395|1008|chrome|1
1142|30|1903|chrome|1
1190|90|1903|chrome|1
1188|174|1903|chrome|1
750|60|1343|chrome|1
1138|17|1903|chrome|1
718|683|1008|chrome|1
318|327|1008|chrome|1
723|638|1008|chrome|1
755|644|1008|chrome|1
822|433|1008|chrome|1
893|550|1008|chrome|1
690|420|1008|chrome|1
746|456|1008|chrome|1
754|450|1008|chrome|1
777|471|1008|chrome|1
736|458|1008|chrome|1
821|564|1008|chrome|1
811|565|1008|chrome|1
732|738|1008|chrome|1
723|765|1008|chrome|1
698|732|1008|chrome|1
666|19|1008|chrome|1
653|60|1008|chrome|1
655|218|1008|chrome|1
356|215|1343|chrome|1
227|364|360|chrome|1
315|288|360|chrome|1
319|284|360|chrome|1
323|331|360|chrome|1
305|336|360|chrome|1
312|368|360|chrome|1
318|379|360|chrome|1
318|260|360|chrome|1
304|233|360|chrome|3
317|272|360|chrome|1
577|520|1007|chrome|1
650|16|1343|chrome|1
642|57|1343|chrome|1
639|66|1343|chrome|1
572|372|1007|chrome|1
890|614|1343|chrome|1
925|646|1343|chrome|1
756|357|1349|chrome|1
122|361|1349|chrome|1
887|612|1343|chrome|1
9|230|1349|chrome|1
847|697|1349|chrome|1
834|8|1007|chrome|1
1211|606|1349|chrome|1
859|54|1007|chrome|1
949|19|1007|chrome|1
893|679|1349|chrome|1
893|679|1349|chrome|1
890|688|1349|chrome|1
294|190|320|chrome|1
292|246|320|chrome|1
493|373|1349|chrome|1
775|21|1007|chrome|1
1190|633|1349|chrome|1
466|80|1343|chrome|1
661|16|1349|chrome|1
634|58|1349|chrome|1
891|613|1343|chrome|1
0|290|1343|chrome|1
930|640|1343|chrome|1
749|430|1349|chrome|1
1025|694|1349|chrome|1
737|295|1349|chrome|1
930|638|1343|chrome|1
23|437|1349|chrome|1
1013|599|1349|chrome|1
941|477|1349|chrome|1
979|654|1349|chrome|1
886|685|1349|chrome|1
976|471|1349|chrome|1
942|496|1349|chrome|1
845|691|1349|chrome|1
996|685|1349|chrome|3
910|691|1349|chrome|1
908|484|1349|chrome|1
943|491|1349|chrome|1
1224|560|1349|chrome|1
943|484|1349|chrome|1
913|484|1349|chrome|1
1025|689|1349|chrome|1
883|391|1349|chrome|1
839|389|1349|chrome|1
875|399|1349|chrome|1
898|642|1349|chrome|1
939|483|1349|chrome|1
1030|296|1349|chrome|1
917|396|1349|chrome|1
982|489|1349|chrome|1
975|506|1349|chrome|1
883|642|1349|chrome|1
1032|313|1349|chrome|1
879|399|1349|chrome|1
1027|214|1349|chrome|1
982|645|1349|chrome|1
1020|686|1349|chrome|1
901|393|1349|chrome|1
887|642|1349|chrome|1
870|396|1349|chrome|1
893|396|1349|chrome|1
904|396|1349|chrome|1
882|396|1349|chrome|1
902|396|1349|chrome|1
884|400|1349|chrome|1
913|393|1349|chrome|1
862|19|1349|chrome|1
888|396|1349|chrome|1
809|1428|1349|chrome|1
906|397|1349|chrome|1
1236|1167|1349|chrome|1
1010|613|1349|chrome|1
884|400|1349|chrome|1
864|22|1349|chrome|1
828|302|1349|chrome|1
1016|675|1349|chrome|1
298|297|320|chrome|1
1030|217|1349|chrome|1
951|491|1349|chrome|1
294|286|320|chrome|1
302|278|320|chrome|1
301|283|320|chrome|1
290|287|320|chrome|3
290|278|320|chrome|1
296|292|320|chrome|3
293|437|320|chrome|1
293|437|320|chrome|1
1072|402|1349|chrome|1
901|603|1349|chrome|1
308|23|320|chrome|1
736|360|1349|chrome|1
761|441|1349|chrome|1
1046|947|1349|chrome|1
758|297|1349|chrome|1
760|516|1349|chrome|1
742|289|1349|chrome|1
1024|660|1349|chrome|1
950|400|1349|chrome|1
967|401|1349|chrome|1
979|404|1349|chrome|1
1039|692|1349|chrome|1
1034|222|1349|chrome|1
1024|329|1349|chrome|1
1027|313|1349|chrome|1
1012|695|1349|chrome|1
873|513|1349|chrome|1
908|662|1349|chrome|1
505|270|1349|chrome|1
298|334|320|chrome|1
499|263|1349|chrome|1
911|520|1349|chrome|1
875|512|1349|chrome|1
300|336|320|chrome|1
1032|329|1349|chrome|1
897|635|1349|chrome|1
293|330|320|chrome|1
300|285|320|chrome|1
297|281|320|chrome|1
299|325|320|chrome|1
290|335|320|chrome|1
294|439|320|chrome|1
296|285|320|chrome|1
1010|688|1349|chrome|1
894|508|1007|chrome|1
910|405|1349|chrome|1
1032|214|1349|chrome|1
973|633|1349|chrome|1
601|590|1007|chrome|1
569|635|1007|chrome|1
572|311|1007|chrome|1
831|684|1007|chrome|3
317|230|360|safari|1
309|241|360|safari|1
328|284|360|safari|1
311|448|360|safari|1
328|231|360|safari|1
548|575|1506|msie|1
317|241|360|safari|1
811|684|1007|chrome|3
809|685|1007|chrome|1
672|556|1007|chrome|1
642|552|1007|chrome|1
660|555|1007|chrome|1
643|552|1007|chrome|1
701|542|1007|chrome|1
799|557|1007|chrome|1
645|556|1007|chrome|1
854|372|1007|chrome|1
78|362|1349|chrome|1
142|247|1349|chrome|1
79|253|1349|chrome|1
420|530|1260|chrome|1
713|637|1260|chrome|1
44|310|1349|chrome|1
703|567|1260|chrome|1
709|440|1260|chrome|1
970|638|1349|chrome|1
1010|685|1349|chrome|1
908|5|1260|chrome|1
901|377|1349|chrome|1
694|458|1260|chrome|1
509|78|1260|chrome|1
568|570|1506|msie|1
697|368|1260|chrome|1
586|131|1260|chrome|1
940|377|1349|chrome|1
974|374|1349|chrome|1
954|372|1349|chrome|1
319|313|360|chrome|1
971|374|1349|chrome|1
942|369|1349|chrome|1
313|316|360|chrome|1
316|270|360|chrome|1
967|372|1349|chrome|1
324|270|360|chrome|1
1029|195|1349|chrome|1
696|463|1260|chrome|1
1041|682|1349|chrome|1
313|311|360|chrome|1
1028|194|1349|chrome|1
324|313|360|chrome|1
722|378|1349|chrome|1
316|317|360|chrome|1
749|298|1349|chrome|1
1121|490|1349|chrome|1
1050|630|1349|chrome|1
793|619|1260|chrome|1
571|500|1260|chrome|1
724|501|1260|chrome|1
709|532|1260|chrome|1
725|574|1260|chrome|1
814|743|1260|chrome|1
877|655|1260|chrome|1
1153|500|1349|chrome|1
1021|659|1349|chrome|1
854|604|1260|chrome|1
935|446|1349|chrome|1
1025|272|1349|chrome|1
926|602|1349|chrome|1
949|637|1349|chrome|1
714|515|1260|chrome|1
695|435|1260|chrome|1
687|307|1260|chrome|1
1169|520|1349|chrome|1
1011|690|1349|chrome|1
917|402|1349|chrome|1
1081|648|1583|chrome|1
1094|602|1583|chrome|1
1053|624|1583|chrome|1
931|408|1349|chrome|1
867|408|1349|chrome|1
788|520|1423|chrome|1
912|415|1349|chrome|1
781|448|1423|chrome|1
783|591|1423|chrome|1
792|639|1423|chrome|1
953|421|1349|chrome|1
973|644|1349|chrome|1
770|589|1423|chrome|1
1022|229|1349|chrome|1
1020|639|1349|chrome|1
878|913|1349|chrome|1
794|297|1423|chrome|1
962|698|1349|chrome|1
1030|202|1349|chrome|1
893|646|1349|chrome|1
1037|650|1349|chrome|1
945|535|1349|chrome|1
982|528|1349|chrome|1
1030|344|1349|chrome|1
1058|614|1349|chrome|1
1126|468|1349|chrome|1
1000|643|1349|chrome|1
1054|631|1349|chrome|1
1053|609|1349|chrome|1
621|651|1135|chrome|1
635|662|1135|chrome|1
640|664|1135|chrome|1
895|631|1260|chrome|1
648|345|1135|chrome|1
968|657|1260|chrome|1
304|368|320|chrome|1
905|693|1349|chrome|1
885|684|1349|chrome|1
857|689|1349|chrome|1
887|698|1349|chrome|1
939|625|1349|chrome|1
914|355|1349|chrome|1
327|283|360|chrome|1
869|687|1349|chrome|1
874|682|1349|chrome|1
874|682|1349|chrome|1
323|279|360|chrome|1
874|681|1349|chrome|1
166|320|360|chrome|1
719|464|1263|chrome|1
939|649|1349|chrome|1
709|356|1263|chrome|1
789|425|1260|chrome|1
915|319|1349|chrome|1
65|28|320|chrome|1
895|633|1349|chrome|1
827|423|1260|chrome|1
908|426|1349|chrome|1
794|426|1260|chrome|1
123|23|320|chrome|1
207|67|1263|chrome|1
70|27|320|chrome|1
757|427|1260|chrome|1
249|14|320|chrome|1
214|35|320|chrome|1
222|21|320|chrome|1
796|424|1260|chrome|1
722|429|1263|chrome|1
710|386|1263|chrome|1
839|425|1260|chrome|1
703|719|1263|chrome|1
721|651|1263|chrome|1
695|599|1263|chrome|1
712|516|1263|chrome|1
1074|448|1260|chrome|1
710|717|1263|chrome|1
710|720|1263|chrome|1
710|720|1263|chrome|1
840|831|1263|chrome|1
700|722|1263|chrome|1
704|688|1263|chrome|1
706|599|1263|chrome|1
722|498|1263|chrome|1
585|85|1263|chrome|1
709|522|1260|chrome|1
701|364|1263|chrome|1
698|571|1263|chrome|1
709|449|1263|chrome|1
708|390|1263|chrome|1
702|722|1263|chrome|1
700|321|1260|chrome|1
848|633|1260|chrome|1
707|500|1263|chrome|1
717|678|1263|chrome|1
697|599|1263|chrome|1
702|720|1263|chrome|1
716|685|1263|chrome|1
704|475|1263|chrome|1
718|574|1263|chrome|1
706|514|1263|chrome|1
502|84|1263|chrome|1
742|521|1343|unknown|1
734|584|1343|unknown|1
748|383|1343|unknown|1
583|309|1007|firefox|1
580|366|1007|firefox|1
576|466|1007|firefox|1
691|378|1263|chrome|1
882|620|1343|unknown|1
888|642|1343|unknown|1
571|360|1007|firefox|1
744|452|1343|unknown|1
471|85|1343|chrome|1
567|459|1007|firefox|1
792|432|1423|chrome|1
786|299|1423|chrome|1
1016|663|1423|chrome|1
1071|328|1423|chrome|1
748|344|1343|unknown|1
588|349|1007|firefox|1
549|82|1343|unknown|1
1216|156|1349|chrome|1
886|610|1343|unknown|1
319|314|360|chrome|1
312|316|360|chrome|1
319|316|360|chrome|1
308|318|360|chrome|1
311|318|360|chrome|1
321|362|360|chrome|1
317|364|360|chrome|3
308|316|360|chrome|1
313|422|360|chrome|1
313|425|360|chrome|1
311|282|360|chrome|1
736|368|1349|chrome|1
318|392|360|chrome|1
753|266|1349|chrome|1
317|317|360|chrome|1
316|324|360|chrome|1
171|297|360|chrome|1
316|317|360|chrome|1
317|319|360|chrome|1
546|84|1343|unknown|1
740|346|1349|chrome|1
752|289|1349|chrome|1
733|298|1349|chrome|1
521|960|1343|chrome|3
495|849|1343|chrome|1
741|356|1349|chrome|1
1013|575|1903|chrome|1
274|629|320|unknown|1
306|678|320|unknown|1
1027|380|1903|chrome|1
244|835|320|unknown|1
1191|664|1903|chrome|1
939|17|1903|chrome|1
989|20|1903|chrome|1
1095|93|1903|chrome|1
1002|146|1903|chrome|1
1001|19|1903|chrome|1
813|12|1260|chrome|1
244|396|320|unknown|1
252|680|320|unknown|1
751|447|1349|chrome|1
280|775|320|unknown|1
283|56|1260|chrome|1
174|797|320|unknown|1
298|797|320|unknown|1
138|799|320|unknown|1
172|797|320|unknown|1
741|384|1349|chrome|1
216|789|320|unknown|1
744|301|1349|chrome|1
288|878|320|unknown|1
282|562|320|unknown|1
274|462|320|unknown|1
292|564|320|unknown|1
204|1201|320|unknown|1
998|647|1343|chrome|1
114|799|320|unknown|1
212|798|320|unknown|1
290|828|320|unknown|1
318|315|320|unknown|1
248|450|320|unknown|1
232|773|320|unknown|1
236|847|320|unknown|1
268|1015|320|unknown|1
222|504|320|unknown|1
244|478|320|unknown|1
266|714|320|unknown|1
28|74|320|unknown|1
232|356|320|unknown|1
220|1469|320|unknown|1
1168|603|1903|chrome|1
974|610|1343|chrome|1
1154|693|1903|chrome|1
1161|612|1903|chrome|1
211|59|1279|chrome|1
1127|22|1583|firefox|1
19|420|1349|chrome|1
577|379|1007|chrome|1
707|426|1263|chrome|1
696|300|1263|chrome|1
580|434|1007|chrome|1
578|590|1007|chrome|1
579|652|1007|chrome|1
97|885|1349|chrome|1
572|665|1007|chrome|1
588|704|1007|chrome|1
710|621|1007|chrome|1
702|653|1007|chrome|1
918|688|1349|chrome|1
1240|383|1349|chrome|1
658|21|1349|chrome|1
728|21|1349|chrome|1
717|19|1349|chrome|1
695|19|1349|chrome|1
754|516|1349|firefox|1
50|400|1349|firefox|1
189|374|768|safari|1
756|309|1349|firefox|1
678|552|768|safari|1
657|410|768|safari|1
623|408|768|safari|1
657|411|768|safari|1
693|410|768|safari|1
2|486|768|safari|1
155|205|1349|chrome|1
428|420|768|safari|1
672|510|768|safari|1
1137|414|1349|chrome|1
1133|620|1349|chrome|1
754|506|1349|chrome|1
760|586|1349|chrome|1
767|676|1349|chrome|1
753|723|1349|chrome|1
794|173|1349|chrome|1
366|218|1349|chrome|1
720|444|1349|firefox|1
1000|689|1349|chrome|1
839|447|1349|chrome|1
873|458|1349|chrome|1
1029|277|1349|chrome|1
973|666|1349|chrome|1
871|370|1349|chrome|1
0|531|1349|chrome|1
890|615|1423|chrome|1
923|445|1423|chrome|1
768|400|1423|chrome|1
893|645|1423|chrome|1
969|39|1423|chrome|1
998|692|1423|chrome|1
996|654|1423|chrome|1
309|313|320|chrome|1
292|315|320|chrome|1
1029|188|1349|chrome|1
67|639|320|safari|1
167|345|320|safari|1
300|192|320|safari|1
296|240|320|safari|1
301|290|320|safari|1
300|283|320|safari|1
299|282|320|safari|1
300|432|320|safari|1
295|336|320|safari|1
237|322|320|safari|1
241|306|320|safari|1
234|255|360|chrome|1
32|42|320|safari|1
105|245|360|chrome|1
61|22|320|safari|1
64|25|320|safari|1
317|21|320|chrome|1
305|44|320|chrome|1
316|21|320|chrome|1
315|25|320|chrome|1
183|287|320|chrome|1
105|111|320|safari|1
317|27|320|chrome|1
312|21|320|chrome|1
906|663|1349|chrome|1
658|18|1349|chrome|1
700|141|1349|chrome|1
933|41|1349|chrome|1
649|25|1349|chrome|1
664|61|1349|chrome|1
677|88|1349|chrome|1
674|114|1349|chrome|1
699|133|1349|chrome|1
925|40|1349|chrome|1
1344|593|1349|chrome|1
1046|663|1423|chrome|1
294|265|320|chrome|1
301|260|320|chrome|1
298|283|320|chrome|1
884|505|1423|chrome|1
300|268|320|chrome|1
301|312|320|chrome|1
303|449|320|chrome|1
293|363|320|chrome|1
316|300|320|safari|1
1068|324|1423|chrome|1
212|661|320|safari|1
68|599|320|safari|1
32|411|1349|firefox|1
67|644|320|safari|1
744|368|1349|chrome|1
897|611|1349|chrome|1
744|450|1349|chrome|1
921|487|1349|chrome|1
745|518|1349|chrome|1
745|577|1349|chrome|1
747|647|1349|chrome|1
757|431|1349|chrome|1
755|368|1349|chrome|1
901|54|1349|chrome|1
1029|924|1665|chrome|1
252|685|320|safari|1
1201|964|1665|chrome|1
234|47|1349|chrome|3
314|346|320|safari|1
761|445|1349|chrome|1
750|508|1349|chrome|1
44|34|320|safari|1
779|439|1423|chrome|1
63|20|320|safari|1
252|17|320|safari|1
242|268|320|safari|1
255|20|320|safari|1
796|386|1423|chrome|1
725|379|1349|chrome|1
112|108|320|safari|1
775|367|1423|chrome|1
758|641|1343|chrome|1
873|686|1343|chrome|1
894|726|1343|chrome|1
837|722|1343|chrome|1
757|284|1349|chrome|1
989|25|1423|chrome|1
121|2022|1349|chrome|1
760|385|1349|firefox|1
758|443|1349|firefox|1
762|381|1349|firefox|1
582|130|1343|chrome|1
65|23|320|safari|1
1100|905|1349|chrome|3
149|88|320|safari|1
232|692|320|safari|1
71|747|320|safari|1
1199|316|1263|chrome|1
1062|545|1349|firefox|1
1035|841|1349|firefox|1
982|567|1349|firefox|1
1029|381|1349|firefox|1
421|280|768|safari|1
426|270|768|safari|1
67|1452|768|safari|1
188|217|1240|safari|1
897|921|1349|firefox|1
820|510|1240|safari|3
1065|635|1349|firefox|1
788|885|1240|safari|1
168|630|1240|safari|3
90|845|1240|safari|1
495|86|1240|safari|1
627|413|1240|safari|3
459|938|1240|safari|1
427|912|1240|safari|1
427|392|1240|safari|3
646|272|1240|safari|3
741|656|1349|firefox|1
369|1350|1240|safari|1
737|588|1349|firefox|1
742|512|1349|firefox|1
599|79|1349|firefox|1
785|372|1263|chrome|1
938|577|1240|safari|1
426|293|768|safari|1
384|885|1240|safari|1
513|514|768|safari|1
832|860|1240|safari|1
991|64|1024|safari|1
508|510|768|safari|1
274|1001|1240|safari|1
710|573|768|safari|1
442|899|600|chrome|1
551|377|768|safari|1
748|200|768|safari|1
507|512|768|safari|1
508|528|768|safari|1
