820|285|1519|chrome|1
848|442|1519|chrome|1
832|377|1519|chrome|1
830|432|1519|chrome|1
0|321|1349|chrome|1
738|519|1339|chrome|1
718|320|1339|chrome|1
831|632|1339|chrome|1
888|724|1339|chrome|1
1003|907|1339|chrome|1
733|299|1349|chrome|1
745|314|1349|chrome|1
440|254|768|safari|1
720|437|768|safari|1
387|77|1343|chrome|1
358|212|1349|chrome|1
120|658|320|unknown|1
212|274|320|unknown|1
124|673|320|unknown|1
131|693|320|unknown|1
127|690|320|unknown|1
119|606|320|unknown|1
1048|665|1343|chrome|1
0|0|1024|unknown|1
0|0|1024|unknown|1
830|543|1343|chrome|1
814|544|1343|chrome|1
1024|360|1343|chrome|1
66|61|1007|chrome|1
132|700|320|unknown|1
135|698|320|unknown|1
698|18|1349|chrome|1
309|651|320|unknown|1
72|909|320|unknown|1
113|919|320|unknown|1
120|698|320|unknown|1
121|664|320|unknown|1
124|661|320|unknown|1
1195|426|1349|chrome|1
774|512|1349|chrome|1
766|454|1349|chrome|1
751|427|1349|chrome|1
760|362|1349|chrome|1
998|719|1349|chrome|1
856|643|1349|chrome|1
710|14|1349|chrome|1
710|23|1349|chrome|1
755|450|1349|chrome|1
753|376|1349|chrome|1
743|642|1349|chrome|1
757|374|1349|chrome|1
729|354|1349|chrome|1
747|355|1349|chrome|1
747|470|1349|chrome|1
755|546|1349|chrome|1
893|613|1349|chrome|1
866|663|1349|chrome|1
891|655|1349|chrome|1
879|722|1349|chrome|1
867|417|1349|chrome|1
495|181|1349|chrome|1
58|33|320|safari|1
33|65|320|safari|1
736|570|1343|chrome|1
760|425|1343|chrome|1
741|302|1343|chrome|1
986|21|1343|chrome|1
744|455|1349|chrome|1
920|629|1349|chrome|1
980|629|1349|chrome|1
385|57|1349|chrome|1
686|942|1349|chrome|3
930|632|1349|chrome|1
893|645|1349|chrome|1
1021|628|1349|chrome|1
917|335|1349|chrome|1
1057|641|1349|chrome|1
1054|640|1349|chrome|1
686|119|1349|chrome|1
742|376|1349|chrome|1
760|355|1349|chrome|1
741|637|1349|chrome|1
1021|642|1349|chrome|1
1181|646|1920|chrome|1
921|374|1349|chrome|1
1034|718|1349|chrome|1
734|415|1349|chrome|1
594|398|1920|chrome|1
1067|614|1349|chrome|1
736|513|1343|chrome|1
1065|638|1349|chrome|1
739|367|1349|chrome|1
748|274|1349|chrome|1
741|355|1349|chrome|1
756|579|1349|chrome|1
743|686|1349|chrome|1
750|586|1349|chrome|1
750|569|1349|chrome|1
757|362|1349|chrome|1
991|686|1349|chrome|1
1035|271|1349|chrome|1
1013|660|1349|chrome|1
1029|171|1349|chrome|1
739|434|1349|chrome|1
750|572|1349|chrome|1
744|514|1349|chrome|1
1221|573|1349|chrome|1
1028|667|1349|chrome|1
1037|268|1349|chrome|1
999|694|1349|chrome|1
839|451|1349|chrome|1
800|450|1349|chrome|1
844|453|1349|chrome|1
1034|272|1349|chrome|1
990|690|1349|chrome|1
982|688|1349|chrome|1
836|448|1349|chrome|1
844|461|1349|chrome|1
1001|653|1349|chrome|1
848|357|1349|chrome|1
1026|166|1349|chrome|1
1038|659|1349|chrome|1
840|351|1349|chrome|1
993|665|1349|chrome|1
951|549|1349|chrome|1
970|542|1349|chrome|1
936|542|1349|chrome|1
987|536|1349|chrome|1
1028|367|1349|chrome|1
243|218|1349|chrome|1
740|489|1349|chrome|1
769|441|1349|chrome|1
753|386|1349|chrome|1
726|440|1349|chrome|1
1052|616|1440|chrome|1
860|346|1583|chrome|1
878|444|1583|chrome|1
875|493|1583|chrome|1
866|555|1583|chrome|1
861|637|1583|chrome|1
866|721|1583|chrome|1
869|647|1583|chrome|1
862|375|1583|chrome|1
863|522|1583|chrome|1
862|583|1583|chrome|1
861|287|1583|chrome|1
994|613|1583|chrome|1
1035|418|1583|chrome|1
728|425|1349|chrome|1
744|383|1349|chrome|1
1012|625|1349|chrome|1
867|430|1583|chrome|1
860|377|1583|chrome|1
859|439|1583|chrome|1
859|507|1583|chrome|1
860|316|1583|chrome|1
1018|641|1583|chrome|1
969|618|1583|chrome|1
867|439|1583|chrome|1
863|504|1583|chrome|1
871|371|1583|chrome|1
869|453|1583|chrome|1
870|439|1583|chrome|1
858|366|1583|chrome|1
865|364|1583|chrome|1
865|443|1583|chrome|1
866|506|1583|chrome|1
870|587|1583|chrome|1
808|460|1349|chrome|1
1033|275|1349|chrome|1
1039|168|1349|chrome|1
1041|658|1349|chrome|1
1031|272|1349|chrome|1
806|455|1349|chrome|1
986|672|1349|chrome|3
977|692|1349|chrome|1
1034|267|1349|chrome|1
755|391|1349|chrome|1
1006|659|1349|chrome|1
1027|171|1349|chrome|1
764|371|1349|chrome|1
751|435|1349|chrome|1
750|283|1349|chrome|1
1012|672|1349|chrome|1
1030|171|1349|chrome|1
998|666|1349|chrome|1
1033|271|1349|chrome|1
663|901|1349|chrome|1
893|641|1349|chrome|1
755|513|1349|chrome|1
624|485|1583|chrome|1
195|604|1583|chrome|1
30|450|1583|chrome|1
759|370|1349|chrome|1
1028|684|1349|chrome|1
214|283|320|chrome|1
846|549|1349|chrome|1
1029|372|1349|chrome|1
988|690|1349|chrome|1
1031|170|1349|chrome|1
992|662|1349|chrome|1
1027|170|1349|chrome|1
804|253|1349|chrome|1
1051|253|1349|chrome|1
1024|691|1349|chrome|1
1030|374|1349|chrome|1
1172|639|1583|chrome|1
745|641|1349|chrome|1
748|367|1349|chrome|1
1184|385|1583|firefox|1
975|403|1583|firefox|1
753|375|1349|chrome|1
752|345|1349|chrome|1
745|367|1349|chrome|1
294|23|320|chrome|1
751|433|1349|chrome|1
749|504|1349|chrome|1
433|88|1349|chrome|1
264|689|320|chrome|1
460|390|528|chrome|1
445|404|528|chrome|1
466|270|528|chrome|1
36|789|320|chrome|1
71|780|320|chrome|1
67|779|320|chrome|1
456|187|528|chrome|1
755|22|768|safari|1
458|421|528|chrome|1
460|325|528|chrome|1
457|340|528|chrome|1
23|772|320|chrome|1
139|782|320|chrome|1
27|779|320|chrome|1
106|780|320|chrome|1
854|607|1263|chrome|1
756|573|1348|safari|1
405|1|1348|safari|1
756|370|1349|chrome|1
755|449|1349|chrome|1
747|503|1349|chrome|1
747|650|1349|chrome|1
749|719|1349|chrome|1
753|661|1349|chrome|1
758|451|1349|chrome|1
247|444|320|safari|1
748|528|1349|chrome|1
752|612|1349|chrome|1
752|378|1349|chrome|1
745|241|1349|chrome|1
743|246|1349|chrome|1
743|293|1349|chrome|1
381|47|1583|chrome|1
648|18|1263|chrome|1
710|367|1263|chrome|1
67|785|320|chrome|1
715|367|1263|chrome|1
741|651|1349|chrome|1
751|576|1349|chrome|1
753|517|1349|chrome|1
28|779|320|chrome|1
753|365|1349|chrome|1
577|372|1007|chrome|1
580|432|1007|chrome|1
245|421|320|chrome|1
245|425|320|chrome|1
207|779|320|chrome|1
181|777|320|chrome|1
140|780|320|chrome|1
204|777|320|chrome|1
39|779|320|chrome|1
61|782|320|chrome|1
582|438|1007|chrome|1
689|891|1007|chrome|1
588|433|1007|chrome|1
576|366|1007|chrome|1
104|775|320|chrome|1
583|364|1007|chrome|3
783|371|1007|chrome|1
71|780|320|chrome|1
953|312|1007|chrome|1
575|494|1007|chrome|1
1005|4|1343|chrome|1
588|444|1007|chrome|1
572|721|1007|chrome|1
572|721|1007|chrome|1
574|243|1007|chrome|1
574|245|1007|chrome|1
574|245|1007|chrome|1
571|356|1007|chrome|1
257|409|1007|chrome|3
0|498|1007|chrome|1
387|455|1007|chrome|1
101|778|320|chrome|1
36|780|320|chrome|1
71|780|320|chrome|1
1086|486|1349|chrome|1
1060|543|1349|chrome|1
753|654|1349|chrome|1
346|24|360|chrome|1
964|688|1349|chrome|1
912|434|1349|chrome|1
265|28|360|chrome|1
752|421|1349|chrome|1
763|511|1349|chrome|1
424|222|1349|chrome|1
1032|14|1349|chrome|1
1053|538|1349|chrome|1
754|380|1349|chrome|1
27|780|320|chrome|1
908|721|1349|chrome|1
873|724|1349|chrome|1
47|790|320|chrome|1
878|730|1349|chrome|1
926|647|1349|chrome|1
916|261|1349|chrome|1
891|723|1349|chrome|1
789|180|1349|chrome|1
657|13|1349|chrome|1
656|25|1349|chrome|1
655|22|1349|chrome|1
649|63|1349|chrome|1
653|93|1349|chrome|1
711|135|1349|chrome|1
81|780|320|chrome|1
23|256|1079|chrome|1
873|717|1349|chrome|1
618|720|1079|chrome|1
618|720|1079|chrome|1
618|720|1079|chrome|1
618|720|1079|chrome|1
618|717|1079|chrome|1
618|717|1079|chrome|1
618|717|1079|chrome|1
618|717|1079|chrome|1
618|717|1079|chrome|1
17|221|1079|chrome|1
2|125|1079|chrome|1
326|272|360|chrome|1
321|412|360|chrome|1
56|24|360|chrome|1
71|17|360|chrome|1
344|20|360|chrome|1
263|73|360|chrome|1
319|287|360|chrome|1
311|281|360|chrome|1
324|246|360|chrome|1
212|330|360|chrome|1
320|308|360|chrome|1
326|347|360|chrome|1
328|440|360|chrome|1
325|343|360|chrome|1
324|258|360|chrome|1
326|304|360|chrome|1
320|338|360|chrome|1
320|251|360|chrome|3
308|237|360|chrome|1
321|336|360|chrome|1
233|414|360|chrome|1
218|369|360|chrome|3
613|244|1079|chrome|1
914|358|1663|chrome|1
907|729|1663|chrome|1
760|425|1349|chrome|1
1025|669|1349|chrome|1
983|402|1349|chrome|1
1030|227|1349|chrome|1
991|662|1349|chrome|1
935|393|1349|chrome|1
981|404|1349|chrome|1
1027|230|1349|chrome|1
223|211|1349|chrome|1
357|214|1349|chrome|1
789|438|1440|chrome|1
413|212|1349|chrome|1
752|585|1349|chrome|1
237|212|1349|chrome|1
187|293|320|safari|1
159|296|320|safari|1
159|296|320|safari|1
1013|440|1903|chrome|1
1026|528|1903|chrome|1
1669|362|1903|chrome|1
990|650|1349|chrome|1
1289|660|1903|chrome|1
1002|695|1349|chrome|1
934|488|1349|chrome|1
1181|414|1903|chrome|1
1264|412|1903|chrome|1
1079|403|1903|chrome|1
1127|411|1903|chrome|1
1156|411|1903|chrome|1
1177|406|1903|chrome|1
1033|307|1349|chrome|1
1223|409|1903|chrome|1
1255|416|1903|chrome|1
1221|415|1903|chrome|1
858|20|1349|chrome|1
793|120|1349|chrome|1
823|208|1349|chrome|1
862|19|1349|chrome|1
825|212|1349|chrome|1
1186|414|1903|chrome|1
1182|416|1903|chrome|1
1309|228|1903|chrome|1
1210|603|1903|chrome|1
795|414|1903|chrome|1
795|449|1903|chrome|1
538|85|1349|chrome|1
772|447|1903|chrome|1
751|451|1349|chrome|1
934|478|1903|chrome|1
1162|478|1903|chrome|1
1171|445|1903|chrome|1
1156|651|1903|chrome|1
996|397|1903|chrome|1
1211|627|1903|chrome|1
835|410|1903|chrome|1
903|454|1903|chrome|1
939|478|1903|chrome|1
474|83|1349|chrome|1
1161|452|1903|chrome|1
761|460|1349|chrome|1
1165|477|1903|chrome|1
1029|405|1903|chrome|1
752|715|1349|chrome|1
752|715|1349|chrome|1
746|312|1349|chrome|1
1152|659|1903|chrome|1
743|430|1349|chrome|1
745|381|1349|chrome|1
670|914|1349|chrome|1
537|914|1349|chrome|1
538|86|1349|chrome|1
854|626|1349|chrome|1
919|484|1349|chrome|1
927|652|1349|chrome|1
1016|697|1349|chrome|1
1023|657|1349|chrome|1
909|536|1349|chrome|1
422|339|768|safari|1
426|404|768|safari|1
434|481|768|safari|1
1025|203|1349|chrome|1
1051|683|1349|chrome|1
1287|143|1287|chrome|1
689|582|768|safari|1
860|614|1287|chrome|1
548|402|768|safari|1
742|224|768|safari|1
184|346|768|safari|1
422|264|768|safari|1
1034|196|1349|chrome|1
416|393|768|safari|1
418|270|768|safari|1
862|680|1287|chrome|1
876|681|1287|chrome|1
523|15|1287|chrome|1
451|23|1287|chrome|1
675|19|1287|chrome|1
426|251|768|safari|1
865|12|1349|chrome|1
911|168|1349|chrome|1
849|87|1349|chrome|1
666|987|1349|chrome|1
1033|359|1349|chrome|1
750|660|1349|chrome|1
753|589|1349|chrome|1
754|516|1349|chrome|1
754|478|1349|chrome|1
751|360|1349|chrome|1
743|371|1349|chrome|1
735|434|1349|chrome|1
762|516|1349|chrome|1
941|618|1349|chrome|1
802|670|1287|chrome|1
870|688|1287|chrome|1
861|606|1287|chrome|1
1035|368|1903|firefox|1
1021|284|1903|firefox|1
320|240|360|chrome|1
314|241|360|chrome|1
318|254|360|chrome|1
769|1042|1287|chrome|1
313|238|360|chrome|1
296|310|360|chrome|1
315|290|360|chrome|1
871|687|1287|chrome|1
314|236|360|chrome|3
850|632|1287|chrome|1
320|205|360|chrome|3
323|247|360|chrome|1
317|246|360|chrome|3
315|248|360|chrome|3
324|242|360|chrome|3
329|246|360|chrome|3
865|609|1287|chrome|1
323|250|360|chrome|3
226|317|360|chrome|1
819|78|1287|chrome|1
696|549|1263|chrome|1
471|461|1349|chrome|1
703|679|1263|chrome|1
702|721|1263|chrome|1
343|537|360|chrome|1
705|247|1263|chrome|1
201|49|1263|chrome|1
304|687|360|chrome|1
93|688|360|chrome|1
340|203|360|chrome|1
962|613|1349|chrome|1
916|303|1349|chrome|1
1026|663|1349|chrome|1
979|416|1349|chrome|1
937|411|1349|chrome|1
968|406|1349|chrome|1
1029|231|1349|chrome|1
897|634|1287|chrome|1
747|361|1343|chrome|1
275|684|360|chrome|1
190|622|360|chrome|1
240|621|360|chrome|1
340|645|360|chrome|1
1128|640|1905|chrome|1
1197|308|1905|chrome|1
1179|688|1905|chrome|1
1129|732|1905|chrome|1
1272|17|1905|chrome|1
841|92|1905|chrome|1
1213|616|1905|chrome|1
705|449|1261|safari|1
751|603|1343|chrome|1
121|486|1343|chrome|1
742|331|1343|chrome|1
1145|648|1343|chrome|1
1062|519|1343|chrome|1
840|649|1261|safari|1
1069|517|1343|chrome|1
1059|517|1343|chrome|1
962|476|1343|chrome|1
989|418|1343|chrome|1
985|458|1343|chrome|1
309|250|1905|chrome|1
1242|15|1905|chrome|1
590|654|1007|chrome|1
576|721|1007|chrome|1
593|660|1007|chrome|1
203|53|1007|chrome|1
846|681|1349|chrome|1
889|686|1349|chrome|1
863|683|1349|chrome|1
705|536|1264|safari|1
690|571|1264|safari|1
704|378|1264|safari|1
538|215|1704|chrome|1
320|287|360|chrome|1
317|289|360|chrome|1
324|334|360|chrome|1
320|372|360|chrome|1
324|227|360|chrome|1
316|417|360|chrome|1
324|333|360|chrome|1
494|392|598|chrome|1
495|397|598|chrome|1
492|404|598|chrome|1
1149|631|1704|chrome|1
1202|691|1704|chrome|1
1093|581|1704|chrome|1
1120|581|1704|chrome|1
1091|580|1704|chrome|1
1205|404|1704|chrome|1
936|430|1704|chrome|1
305|245|360|chrome|1
319|299|360|chrome|1
322|294|360|chrome|1
319|246|360|chrome|1
324|275|360|chrome|1
322|360|360|chrome|1
319|374|360|chrome|1
316|227|360|chrome|1
321|273|360|chrome|1
321|210|360|chrome|1
316|244|360|chrome|1
320|285|360|chrome|1
319|236|360|chrome|1
318|290|360|chrome|1
325|247|360|chrome|1
351|26|360|chrome|1
60|19|360|chrome|1
63|19|360|chrome|1
228|83|360|chrome|1
201|184|360|chrome|1
320|225|360|chrome|1
315|268|360|chrome|1
313|317|360|chrome|1
324|217|360|chrome|1
316|427|360|chrome|1
313|426|360|chrome|1
310|174|360|chrome|1
328|176|360|chrome|1
319|234|360|chrome|1
324|282|360|chrome|1
324|322|360|chrome|1
327|365|360|chrome|1
329|402|360|chrome|1
317|437|360|chrome|1
316|437|360|chrome|1
327|177|360|chrome|1
527|216|1704|chrome|1
770|360|1349|chrome|1
724|380|1287|chrome|1
721|431|1287|chrome|1
844|374|1287|chrome|1
761|81|1903|chrome|1
1306|664|1903|chrome|1
29|414|1349|chrome|1
751|644|1349|chrome|1
1149|376|1903|chrome|1
884|299|1349|chrome|1
986|285|1349|chrome|1
1116|379|1903|chrome|1
1151|376|1903|chrome|1
341|51|1349|chrome|1
1188|378|1903|chrome|1
1308|194|1903|chrome|1
733|412|1349|firefox|1
744|371|1349|firefox|1
740|657|1349|firefox|1
837|83|1903|chrome|1
96|480|1349|firefox|1
230|208|1349|firefox|1
1318|1296|1583|firefox|2
442|47|1583|firefox|1
284|443|320|safari|1
300|18|320|safari|1
295|326|320|safari|1
292|328|320|safari|1
291|277|320|safari|1
568|381|1007|firefox|1
571|430|1007|firefox|1
339|55|1349|chrome|1
326|903|1007|firefox|1
488|456|598|chrome|1
65|19|598|chrome|1
55|100|598|chrome|1
71|358|598|chrome|1
742|353|1349|chrome|1
753|508|1349|chrome|1
758|424|1349|chrome|1
759|587|1349|chrome|1
760|283|1349|chrome|1
1072|596|1349|chrome|1
854|615|1349|chrome|1
480|526|1349|chrome|1
661|27|1349|chrome|1
658|67|1349|chrome|1
751|581|1349|chrome|1
743|314|1349|chrome|1
1057|727|1349|chrome|1
976|703|1349|chrome|1
860|16|1349|chrome|1
860|16|1349|chrome|1
860|16|1349|chrome|1
903|718|1349|chrome|1
1014|698|1349|chrome|1
845|215|1349|chrome|1
753|719|1349|chrome|1
1060|714|1349|chrome|1
873|27|1349|chrome|1
846|209|1349|chrome|1
849|630|1349|chrome|1
854|613|1349|chrome|1
0|331|1007|chrome|2
891|519|1007|chrome|1
864|1012|1007|chrome|1
551|83|1349|chrome|1
862|622|1349|chrome|1
863|21|1349|chrome|1
850|210|1349|chrome|1
467|86|1349|chrome|1
722|426|1280|safari|1
713|426|1280|safari|1
304|420|1007|chrome|3
461|508|1007|chrome|3
308|476|1007|chrome|3
126|328|1007|chrome|3
313|277|1007|chrome|3
367|646|1007|chrome|3
320|465|1007|chrome|3
643|420|1007|chrome|3
726|455|1349|firefox|1
742|277|1349|firefox|1
576|516|1349|firefox|1
515|531|1349|firefox|1
767|357|1349|firefox|1
747|436|1349|firefox|1
752|507|1349|firefox|1
748|661|1349|firefox|1
744|720|1349|firefox|1
744|720|1349|firefox|1
303|904|1349|firefox|1
65|638|320|chrome|1
65|12|320|chrome|1
91|88|320|chrome|1
57|93|320|chrome|1
104|211|320|chrome|1
174|186|320|chrome|1
305|234|320|chrome|1
302|283|320|chrome|1
298|287|320|chrome|1
298|280|320|chrome|1
299|291|320|chrome|1
176|333|320|chrome|1
293|275|320|chrome|3
317|208|360|chrome|1
308|230|360|chrome|1
316|271|360|chrome|1
291|283|320|chrome|1
304|289|320|chrome|1
186|279|360|chrome|1
322|192|360|chrome|1
297|437|320|chrome|1
312|425|360|chrome|1
296|440|320|chrome|1
306|283|320|chrome|3
301|176|320|chrome|1
425|341|768|safari|1
734|177|768|safari|1
895|656|1349|chrome|1
882|702|1349|chrome|1
578|536|1007|chrome|1
681|642|1007|chrome|1
739|350|1007|chrome|1
578|310|1007|chrome|1
577|364|1007|chrome|1
841|601|1007|chrome|1
887|542|1007|chrome|1
782|197|1007|chrome|1
821|8|1007|chrome|1
806|23|1007|chrome|1
595|446|1007|chrome|1
564|301|1007|chrome|1
590|418|1007|chrome|1
588|486|1007|chrome|1
573|294|1007|chrome|1
747|887|1007|chrome|1
530|358|1903|chrome|1
1319|868|1903|chrome|1
309|203|320|safari|1
307|246|320|safari|1
301|252|320|safari|1
267|32|1343|chrome|1
519|338|1423|chrome|1
778|500|1423|chrome|1
795|316|1423|chrome|1
784|249|1423|chrome|1
668|738|1007|chrome|1
677|700|1007|chrome|1
1164|615|1903|chrome|1
685|20|1007|chrome|1
738|88|1007|chrome|1
762|50|1007|chrome|1
524|950|1007|chrome|1
1009|693|1423|chrome|1
1063|423|1423|chrome|1
308|711|1903|chrome|1
1133|944|1903|chrome|1
769|885|1903|chrome|1
1300|1139|1903|chrome|1
1115|913|1903|chrome|1
1122|919|1903|chrome|1
1302|337|1903|chrome|1
1300|111|1903|chrome|1
923|1778|1903|chrome|1
1091|1779|1903|chrome|1
538|59|1903|chrome|1
1135|1297|1903|chrome|1
1133|660|1903|chrome|1
1305|333|1903|chrome|1
1309|105|1903|chrome|1
1209|604|1903|chrome|1
1306|107|1903|chrome|1
1305|192|1903|chrome|1
1027|352|1903|chrome|1
1021|424|1903|chrome|1
1024|494|1903|chrome|1
1025|441|1903|chrome|1
1022|569|1903|chrome|1
933|1348|1903|chrome|1
1142|804|1903|chrome|1
1223|745|1903|chrome|1
693|597|1263|chrome|1
703|684|1263|chrome|1
402|872|1263|chrome|1
936|642|1349|chrome|1
486|341|1349|chrome|1
805|360|1349|chrome|1
636|408|1349|chrome|1
776|414|1349|chrome|1
850|586|1349|chrome|1
1011|15|1349|chrome|1
747|723|1349|chrome|1
1194|382|1507|firefox|2
1258|673|1507|firefox|2
1149|541|1507|firefox|1
1216|599|1507|firefox|2
1219|602|1507|firefox|1
994|568|1507|firefox|1
993|509|1507|firefox|3
1413|546|1507|firefox|2
1045|632|1905|safari|1
1151|952|1905|safari|1
1121|690|1905|safari|1
1116|718|1905|safari|1
1012|612|1905|safari|1
1021|684|1905|safari|1
1014|421|1905|safari|1
1183|734|1905|safari|1
1158|737|1905|safari|1
1156|739|1905|safari|1
1061|517|1349|chrome|1
1093|678|1905|safari|1
753|386|1349|chrome|1
877|370|1622|firefox|1
884|463|1622|firefox|1
884|521|1622|firefox|1
1095|542|1423|chrome|1
872|363|1622|firefox|1
750|436|1349|chrome|1
749|529|1349|chrome|1
554|60|1815|safari|1
558|52|1815|safari|1
343|12|360|chrome|1
67|648|360|chrome|1
81|640|360|chrome|1
203|328|360|chrome|1
130|275|360|chrome|1
198|352|360|chrome|3
221|389|360|chrome|3
211|342|360|chrome|1
200|327|360|chrome|3
1038|909|1349|chrome|1
338|411|1007|chrome|1
344|592|1007|chrome|1
332|450|1007|chrome|1
766|367|1349|chrome|1
575|365|1007|chrome|1
1083|689|1502|firefox|1
983|407|1502|firefox|1
920|243|1502|firefox|1
461|217|1349|chrome|1
1108|228|1502|firefox|1
875|576|1583|chrome|1
852|471|1583|chrome|1
865|511|1583|chrome|1
865|655|1583|chrome|1
1324|417|1583|chrome|1
873|281|1583|chrome|1
858|492|1583|chrome|1
868|451|1583|chrome|1
877|505|1583|chrome|1
854|359|1583|chrome|1
948|624|1349|chrome|1
939|617|1349|chrome|1
823|840|1349|chrome|3
935|611|1349|chrome|1
782|603|1423|firefox|1
775|668|1423|firefox|1
771|366|1423|firefox|1
790|296|1423|firefox|1
413|50|1423|firefox|1
290|268|320|chrome|1
295|320|320|chrome|1
294|274|320|chrome|1
293|253|320|chrome|3
302|250|320|chrome|3
298|353|320|chrome|1
290|299|320|chrome|1
298|262|320|chrome|1
299|252|320|chrome|1
783|364|1423|firefox|1
792|433|1423|firefox|1
799|581|1423|firefox|1
1031|369|1903|chrome|1
1039|438|1903|chrome|1
300|391|320|chrome|1
298|436|320|chrome|1
290|434|320|chrome|1
225|115|320|chrome|1
232|107|320|chrome|1
743|357|1349|chrome|1
742|245|1349|chrome|1
742|245|1349|chrome|1
740|417|1349|chrome|1
745|501|1349|chrome|1
748|589|1349|chrome|1
751|657|1349|chrome|1
744|721|1349|chrome|1
744|721|1349|chrome|1
740|670|1349|chrome|1
404|80|1349|chrome|1
1047|1285|1349|chrome|1
738|446|1349|chrome|1
1006|19|1349|chrome|1
742|369|1349|chrome|1
749|440|1349|chrome|1
749|512|1349|chrome|1
993|20|1349|chrome|1
750|354|1349|chrome|1
758|511|1349|chrome|1
743|376|1349|chrome|1
740|445|1349|chrome|1
1007|16|1349|chrome|1
734|374|1349|chrome|1
1016|17|1349|chrome|1
1016|14|1349|chrome|1
1007|17|1349|chrome|1
740|359|1349|chrome|1
1055|544|1349|firefox|1
1073|553|1349|firefox|1
758|358|1349|firefox|1
737|455|1349|firefox|1
1073|516|1349|firefox|1
1219|380|1349|firefox|1
811|347|1349|firefox|1
1076|370|1349|firefox|1
897|650|1343|chrome|1
197|315|360|chrome|3
44|415|1349|chrome|1
725|495|1903|msie|1
513|402|1903|msie|1
704|498|1903|msie|1
506|415|1903|msie|1
207|318|320|unknown|1
294|402|320|unknown|1
306|405|320|unknown|1
302|330|320|unknown|1
308|327|320|unknown|1
198|361|320|unknown|1
234|359|320|unknown|1
727|593|1349|firefox|1
772|666|1349|firefox|1
746|370|1349|firefox|1
763|368|1349|firefox|1
752|457|1349|firefox|1
751|520|1349|firefox|1
766|392|1349|firefox|1
767|513|1349|firefox|1
765|601|1349|firefox|1
967|398|1263|chrome|1
860|638|1263|chrome|1
734|363|1349|firefox|1
2|511|1349|firefox|1
908|481|1349|chrome|1
598|86|1349|chrome|1
994|430|1349|chrome|1
657|652|1349|chrome|1
0|516|1583|firefox|1
477|933|1664|chrome|1
1170|729|1664|chrome|1
1026|847|1664|chrome|1
718|612|1008|chrome|1
854|661|1008|chrome|1
789|820|1008|chrome|1
667|628|1008|chrome|1
863|453|1008|chrome|1
569|519|1008|chrome|1
580|572|1008|chrome|1
576|356|1008|chrome|1
578|718|1008|chrome|1
578|618|1008|chrome|1
1186|664|1664|chrome|1
195|631|320|safari|1
311|19|320|safari|1
19|6|320|safari|1
74|680|768|unknown|1
626|21|768|unknown|1
519|467|1419|safari|1
786|645|1419|safari|1
515|486|1419|safari|1
515|486|1419|safari|1
769|583|1419|safari|1
116|346|1419|safari|1
862|1007|1007|chrome|1
508|519|1419|safari|1
777|667|1419|safari|1
770|599|1419|safari|1
516|489|1419|safari|1
509|447|1419|safari|1
783|527|1419|safari|1
783|436|1419|safari|1
775|389|1419|safari|1
529|628|1419|safari|1
314|56|1349|chrome|1
538|472|1419|safari|1
791|498|1419|safari|1
840|252|1419|safari|1
893|252|1419|safari|3
976|27|1419|safari|3
1166|17|1419|safari|1
771|459|1419|safari|1
767|376|1419|safari|1
766|657|1353|chrome|1
746|582|1353|chrome|1
742|501|1353|chrome|1
761|455|1353|chrome|1
323|888|1353|chrome|1
1048|898|1353|chrome|1
870|932|1353|chrome|1
754|515|1353|chrome|1
293|903|1353|chrome|1
380|53|1353|chrome|1
763|380|1343|chrome|1
739|429|1343|chrome|1
748|721|1343|chrome|1
737|525|1343|chrome|1
745|260|1343|chrome|1
500|81|1263|chrome|1
670|81|1423|firefox|1
921|640|1349|chrome|1
871|636|1583|chrome|1
921|638|1349|chrome|1
891|648|1349|chrome|1
932|642|1349|chrome|1
754|428|1349|chrome|1
745|501|1349|firefox|1
752|657|1349|firefox|1
748|588|1349|firefox|1
742|721|1349|firefox|1
745|721|1349|firefox|1
748|247|1349|firefox|1
847|609|1349|firefox|1
754|591|1349|chrome|1
537|436|1349|chrome|3
470|503|1349|chrome|1
499|467|1349|chrome|1
140|376|1349|chrome|1
756|514|1349|chrome|1
771|513|1349|chrome|1
756|514|1349|chrome|1
763|575|1349|chrome|1
746|687|1349|chrome|1
753|381|1349|chrome|1
744|717|1349|chrome|1
745|722|1349|chrome|1
745|722|1349|chrome|1
748|246|1349|chrome|1
748|246|1349|chrome|1
748|246|1349|chrome|1
747|304|1349|chrome|1
800|253|1349|chrome|1
919|257|1349|chrome|1
987|351|1349|chrome|1
915|257|1349|chrome|1
1064|17|1349|chrome|1
830|250|1349|chrome|1
865|252|1349|chrome|1
1135|18|1349|chrome|1
1129|16|1349|chrome|1
756|439|1349|chrome|1
744|372|1349|chrome|1
756|573|1349|chrome|1
748|721|1349|chrome|1
751|664|1349|chrome|1
753|445|1349|chrome|1
326|57|1349|chrome|1
1134|426|1349|chrome|2
0|796|1349|chrome|1
1017|636|1349|chrome|1
761|527|1343|chrome|1
771|573|1343|chrome|1
758|647|1343|chrome|1
750|416|1343|chrome|1
1039|687|1349|chrome|1
949|837|1349|chrome|1
1030|662|1349|chrome|1
1011|690|1349|chrome|1
939|837|1349|chrome|1
939|837|1349|chrome|1
1033|660|1349|chrome|1
631|937|1349|chrome|1
1043|655|1349|chrome|1
1029|457|1349|chrome|1
886|893|1349|chrome|1
1033|687|1349|chrome|1
944|546|1349|chrome|1
1031|361|1349|chrome|1
331|50|1349|chrome|1
1059|655|1349|chrome|1
949|739|1349|chrome|1
1027|560|1349|chrome|1
1062|695|1349|chrome|1
946|645|1349|chrome|1
1024|457|1349|chrome|1
158|20|360|chrome|1
214|32|360|chrome|1
186|153|360|chrome|1
1091|611|1665|safari|1
1185|361|1903|chrome|1
1192|360|1903|chrome|3
279|60|1263|chrome|1
733|354|1349|chrome|1
245|687|320|chrome|1
106|685|320|chrome|1
905|370|1665|safari|1
914|595|1665|safari|1
908|519|1665|safari|1
912|433|1665|safari|1
909|652|1665|safari|1
912|570|1665|safari|1
906|519|1665|safari|1
917|456|1665|safari|1
911|375|1665|safari|1
907|308|1665|safari|1
1005|640|1665|safari|1
731|661|1349|chrome|1
740|557|1349|chrome|1
745|512|1349|chrome|1
747|720|1349|chrome|1
747|719|1349|chrome|1
751|572|1349|chrome|1
751|541|1349|chrome|1
757|442|1349|chrome|1
752|514|1349|chrome|1
141|685|320|chrome|1
758|573|1349|chrome|1
751|651|1349|chrome|1
742|303|1349|chrome|1
106|685|320|chrome|1
747|715|1349|chrome|1
747|718|1349|chrome|1
740|434|1349|chrome|1
699|901|1349|chrome|1
781|888|1665|safari|1
144|634|320|chrome|1
1020|21|1665|safari|1
175|274|1665|safari|1
629|84|1665|safari|1
910|370|1665|safari|1
916|432|1665|safari|1
1270|610|1665|safari|1
752|137|1665|safari|1
1098|614|1665|safari|1
306|242|320|chrome|1
308|373|320|chrome|1
285|281|320|chrome|1
1109|23|1665|safari|1
1012|642|1665|safari|1
717|450|1287|chrome|1
724|516|1287|chrome|1
305|375|320|chrome|1
302|241|320|chrome|1
309|234|320|chrome|1
728|371|1287|chrome|1
705|428|1287|chrome|1
901|384|1665|safari|1
904|439|1665|safari|1
715|543|1287|chrome|1
905|523|1665|safari|1
991|620|1287|chrome|1
1017|25|1665|safari|1
242|353|1665|safari|1
1085|619|1665|safari|1
1017|636|1665|safari|1
759|364|1349|firefox|1
902|900|1007|chrome|3
431|263|768|safari|1
845|81|1349|chrome|1
425|417|768|safari|1
740|433|1349|chrome|1
725|431|1349|chrome|1
750|370|1349|chrome|1
747|720|1349|chrome|1
747|720|1349|chrome|1
753|362|1349|chrome|1
742|385|1349|chrome|1
743|287|1349|chrome|1
745|391|1349|chrome|1
328|233|360|chrome|1
316|245|360|chrome|1
317|448|360|chrome|1
327|245|360|chrome|1
325|242|360|chrome|1
332|244|360|chrome|3
425|407|768|safari|1
419|344|768|safari|1
245|43|1349|firefox|1
458|446|1349|firefox|2
458|446|1349|firefox|3
178|520|1349|firefox|1
770|582|1349|firefox|1
746|288|1349|firefox|1
461|332|1349|firefox|3
439|451|1349|firefox|1
479|503|1349|firefox|1
124|29|320|unknown|1
90|149|320|unknown|1
187|471|320|unknown|1
460|81|1349|firefox|2
756|357|1349|chrome|1
737|439|1349|chrome|1
742|490|1349|chrome|1
756|582|1349|chrome|1
746|660|1349|chrome|1
743|720|1349|chrome|1
743|720|1349|chrome|1
743|720|1349|chrome|1
1125|887|1423|chrome|3
1100|896|1423|chrome|1
1028|683|1349|firefox|1
918|594|1349|firefox|1
237|37|1349|chrome|1
917|79|1903|chrome|1
756|584|1349|chrome|1
707|432|1263|chrome|1
1050|617|1583|chrome|1
755|357|1349|chrome|1
739|287|1349|chrome|1
629|82|1519|firefox|1
746|637|1349|chrome|1
738|717|1349|chrome|1
745|717|1349|chrome|1
750|246|1349|chrome|1
1040|664|1349|firefox|1
1066|512|1349|chrome|1
881|374|1349|firefox|1
836|362|1349|firefox|1
870|363|1349|firefox|1
1033|182|1349|firefox|1
999|659|1349|firefox|1
881|599|1349|firefox|1
757|382|1349|chrome|1
1089|604|1522|firefox|1
1093|643|1522|firefox|1
1048|646|1522|firefox|1
1003|222|1522|firefox|1
358|217|1349|chrome|1
1026|614|1522|firefox|1
940|21|1522|firefox|1
945|17|1522|firefox|1
923|174|1522|firefox|1
550|483|1522|firefox|1
746|652|1349|chrome|1
985|616|1522|firefox|1
1055|646|1522|firefox|1
756|453|1345|chrome|1
745|373|1345|chrome|1
750|299|1345|chrome|1
938|24|1522|firefox|1
947|25|1522|firefox|1
1005|266|1522|firefox|1
948|29|1522|firefox|1
943|17|1522|firefox|1
1003|605|1522|firefox|1
957|14|1522|firefox|1
949|16|1522|firefox|1
658|20|1349|chrome|1
657|20|1349|chrome|1
1017|632|1583|chrome|1
636|60|1349|chrome|1
638|83|1349|chrome|1
572|114|1349|chrome|1
572|113|1349|chrome|1
709|138|1349|chrome|1
1331|100|1522|firefox|1
1018|635|1583|chrome|1
991|20|1440|safari|1
798|370|1440|safari|1
857|363|1583|chrome|1
882|295|1583|chrome|1
887|438|1583|chrome|1
791|237|1440|safari|1
380|55|1440|safari|1
881|298|1583|chrome|1
864|538|1583|chrome|1
736|371|1349|chrome|1
115|435|1349|chrome|1
763|449|1349|chrome|1
771|355|1349|chrome|1
767|368|1349|firefox|1
744|445|1349|chrome|1
0|525|1583|chrome|1
757|521|1349|chrome|1
746|586|1349|chrome|1
79|485|1349|firefox|1
411|339|768|unknown|1
1038|460|1920|chrome|1
742|657|1349|chrome|1
1056|373|1920|chrome|1
899|646|1349|chrome|1
504|588|768|unknown|1
851|672|1349|chrome|1
851|659|1349|chrome|1
925|595|1349|chrome|1
501|585|768|unknown|1
897|664|1349|chrome|1
851|666|1583|chrome|1
855|587|1583|chrome|1
864|514|1583|chrome|1
868|449|1583|chrome|1
555|592|768|safari|1
544|22|768|safari|1
217|25|768|safari|1
199|19|768|safari|1
213|13|768|safari|1
930|608|1349|chrome|1
392|33|768|safari|1
744|374|1349|chrome|1
736|362|1349|firefox|1
730|418|1349|chrome|1
750|427|1349|firefox|1
839|701|1349|chrome|1
888|686|1349|chrome|1
857|681|1349|chrome|1
851|676|1349|chrome|1
496|19|1349|chrome|1
832|597|1349|chrome|1
648|21|1349|chrome|1
919|333|1349|chrome|1
704|142|1349|chrome|1
570|116|1349|chrome|1
705|146|1349|chrome|1
718|147|1349|chrome|1
766|358|1349|firefox|1
720|147|1349|chrome|1
976|670|1349|chrome|1
133|164|1349|chrome|1
845|421|1349|chrome|1
815|425|1349|chrome|1
871|465|1349|chrome|1
846|420|1349|chrome|1
878|428|1349|chrome|1
841|423|1349|chrome|1
880|420|1349|chrome|1
1033|247|1349|chrome|1
888|615|1349|chrome|1
892|479|1349|chrome|1
882|464|1349|chrome|1
846|470|1349|chrome|1
864|667|1349|chrome|1
831|689|1349|chrome|1
946|616|1349|chrome|1
709|945|1423|chrome|1
1312|661|1583|chrome|1
880|616|1349|chrome|1
1289|527|1583|chrome|1
746|286|1349|chrome|1
740|371|1349|firefox|1
1011|886|1920|chrome|1
1133|875|1920|chrome|1
621|50|1920|chrome|1
752|498|1349|firefox|1
857|448|1583|chrome|1
876|587|1583|chrome|1
863|303|1583|chrome|1
851|348|1583|chrome|1
859|296|1583|chrome|1
866|431|1583|chrome|1
1110|539|1583|chrome|1
1028|488|1583|chrome|1
986|483|1583|chrome|1
1017|490|1583|chrome|1
1001|491|1583|chrome|1
1011|495|1583|chrome|1
1005|497|1583|chrome|1
1038|494|1583|chrome|1
999|496|1583|chrome|1
1020|495|1583|chrome|1
988|499|1583|chrome|1
1036|496|1583|chrome|1
1149|310|1583|chrome|1
880|312|1583|chrome|1
586|85|1583|chrome|1
1082|619|1583|chrome|1
337|198|360|chrome|1
313|242|360|chrome|1
139|661|360|chrome|1
471|82|1007|chrome|1
66|25|360|chrome|1
214|88|360|chrome|1
88|268|360|chrome|1
314|381|360|chrome|1
323|445|360|chrome|1
327|422|360|chrome|1
324|297|360|chrome|3
422|1298|1349|chrome|1
972|666|1349|chrome|1
845|597|1349|chrome|1
967|686|1263|chrome|1
933|538|1263|chrome|1
995|352|1263|chrome|1
1021|645|1263|chrome|1
479|539|1263|chrome|1
566|646|1263|chrome|1
1082|19|1583|chrome|1
834|779|1263|chrome|1
841|374|1263|chrome|1
586|352|1263|chrome|1
737|395|1263|chrome|1
866|251|1263|chrome|1
1010|682|1263|chrome|1
613|342|1263|chrome|1
841|365|1263|chrome|1
850|410|1263|chrome|1
609|474|1263|chrome|1
417|440|1263|chrome|1
829|580|1263|chrome|1
91|356|320|unknown|1
77|333|320|unknown|1
291|283|320|unknown|1
876|426|1583|chrome|1
1010|46|1583|chrome|1
919|348|1349|chrome|1
1151|354|1349|chrome|2
1171|501|1349|chrome|2
1178|270|1349|chrome|2
908|443|1663|chrome|1
893|524|1663|chrome|1
898|304|1663|chrome|1
756|85|1663|chrome|1
1033|378|1903|chrome|1
1024|425|1903|chrome|1
1029|507|1903|chrome|1
1028|574|1903|chrome|1
1035|653|1903|chrome|1
1015|281|1903|chrome|1
511|84|1423|chrome|1
1029|362|1903|chrome|1
1037|431|1903|chrome|1
1026|516|1903|chrome|1
1023|573|1903|chrome|1
1033|638|1903|chrome|1
1022|720|1903|chrome|1
1036|571|1903|chrome|1
1036|496|1903|chrome|1
1145|928|1483|safari|1
1022|298|1903|chrome|1
1016|251|1903|chrome|1
1019|251|1903|chrome|1
409|57|1483|safari|1
1188|887|1663|chrome|1
634|85|1663|chrome|1
891|363|1663|chrome|1
1027|685|1663|chrome|1
1067|725|1663|chrome|1
628|413|1663|chrome|1
660|310|1663|chrome|1
877|427|1583|chrome|1
901|362|1663|chrome|1
866|372|1583|chrome|1
157|430|1583|chrome|1
673|553|1663|chrome|1
897|582|1663|chrome|1
983|688|1349|chrome|1
767|351|1349|chrome|1
625|437|1663|chrome|1
832|843|1349|chrome|1
736|363|1349|chrome|1
880|260|1349|chrome|1
824|250|1349|chrome|3
808|838|1349|chrome|1
837|839|1349|chrome|1
806|838|1349|chrome|1
987|660|1825|chrome|1
755|378|1349|chrome|1
943|24|1349|chrome|1
970|493|1825|chrome|1
1030|34|1349|chrome|1
740|497|1349|chrome|1
1145|24|1349|chrome|1
1018|581|1903|chrome|1
895|639|1349|chrome|1
1018|516|1903|chrome|1
1024|422|1903|chrome|1
1032|360|1903|chrome|1
998|693|1349|chrome|1
1029|305|1903|chrome|1
841|496|1349|chrome|1
806|517|1349|chrome|1
836|511|1349|chrome|1
802|503|1349|chrome|1
854|508|1349|chrome|1
1027|324|1349|chrome|1
969|17|1349|chrome|1
1041|367|1903|chrome|1
1006|432|1903|chrome|1
1024|500|1903|chrome|1
1022|573|1903|chrome|1
1019|646|1903|chrome|1
1018|699|1903|chrome|1
1045|591|1903|chrome|1
602|20|1263|chrome|1
1030|425|1903|chrome|1
1227|514|1663|chrome|1
600|60|1263|chrome|1
1027|370|1903|chrome|1
597|87|1263|chrome|1
1023|286|1903|chrome|1
886|40|1263|chrome|1
612|20|1263|chrome|1
576|93|1263|chrome|1
526|114|1263|chrome|1
664|146|1263|chrome|1
886|43|1263|chrome|1
620|20|1263|chrome|1
604|86|1263|chrome|1
679|140|1263|chrome|1
990|663|1349|chrome|1
848|373|1349|chrome|1
916|684|1349|chrome|1
898|763|1663|chrome|1
902|760|1663|chrome|1
868|684|1349|chrome|1
911|487|1663|chrome|1
733|583|1349|chrome|1
751|660|1349|chrome|1
840|689|1349|chrome|1
904|328|1663|chrome|1
840|689|1349|chrome|1
977|690|1349|chrome|1
744|717|1349|chrome|1
743|717|1349|chrome|1
752|673|1349|chrome|1
745|717|1349|chrome|1
748|687|1349|chrome|1
404|458|1349|chrome|1
830|395|1349|chrome|1
807|373|1349|chrome|1
813|389|1349|chrome|1
562|86|1349|chrome|1
1147|414|1349|chrome|1
1031|194|1349|chrome|1
900|683|1349|chrome|1
647|18|1349|chrome|1
705|150|1349|chrome|1
1023|442|1903|chrome|1
1023|497|1903|chrome|1
1014|400|1903|chrome|1
1036|392|1349|chrome|1
1039|697|1349|chrome|1
838|401|1349|chrome|1
1022|571|1903|chrome|1
867|407|1349|chrome|1
835|397|1349|chrome|1
863|401|1349|chrome|1
884|631|1349|chrome|1
515|289|1349|chrome|1
553|447|1349|chrome|1
206|616|360|chrome|1
857|14|1349|chrome|1
914|83|1349|chrome|1
989|736|1349|chrome|1
842|568|1349|chrome|1
818|568|1349|chrome|1
801|726|1349|chrome|1
839|567|1349|chrome|1
806|572|1349|chrome|1
287|972|1349|chrome|1
1008|427|1903|chrome|1
1017|500|1903|chrome|1
1015|628|1903|chrome|1
887|682|1349|chrome|1
997|683|1349|chrome|1
1118|869|1903|chrome|1
892|646|1263|chrome|1
534|50|1903|chrome|3
513|73|1903|chrome|3
592|608|1263|chrome|1
380|260|1903|chrome|1
817|125|1903|chrome|3
969|25|1349|chrome|1
851|56|1903|chrome|1
753|362|1349|chrome|1
827|719|1263|chrome|1
742|596|1349|chrome|1
829|401|1349|chrome|1
647|916|1263|chrome|1
1076|365|1349|chrome|1
1035|288|1903|chrome|1
1002|697|1349|chrome|1
1038|677|1349|chrome|1
1020|307|1903|chrome|1
837|572|1349|chrome|1
267|475|1903|chrome|1
1028|278|1903|chrome|1
743|321|1349|chrome|1
725|25|1349|chrome|1
862|362|1583|chrome|1
867|511|1583|chrome|1
874|663|1583|chrome|1
870|348|1583|chrome|1
868|599|1583|chrome|1
873|430|1583|chrome|1
855|493|1583|chrome|1
857|439|1583|chrome|1
868|354|1583|chrome|1
740|589|1349|chrome|1
1017|698|1583|chrome|1
740|671|1349|chrome|1
749|433|1349|chrome|1
749|433|1349|chrome|1
741|387|1349|chrome|1
615|81|1583|chrome|1
253|673|320|chrome|1
855|371|1583|chrome|1
911|924|1423|chrome|1
1085|21|1583|chrome|1
1033|397|1349|chrome|1
716|919|1423|chrome|1
759|347|1349|chrome|1
873|436|1583|chrome|1
877|359|1583|chrome|1
868|524|1583|chrome|1
855|379|1583|chrome|1
877|512|1583|chrome|1
741|435|1349|chrome|1
870|434|1583|chrome|1
865|385|1583|chrome|1
159|372|1583|chrome|1
855|652|1583|chrome|1
764|312|1349|chrome|1
745|420|1349|chrome|1
759|515|1349|chrome|1
757|586|1349|chrome|1
741|709|1349|chrome|1
747|665|1349|chrome|1
752|587|1349|chrome|1
750|709|1349|chrome|1
737|731|1349|chrome|1
16|290|1349|chrome|1
981|694|1349|chrome|1
155|173|1349|chrome|1
1056|613|1349|chrome|1
1036|327|1349|chrome|1
1003|689|1349|chrome|1
755|522|1349|chrome|1
1033|321|1349|chrome|1
988|700|1349|chrome|1
833|510|1349|chrome|1
759|583|1349|chrome|1
811|507|1349|chrome|1
843|512|1349|chrome|1
808|506|1349|chrome|1
601|89|1349|chrome|1
810|364|1476|chrome|1
818|439|1476|chrome|1
822|496|1476|chrome|1
818|570|1476|chrome|1
846|498|1349|chrome|1
813|632|1476|chrome|1
817|692|1476|chrome|1
811|726|1476|chrome|1
817|694|1476|chrome|1
809|284|1476|chrome|1
1032|319|1349|chrome|1
736|589|1349|chrome|1
747|382|1349|chrome|1
729|590|1349|chrome|1
974|25|1349|chrome|1
736|310|1349|chrome|1
749|665|1349|chrome|1
753|646|1349|chrome|1
753|646|1349|chrome|1
1128|5|1349|chrome|1
806|377|1476|chrome|1
365|51|1349|chrome|1
55|172|1349|chrome|1
909|661|1349|chrome|1
483|79|1349|chrome|1
971|9|1349|chrome|1
965|655|1349|chrome|1
949|620|1349|chrome|1
841|432|1349|chrome|1
252|320|1903|chrome|1
809|374|1476|chrome|1
740|900|1903|chrome|1
822|507|1476|chrome|1
819|362|1476|chrome|1
718|851|1903|chrome|1
816|422|1476|chrome|1
831|495|1476|chrome|1
812|285|1476|chrome|1
806|430|1349|chrome|1
1046|658|1349|chrome|1
805|447|1349|chrome|1
842|459|1349|chrome|1
873|451|1349|chrome|1
672|86|1903|chrome|1
821|454|1349|chrome|1
844|428|1349|chrome|1
831|454|1349|chrome|1
840|455|1349|chrome|1
794|448|1349|chrome|1
1019|268|1349|chrome|1
956|941|1903|chrome|1
1030|259|1349|chrome|1
935|25|1349|chrome|1
1061|112|1349|chrome|1
810|130|1903|chrome|1
1125|23|1349|chrome|1
534|80|1349|chrome|3
980|661|1349|chrome|1
647|917|1349|chrome|1
670|850|1349|chrome|1
842|436|1349|chrome|1
816|436|1349|chrome|1
936|636|1349|chrome|1
746|719|1349|chrome|1
757|321|1349|chrome|1
834|433|1349|chrome|1
1030|255|1349|chrome|1
741|241|1349|chrome|1
745|251|1349|chrome|1
968|12|1349|chrome|1
983|57|1349|chrome|1
1124|15|1349|chrome|1
960|687|1349|chrome|1
739|449|1349|chrome|1
755|347|1341|safari|1
835|438|1349|chrome|1
735|436|1341|safari|1
760|515|1341|safari|1
141|421|1349|chrome|1
805|438|1349|chrome|1
747|292|1341|safari|1
483|903|1349|chrome|1
509|129|1341|safari|1
274|426|1903|chrome|1
978|631|1349|chrome|1
834|430|1349|chrome|1
300|239|320|unknown|1
223|294|1903|chrome|1
309|249|320|unknown|1
307|287|320|unknown|1
1028|259|1349|chrome|1
509|406|905|chrome|1
472|269|905|chrome|1
731|561|905|chrome|1
743|575|905|chrome|1
307|228|320|safari|1
289|282|320|safari|1
277|330|320|safari|1
717|569|905|chrome|1
752|575|905|chrome|1
858|853|905|chrome|1
778|506|905|chrome|1
304|401|905|chrome|1
957|3|1349|chrome|1
304|348|320|safari|1
952|24|1349|chrome|1
507|445|905|chrome|1
329|128|905|chrome|1
288|242|320|safari|1
788|549|905|chrome|1
181|291|320|safari|1
319|403|905|chrome|1
1053|45|1349|chrome|1
1123|27|1349|chrome|1
288|498|905|chrome|1
539|432|905|chrome|1
1024|696|1349|chrome|1
560|449|905|chrome|1
317|495|905|chrome|1
353|478|905|chrome|1
494|468|905|chrome|1
489|524|905|chrome|1
639|653|905|chrome|1
486|336|905|chrome|1
509|281|905|chrome|1
853|366|1349|chrome|1
497|285|905|chrome|1
397|784|905|chrome|2
1027|189|1349|chrome|1
1055|542|1349|firefox|1
955|13|1349|chrome|1
1004|73|1349|chrome|1
1123|26|1349|chrome|1
983|698|1349|chrome|1
934|636|1349|chrome|1
927|633|1349|chrome|1
476|278|905|chrome|1
860|20|1349|chrome|1
760|349|1349|firefox|1
1078|197|1349|chrome|1
714|558|905|chrome|1
690|405|905|chrome|1
718|412|905|chrome|1
840|465|905|chrome|1
713|507|905|chrome|1
379|407|905|chrome|1
933|611|1349|chrome|1
511|441|905|chrome|1
371|481|905|chrome|1
455|474|905|chrome|1
640|641|905|chrome|1
476|273|905|chrome|1
995|682|1349|chrome|1
688|529|905|chrome|1
376|417|905|chrome|1
848|442|1349|chrome|1
531|436|905|chrome|1
331|481|905|chrome|1
537|478|905|chrome|1
636|639|905|chrome|1
605|662|905|chrome|1
928|607|1349|chrome|1
493|288|905|chrome|1
480|289|905|chrome|1
885|443|1349|chrome|1
828|435|1349|chrome|1
789|510|905|chrome|1
1027|332|1349|chrome|1
1005|23|1349|chrome|1
833|437|1349|chrome|1
1029|68|1349|chrome|1
1130|25|1349|chrome|1
1015|660|1349|chrome|1
497|327|905|chrome|1
848|383|1349|chrome|1
505|285|905|chrome|1
881|440|1349|chrome|1
481|274|905|chrome|1
1032|196|1349|chrome|1
951|19|1349|chrome|1
480|192|905|chrome|1
1141|29|1349|chrome|1
807|432|1349|chrome|1
827|437|1349|chrome|1
488|267|905|chrome|1
864|450|1349|chrome|1
301|283|320|chrome|1
977|657|1349|chrome|1
309|326|320|chrome|1
496|269|905|chrome|1
53|28|320|chrome|1
839|447|1349|chrome|1
839|364|1349|chrome|1
1030|187|1349|chrome|1
996|18|1349|chrome|1
1122|96|1349|chrome|1
1009|690|1349|chrome|1
917|438|1349|chrome|1
866|449|1349|chrome|1
844|445|1349|chrome|1
903|445|1349|chrome|1
945|439|1349|chrome|1
874|444|1349|chrome|1
841|436|1349|chrome|1
843|492|1349|chrome|1
1034|321|1349|chrome|1
1024|264|1349|chrome|1
959|20|1349|chrome|1
1112|123|1349|chrome|1
1127|21|1349|chrome|1
976|680|1349|chrome|1
780|508|905|chrome|1
842|371|1349|chrome|1
1027|184|1349|chrome|1
990|11|1349|chrome|1
1021|44|1349|chrome|1
1144|19|1349|chrome|1
997|685|1349|chrome|1
840|501|1349|chrome|1
1032|326|1349|chrome|1
770|439|1349|chrome|1
1033|665|1349|chrome|1
838|438|1349|chrome|1
749|724|1349|chrome|1
797|443|1349|chrome|1
742|657|1349|chrome|1
896|642|1349|chrome|1
843|446|1349|chrome|1
1039|426|1903|chrome|1
592|79|1343|chrome|1
752|604|1349|chrome|1
750|574|1349|chrome|1
308|234|320|safari|1
306|287|320|safari|1
303|417|320|safari|1
289|358|320|safari|1
763|380|1349|chrome|1
773|441|1349|chrome|1
750|516|1349|chrome|1
911|948|1349|chrome|1
746|726|1349|chrome|1
866|973|1349|chrome|1
864|27|1349|firefox|1
858|10|1349|firefox|1
843|142|1349|firefox|1
745|719|1349|chrome|1
743|488|1349|chrome|1
769|433|1349|chrome|1
769|401|1349|chrome|1
768|315|1349|chrome|1
542|20|1349|chrome|1
893|662|1349|firefox|1
866|693|1349|firefox|1
894|706|1349|firefox|1
342|940|1349|chrome|1
974|648|1349|firefox|1
758|361|1349|chrome|1
783|302|1423|chrome|1
783|446|1423|chrome|1
782|365|1423|chrome|1
762|307|1423|chrome|1
791|370|1423|chrome|1
1086|533|1423|chrome|1
1099|546|1423|chrome|1
1041|682|1423|chrome|1
1084|336|1423|chrome|1
1028|260|1349|chrome|1
953|458|1007|chrome|1
962|11|1349|firefox|1
968|399|1007|chrome|1
962|12|1349|firefox|1
1002|19|1349|firefox|1
720|672|1007|chrome|1
1052|44|1349|firefox|1
671|608|1007|chrome|1
1128|10|1349|firefox|1
661|896|1349|chrome|1
752|661|1349|chrome|1
747|589|1349|chrome|1
746|528|1349|chrome|1
733|454|1349|chrome|1
732|369|1349|chrome|1
838|376|1583|chrome|1
666|935|1349|chrome|1
863|375|1583|chrome|1
875|366|1583|chrome|1
850|696|1326|chrome|1
749|367|1349|chrome|1
661|1047|1349|chrome|1
1132|731|1663|chrome|1
933|14|1349|chrome|1
990|427|1663|chrome|1
1187|250|1663|chrome|1
972|614|1349|chrome|1
902|287|1663|chrome|1
902|287|1663|chrome|1
766|279|1349|chrome|1
907|332|1663|chrome|1
1011|669|1349|chrome|1
887|380|1349|chrome|1
945|543|1349|chrome|1
1027|359|1349|chrome|1
856|21|1349|chrome|1
912|92|1349|chrome|1
989|694|1583|chrome|1
1161|690|1583|chrome|1
1061|528|1583|chrome|1
880|610|1349|firefox|1
483|1344|1349|msie|1
1153|332|1583|chrome|1
432|264|766|msie|1
55|107|766|msie|1
266|38|1349|chrome|1
850|509|1579|chrome|1
865|436|1579|chrome|1
861|377|1579|chrome|1
868|642|1579|chrome|1
863|446|1579|chrome|1
868|388|1579|chrome|1
843|368|1522|chrome|1
839|580|1522|chrome|1
830|494|1522|chrome|1
1021|668|1349|chrome|1
915|444|1349|chrome|1
951|448|1349|chrome|1
907|444|1349|chrome|1
936|439|1349|chrome|1
909|437|1349|chrome|1
931|439|1349|chrome|1
1032|260|1349|chrome|1
971|616|1349|chrome|1
573|447|1349|chrome|1
1058|363|1349|chrome|1
973|609|1349|chrome|1
708|431|1349|chrome|1
590|481|1349|chrome|1
852|309|1579|chrome|1
767|472|1349|chrome|1
657|504|1349|chrome|1
786|498|1349|chrome|1
670|587|1349|chrome|1
598|85|1579|chrome|1
823|918|1287|chrome|1
823|520|1287|chrome|1
852|682|1349|chrome|1
593|49|1287|chrome|1
766|563|1349|chrome|1
746|608|1349|chrome|1
980|641|1349|chrome|1
1012|642|1579|chrome|1
487|890|1349|chrome|1
1015|815|1349|chrome|3
974|24|1223|safari|1
970|592|1349|chrome|1
516|398|1349|chrome|1
743|366|1349|chrome|1
742|509|1358|chrome|1
639|870|1349|chrome|1
570|518|1358|chrome|3
380|55|1349|chrome|1
894|658|1349|chrome|1
537|83|1349|chrome|1
758|448|1358|chrome|1
749|719|1349|firefox|1
898|732|1349|firefox|1
1043|685|1349|firefox|1
842|429|1349|firefox|1
2|239|1349|chrome|1
1028|255|1349|firefox|1
325|901|1349|chrome|3
53|785|1349|chrome|1
965|440|1579|chrome|1
736|345|1349|chrome|1
968|9|1579|chrome|1
922|213|1579|chrome|1
747|465|1349|chrome|1
746|492|1349|chrome|1
737|308|1349|chrome|1
738|453|1349|chrome|1
748|356|1349|chrome|1
743|350|1349|chrome|1
747|298|1349|chrome|1
0|303|1349|chrome|1
304|400|1903|chrome|1
730|83|1903|chrome|1
735|297|1349|chrome|1
736|493|1349|chrome|1
752|293|1349|chrome|1
249|42|1349|chrome|3
754|516|1349|chrome|1
744|722|1349|chrome|1
745|715|1349|chrome|1
745|249|1349|chrome|1
750|292|1349|chrome|1
864|648|1349|chrome|1
966|640|1349|chrome|1
932|613|1349|chrome|1
1215|1026|1730|chrome|1
989|645|1349|chrome|1
940|347|1349|chrome|1
1033|162|1349|chrome|1
967|594|1349|chrome|1
706|484|1280|chrome|1
706|394|1280|chrome|1
726|436|1280|chrome|1
726|427|1280|chrome|1
939|586|1730|chrome|1
943|505|1730|chrome|1
935|452|1730|chrome|1
1207|685|1730|chrome|1
190|825|1730|chrome|1
1062|540|1349|firefox|1
1073|508|1349|firefox|1
261|891|1263|firefox|3
237|902|1263|firefox|1
896|929|1349|chrome|1
317|47|1349|chrome|1
967|23|1349|firefox|1
756|425|1349|chrome|1
609|84|1349|chrome|1
25|26|360|chrome|1
915|638|1349|chrome|1
844|693|1349|chrome|1
861|691|1349|chrome|1
921|635|1349|chrome|1
858|950|1349|chrome|1
377|53|1349|chrome|1
1181|650|1663|firefox|1
1000|479|1663|firefox|1
322|325|360|chrome|1
316|435|360|chrome|1
317|365|360|chrome|1
328|378|360|chrome|1
941|662|1259|safari|1
934|642|1349|chrome|1
801|344|1259|safari|1
865|349|1259|safari|1
985|167|1259|safari|1
710|457|1259|safari|1
704|722|1259|safari|1
703|725|1259|safari|1
875|696|1349|chrome|1
1030|477|1663|firefox|1
702|483|1259|safari|1
1005|481|1663|firefox|1
706|718|1259|safari|1
1027|485|1663|firefox|1
704|719|1259|safari|1
937|670|1259|safari|1
867|381|1259|safari|1
915|720|1349|chrome|1
984|204|1259|safari|1
897|688|1349|chrome|1
462|54|1259|safari|1
998|695|1349|chrome|1
1184|300|1663|firefox|1
910|519|1663|firefox|1
905|534|1349|chrome|1
904|590|1663|firefox|1
1005|662|1663|firefox|1
1056|710|1663|firefox|1
948|538|1349|chrome|1
1036|350|1349|chrome|1
806|26|1663|firefox|1
975|636|1349|chrome|1
75|346|1349|chrome|1
811|20|1663|firefox|1
811|61|1663|firefox|1
253|49|1349|chrome|1
785|139|1663|firefox|1
912|450|1663|firefox|1
974|488|1663|firefox|1
141|277|1349|chrome|1
338|56|1349|chrome|1
871|26|1663|firefox|1
510|26|1263|firefox|1
1164|570|1583|chrome|1
1164|570|1583|chrome|1
966|84|1583|chrome|1
89|244|1349|chrome|1
339|44|1349|chrome|1
643|912|1349|chrome|1
145|237|1349|chrome|1
750|363|1349|firefox|1
427|370|1349|firefox|1
499|48|1349|chrome|1
916|461|1663|firefox|1
676|302|1237|firefox|1
902|534|1663|firefox|1
677|370|1237|firefox|1
684|427|1237|firefox|1
751|351|1326|chrome|1
754|348|1349|chrome|1
741|443|1349|chrome|1
749|502|1349|chrome|1
755|579|1349|chrome|1
746|665|1349|chrome|1
735|375|1349|chrome|1
758|444|1349|chrome|1
62|103|1259|safari|1
746|299|1349|chrome|1
944|16|1349|chrome|1
714|433|1259|safari|1
44|100|1259|safari|1
988|17|1349|chrome|1
57|26|360|chrome|1
995|22|1349|chrome|1
71|23|360|chrome|1
990|24|1349|chrome|1
66|25|360|chrome|1
55|406|1259|safari|1
192|173|360|chrome|1
729|371|1326|chrome|1
707|521|1259|safari|1
751|344|1326|chrome|1
744|645|1326|chrome|1
978|17|1349|chrome|1
738|720|1326|chrome|1
732|269|1326|chrome|1
312|270|360|chrome|1
313|269|360|chrome|1
721|283|1326|chrome|1
306|221|360|chrome|1
300|218|360|chrome|1
308|288|360|chrome|1
298|337|320|unknown|1
884|683|1326|chrome|1
793|12|1326|chrome|1
574|343|1007|chrome|1
653|19|1326|chrome|1
645|62|1326|chrome|1
299|333|320|unknown|1
714|566|1259|safari|1
641|87|1326|chrome|1
705|436|1259|safari|1
560|117|1326|chrome|1
704|134|1326|chrome|1
759|285|1349|chrome|1
763|364|1349|chrome|1
708|650|1259|safari|1
922|38|1326|chrome|1
716|521|1259|safari|1
567|289|1007|chrome|1
841|736|1326|chrome|1
58|102|1259|safari|1
832|721|1326|chrome|1
833|727|1326|chrome|1
653|215|1349|chrome|1
440|213|1349|chrome|1
658|220|1349|chrome|1
653|19|1326|chrome|1
439|214|1349|chrome|1
666|55|1326|chrome|1
717|27|1326|chrome|1
716|20|1326|chrome|1
630|20|1326|chrome|1
697|25|1326|chrome|1
247|939|1263|firefox|3
905|363|1663|firefox|1
624|889|1263|firefox|3
922|481|1663|firefox|1
902|294|1663|firefox|1
470|875|1263|firefox|3
726|596|1259|safari|1
757|438|1350|firefox|1
483|862|1263|firefox|3
83|99|1259|safari|1
752|378|1350|firefox|1
0|517|1349|chrome|1
254|888|1350|firefox|1
759|498|1350|firefox|1
253|219|1263|firefox|1
465|53|1259|safari|1
729|291|1326|chrome|1
1206|1010|1326|chrome|1
716|316|1326|chrome|1
1010|686|1583|chrome|1
769|16|1583|chrome|1
773|52|1583|chrome|1
684|909|1326|chrome|3
1050|607|1663|firefox|1
751|675|1349|chrome|1
744|713|1349|chrome|1
748|716|1349|chrome|1
733|287|1349|chrome|1
754|418|1349|chrome|1
866|662|1263|chrome|1
1030|689|1349|chrome|1
453|15|1263|chrome|1
911|449|1349|chrome|1
1081|112|1263|chrome|1
603|19|1263|chrome|1
609|57|1263|chrome|1
618|96|1263|chrome|1
711|431|1326|chrome|1
738|358|1326|chrome|1
1184|260|1663|firefox|1
975|22|1326|chrome|1
996|42|1326|chrome|1
332|52|1349|chrome|1
953|443|1349|chrome|1
917|444|1349|chrome|1
936|451|1349|chrome|1
1032|268|1349|chrome|1
897|510|1663|firefox|1
615|24|1263|chrome|1
905|288|1663|firefox|1
616|55|1263|chrome|1
1054|650|1663|firefox|1
673|149|1263|chrome|1
817|680|1263|chrome|1
738|368|1349|chrome|1
758|302|1349|chrome|1
747|195|1349|chrome|1
1058|967|1349|chrome|1
732|386|1349|chrome|1
732|386|1349|chrome|1
444|452|1349|chrome|1
1178|258|1663|firefox|1
1028|262|1663|firefox|1
1188|253|1663|firefox|1
758|380|1349|chrome|1
1114|25|1663|firefox|1
932|625|1326|chrome|1
892|606|1263|chrome|1
1176|604|1903|chrome|1
863|657|1263|chrome|1
991|696|1326|chrome|1
855|374|1326|chrome|1
833|375|1326|chrome|1
859|375|1326|chrome|1
898|377|1326|chrome|1
872|375|1326|chrome|1
1028|689|1583|chrome|1
890|375|1326|chrome|1
870|375|1326|chrome|1
991|684|1583|chrome|1
112|317|1349|chrome|1
892|376|1326|chrome|1
968|657|1583|chrome|1
868|373|1326|chrome|1
896|373|1326|chrome|1
1013|702|1583|chrome|1
1024|191|1326|chrome|1
1010|282|1663|firefox|1
965|658|1583|chrome|1
999|261|1663|firefox|1
1008|287|1663|firefox|1
1173|618|1903|chrome|1
1061|641|1583|chrome|1
1133|232|1903|chrome|1
999|647|1663|firefox|1
86|325|1349|chrome|1
149|594|1899|chrome|1
892|601|1263|chrome|1
1030|352|1899|chrome|1
1021|428|1899|chrome|1
265|16|320|chrome|1
861|603|1263|chrome|1
376|52|1349|chrome|1
192|272|320|chrome|1
864|897|1326|chrome|1
701|434|1263|chrome|1
723|295|1263|chrome|1
862|23|1326|chrome|1
815|83|1326|chrome|1
922|596|1326|chrome|1
800|612|1148|chrome|1
761|296|1349|chrome|1
750|442|1349|chrome|1
788|602|1148|chrome|1
773|639|1148|chrome|1
789|630|1148|chrome|1
794|644|1148|chrome|1
439|83|1148|chrome|1
987|662|1326|chrome|1
764|377|1349|chrome|1
750|430|1349|chrome|1
751|389|1349|chrome|1
745|290|1349|chrome|1
925|640|1326|chrome|1
28|246|1349|chrome|1
854|29|1326|chrome|1
211|170|1349|chrome|1
857|368|1326|chrome|1
921|663|1326|chrome|1
897|655|1346|chrome|1
974|649|1346|chrome|1
905|90|1326|chrome|1
905|88|1326|chrome|1
965|655|1326|chrome|1
1005|189|1326|chrome|1
111|661|320|unknown|1
882|647|1349|firefox|1
111|740|320|unknown|1
262|670|320|unknown|1
235|397|320|unknown|1
275|743|320|unknown|1
282|651|320|unknown|1
141|689|320|unknown|1
268|835|320|unknown|1
265|783|320|unknown|1
275|610|320|unknown|1
237|884|320|unknown|1
644|719|1148|chrome|1
260|1093|320|unknown|1
281|574|320|unknown|1
644|719|1148|chrome|1
644|719|1148|chrome|1
644|719|1148|chrome|1
184|268|360|chrome|1
652|251|1148|chrome|1
187|288|360|chrome|1
325|227|360|chrome|1
324|234|360|chrome|1
311|255|360|chrome|1
125|452|1148|chrome|1
309|240|360|chrome|1
435|78|1148|chrome|1
970|20|1349|chrome|1
646|719|1148|chrome|1
652|635|1148|chrome|1
644|245|1148|chrome|1
896|661|1346|chrome|1
763|353|1349|chrome|1
973|727|1346|chrome|1
921|557|1346|chrome|1
974|618|1346|chrome|1
1234|477|1346|chrome|1
195|323|360|chrome|1
191|375|360|chrome|1
790|635|1148|chrome|1
218|341|360|chrome|1
147|334|360|chrome|1
1219|680|1346|chrome|1
101|387|1349|chrome|1
756|366|1349|chrome|1
795|609|1148|chrome|1
756|310|1349|chrome|1
961|616|1346|chrome|1
749|521|1349|chrome|1
767|443|1349|chrome|1
790|648|1148|chrome|1
750|378|1349|chrome|1
788|385|1440|chrome|1
754|364|1349|chrome|1
745|322|1349|chrome|1
717|357|1326|chrome|1
220|224|320|safari|1
73|23|320|safari|1
158|90|320|safari|1
151|168|320|safari|1
753|382|1349|chrome|1
833|22|1326|chrome|1
946|643|1326|chrome|1
983|641|1349|chrome|1
388|82|1343|chrome|1
860|10|1349|firefox|1
859|9|1349|firefox|1
836|398|1349|firefox|1
1007|638|1349|chrome|1
162|377|360|chrome|1
170|379|360|chrome|1
306|324|360|chrome|1
306|377|360|chrome|1
157|399|360|chrome|1
835|19|1349|chrome|1
836|304|1349|chrome|1
1036|451|1907|firefox|1
118|640|1349|chrome|1
1048|446|1920|chrome|1
865|485|1584|chrome|1
868|370|1584|chrome|1
1186|662|1584|chrome|1
959|522|1584|chrome|1
920|526|1584|chrome|1
1105|513|1584|chrome|1
930|517|1584|chrome|1
205|42|1349|chrome|1
1145|332|1584|chrome|1
1007|612|1349|chrome|1
996|21|1349|chrome|1
1096|198|1349|chrome|1
1137|26|1349|chrome|1
633|1040|1349|chrome|1
657|1034|1349|chrome|1
845|631|1349|chrome|1
881|637|1349|chrome|1
147|55|1007|chrome|1
966|25|1349|chrome|1
1057|46|1349|chrome|1
1128|20|1349|chrome|1
1044|27|1349|chrome|1
1026|62|1349|chrome|1
1139|20|1349|chrome|1
1212|435|1349|chrome|1
979|19|1349|chrome|1
1060|18|1349|chrome|1
858|462|1583|firefox|1
1114|220|1349|chrome|1
1130|16|1349|chrome|1
854|14|1349|chrome|1
861|306|1349|chrome|1
816|616|1007|chrome|1
871|384|1583|firefox|1
866|426|1583|firefox|1
873|378|1583|firefox|1
703|354|1265|chrome|1
796|653|1007|chrome|1
704|434|1265|chrome|1
696|720|1265|chrome|1
711|715|1265|chrome|1
705|714|1265|chrome|1
705|714|1265|chrome|1
1027|444|1903|chrome|1
386|51|1349|firefox|1
494|490|1349|firefox|1
746|351|1349|firefox|1
1341|516|1903|chrome|1
749|249|1349|firefox|1
748|727|1349|firefox|1
746|722|1349|firefox|1
740|532|1349|firefox|1
741|447|1349|firefox|1
743|381|1349|firefox|1
1022|512|1903|chrome|1
752|324|1349|firefox|1
748|250|1349|firefox|1
748|250|1349|firefox|1
745|361|1349|firefox|1
1344|513|1903|chrome|1
1289|775|1903|chrome|1
941|25|1349|chrome|1
965|17|1349|chrome|1
1092|14|1349|chrome|1
1044|16|1349|chrome|1
1044|16|1349|chrome|1
1298|637|1903|chrome|1
816|666|1004|chrome|1
766|593|1351|chrome|1
765|528|1351|chrome|1
747|464|1351|chrome|1
732|375|1351|chrome|1
1290|636|1903|chrome|1
750|363|1351|chrome|1
988|935|1920|chrome|1
1064|544|1351|chrome|2
1064|544|1351|chrome|1
22|2242|1351|chrome|2
1288|612|1903|chrome|1
1019|433|1903|chrome|1
11|3605|1351|chrome|2
1032|506|1903|chrome|1
1032|575|1903|chrome|1
768|271|1351|chrome|1
648|53|1903|chrome|1
1221|359|1903|chrome|1
1241|362|1903|chrome|3
624|49|1920|chrome|1
1295|634|1903|chrome|1
879|687|1351|chrome|1
557|17|1351|chrome|1
242|85|1351|chrome|1
551|437|1349|chrome|1
892|681|1351|chrome|1
843|920|1351|chrome|1
1073|674|1351|chrome|1
844|464|1351|chrome|1
839|618|1351|chrome|1
889|626|1351|chrome|1
833|624|1351|chrome|1
880|622|1351|chrome|1
838|626|1351|chrome|1
890|622|1351|chrome|1
834|626|1351|chrome|1
869|628|1351|chrome|1
846|629|1351|chrome|1
1031|440|1351|chrome|1
523|219|1903|chrome|1
212|389|320|safari|1
298|228|320|safari|1
303|243|320|safari|1
751|440|1351|chrome|1
854|588|1583|chrome|1
863|450|1583|chrome|1
742|357|1351|chrome|1
872|374|1583|chrome|1
933|903|1903|chrome|1
1021|443|1903|chrome|1
1037|378|1903|chrome|1
1054|542|1349|chrome|1
86|347|1349|chrome|1
267|339|1583|chrome|1
750|448|1349|chrome|1
860|721|1583|chrome|1
910|432|1226|chrome|1
857|455|1226|chrome|1
749|287|1349|chrome|1
412|85|1226|chrome|1
950|21|1349|chrome|1
958|56|1349|chrome|1
1132|21|1349|chrome|1
879|365|1583|chrome|1
1034|435|1903|chrome|1
853|507|1583|chrome|1
1028|381|1903|chrome|1
857|295|1583|chrome|1
855|565|1583|chrome|1
592|212|1903|chrome|1
854|635|1583|chrome|1
730|357|1349|chrome|1
975|661|1583|chrome|1
744|714|1349|chrome|1
1005|696|1583|chrome|1
1024|700|1583|chrome|1
1023|701|1583|chrome|3
1330|699|1583|chrome|1
1053|652|1583|chrome|1
988|656|1583|chrome|1
113|665|320|unknown|1
169|612|320|unknown|1
338|336|360|chrome|1
1025|293|1904|firefox|1
1022|449|1904|firefox|1
45|677|320|unknown|1
1024|369|1904|firefox|1
96|674|320|unknown|1
1032|649|1904|firefox|1
1024|721|1904|firefox|1
57|671|320|unknown|1
193|600|320|unknown|1
570|534|1349|chrome|1
763|386|1349|chrome|1
1028|437|1904|firefox|1
1018|303|1904|firefox|1
1296|686|1904|firefox|1
1161|383|1904|firefox|1
753|432|1349|chrome|1
1182|385|1904|firefox|1
1123|387|1904|firefox|1
864|506|1583|chrome|1
1147|389|1904|firefox|1
1309|203|1904|firefox|1
879|350|1583|chrome|1
847|296|1583|chrome|1
1059|613|1583|chrome|1
1262|688|1904|firefox|1
1144|498|1904|firefox|1
1117|507|1904|firefox|1
1304|317|1904|firefox|1
1259|685|1904|firefox|1
1151|504|1904|firefox|1
1115|504|1904|firefox|1
1148|497|1904|firefox|1
1310|316|1904|firefox|1
989|684|1349|chrome|1
907|547|1349|chrome|1
912|542|1349|chrome|1
876|537|1349|chrome|1
913|532|1349|chrome|1
889|533|1349|chrome|1
888|546|1349|chrome|1
882|546|1349|chrome|1
909|540|1349|chrome|1
870|539|1349|chrome|1
1031|359|1349|chrome|1
303|214|1349|chrome|3
999|686|1349|chrome|1
909|313|1349|chrome|1
810|316|1349|chrome|1
956|640|1349|chrome|1
1032|135|1349|chrome|1
717|441|1263|chrome|1
707|510|1263|chrome|1
705|579|1263|chrome|1
694|279|1263|chrome|1
200|31|1263|chrome|2
862|656|1349|chrome|1
933|613|1349|chrome|1
839|669|1349|chrome|1
861|692|1349|chrome|1
739|22|1349|chrome|1
786|15|1349|chrome|1
798|213|1349|chrome|1
733|437|1349|chrome|1
744|504|1349|chrome|1
745|589|1349|chrome|1
757|288|1349|chrome|1
1001|696|1263|chrome|1
748|511|1349|chrome|1
804|459|1263|chrome|1
826|461|1263|chrome|1
981|277|1263|chrome|1
383|53|1349|chrome|1
760|443|1349|chrome|1
581|339|1349|chrome|3
141|438|1349|chrome|1
751|370|1349|chrome|1
404|183|768|safari|1
433|267|768|safari|1
426|272|768|safari|1
430|341|768|safari|1
435|336|768|safari|1
868|371|1583|chrome|1
852|467|1583|chrome|1
860|616|1583|chrome|1
91|290|360|chrome|1
122|316|360|chrome|1
323|240|360|chrome|1
1021|456|1903|chrome|1
604|59|1903|chrome|1
1031|506|1903|chrome|1
1025|450|1903|chrome|1
768|890|1903|chrome|1
1007|362|1903|chrome|1
759|563|1349|chrome|1
781|369|1349|chrome|1
499|573|1349|msie|1
741|295|1349|firefox|1
745|437|1349|msie|1
603|155|1349|chrome|1
503|689|1349|msie|1
382|55|1349|chrome|1
284|141|320|safari|1
293|312|320|safari|1
65|587|320|safari|1
297|303|320|safari|1
297|263|320|safari|1
289|215|320|safari|1
294|307|320|safari|1
889|696|1349|chrome|1
969|692|1349|chrome|1
845|643|1349|chrome|1
882|649|1349|chrome|1
905|728|1349|chrome|1
831|652|1349|chrome|1
868|635|1349|chrome|1
916|649|1349|chrome|1
912|644|1349|chrome|1
869|643|1349|chrome|1
897|633|1349|chrome|1
1034|466|1349|chrome|1
291|425|320|safari|1
305|347|320|safari|1
750|565|1349|chrome|1
747|507|1349|chrome|1
764|293|1349|chrome|1
712|377|1263|chrome|1
724|449|1263|chrome|1
719|518|1263|chrome|1
719|584|1263|chrome|1
486|568|1349|msie|1
712|643|1263|chrome|1
885|646|1263|chrome|1
733|378|1349|chrome|1
491|14|1349|chrome|1
659|17|1349|chrome|1
632|64|1349|chrome|1
576|142|1349|chrome|1
581|322|1349|chrome|1
814|367|1349|chrome|1
689|15|1349|chrome|1
468|577|1349|msie|1
1007|966|1349|chrome|1
62|26|360|chrome|1
1049|941|1349|chrome|1
976|646|1423|chrome|1
323|302|360|chrome|1
328|300|360|chrome|1
473|574|1349|msie|1
315|300|360|chrome|1
99|134|360|chrome|1
50|94|360|chrome|1
47|295|360|chrome|1
510|82|1259|chrome|1
647|539|1349|msie|1
744|440|1349|msie|1
793|507|1423|chrome|1
792|445|1423|chrome|1
978|447|1265|chrome|1
844|433|1265|chrome|1
844|433|1265|chrome|1
548|368|1349|chrome|1
1099|515|1423|chrome|1
889|448|1423|chrome|1
1102|470|1423|chrome|1
1173|505|1423|chrome|1
878|444|1265|chrome|1
878|444|1265|chrome|1
1026|539|1265|chrome|1
892|501|1265|chrome|1
892|501|1265|chrome|1
806|640|1265|chrome|1
702|438|1264|chrome|1
1116|504|1349|chrome|3
913|683|1349|chrome|1
714|501|1264|chrome|1
703|571|1264|chrome|1
887|690|1349|chrome|1
704|345|1265|chrome|1
559|126|1349|chrome|1
692|555|1265|chrome|1
699|578|1265|chrome|1
766|442|1349|chrome|1
752|507|1349|chrome|1
750|547|1349|chrome|1
763|667|1349|chrome|1
332|53|1349|chrome|1
705|658|1265|chrome|1
693|526|1265|chrome|1
710|436|1265|chrome|1
711|365|1265|chrome|1
717|271|1265|chrome|1
707|511|1265|chrome|1
702|655|1265|chrome|1
879|626|1259|chrome|1
709|301|1265|chrome|1
794|295|1423|chrome|1
805|636|1265|chrome|1
590|87|1423|chrome|1
964|733|1423|chrome|1
944|450|1265|chrome|1
856|685|1265|chrome|1
453|576|1349|msie|1
740|439|1349|msie|1
879|619|1349|chrome|1
892|23|1423|chrome|1
898|301|1423|chrome|1
921|637|1349|chrome|1
1085|693|1423|chrome|1
915|312|1423|chrome|1
945|307|1423|chrome|1
911|309|1423|chrome|1
1072|127|1423|chrome|1
958|611|1423|chrome|1
502|575|1349|msie|1
1070|662|1423|chrome|1
911|305|1423|chrome|1
1067|130|1423|chrome|1
896|17|1423|chrome|1
891|285|1423|chrome|1
861|283|1423|chrome|1
911|307|1423|chrome|1
863|432|1345|chrome|1
912|433|1345|chrome|1
860|449|1345|chrome|1
1090|666|1423|chrome|1
907|505|1423|chrome|1
1062|327|1423|chrome|1
1071|655|1423|chrome|1
758|647|1349|chrome|1
923|501|1423|chrome|1
758|581|1349|chrome|1
749|431|1349|msie|1
750|508|1349|chrome|1
1068|325|1423|chrome|1
936|878|1423|chrome|1
1042|658|1423|chrome|1
910|307|1423|chrome|1
1067|123|1423|chrome|1
578|608|1007|chrome|1
1016|619|1423|chrome|1
954|207|1423|chrome|1
581|491|1007|chrome|1
1087|658|1423|chrome|1
583|454|1007|chrome|1
956|308|1423|chrome|1
590|374|1007|chrome|1
564|291|1007|chrome|1
1065|124|1423|chrome|1
579|723|1007|chrome|1
587|588|1007|chrome|1
580|81|1423|chrome|1
582|671|1007|chrome|1
574|723|1007|chrome|1
574|677|1007|chrome|1
860|681|1345|chrome|1
897|696|1345|chrome|1
882|689|1345|chrome|1
747|513|1345|chrome|1
748|652|1345|chrome|1
1012|894|1345|chrome|1
1348|199|1349|chrome|1
944|630|1349|chrome|1
783|445|1423|chrome|1
925|309|1349|chrome|1
757|450|1349|chrome|1
1434|546|1583|firefox|1
1003|721|1349|chrome|1
276|50|1423|chrome|1
667|24|1349|chrome|1
641|117|1349|chrome|1
701|150|1349|chrome|1
914|869|1423|chrome|1
1173|328|1423|chrome|1
880|682|1345|chrome|1
980|736|1349|chrome|1
979|727|1349|chrome|1
762|515|1349|chrome|1
746|411|1349|chrome|1
746|361|1349|chrome|1
877|643|1259|chrome|1
64|626|320|chrome|1
835|686|1259|chrome|1
709|664|1259|chrome|1
706|555|1259|chrome|1
716|505|1259|chrome|1
717|455|1259|chrome|1
699|355|1259|chrome|1
707|301|1259|chrome|1
895|633|1259|chrome|1
644|81|1349|chrome|1
550|84|1349|chrome|1
852|641|1264|chrome|1
926|604|1349|chrome|1
893|643|1264|chrome|1
968|616|1423|chrome|1
823|872|1264|chrome|1
740|523|1349|chrome|1
732|422|1349|chrome|1
725|360|1349|chrome|1
850|626|1264|chrome|1
350|211|1349|chrome|3
931|621|1349|chrome|1
783|281|1423|chrome|1
779|378|1423|chrome|1
775|441|1423|chrome|1
799|523|1423|chrome|1
800|569|1423|chrome|1
788|650|1423|chrome|1
795|704|1423|chrome|1
784|717|1423|chrome|1
784|718|1423|chrome|1
795|655|1423|chrome|1
787|722|1423|chrome|1
1098|513|1423|chrome|1
806|368|1423|chrome|1
289|46|1423|chrome|1
1091|692|1423|chrome|1
946|411|1423|chrome|1
1068|231|1423|chrome|1
973|600|1423|chrome|1
488|567|1349|msie|1
985|695|1349|msie|1
472|570|1349|msie|1
854|653|1349|msie|1
964|616|1423|chrome|1
819|616|1349|chrome|1
321|51|1349|chrome|1
896|705|1349|chrome|1
778|84|1349|chrome|1
492|20|1349|chrome|1
844|92|1349|chrome|3
463|575|1349|msie|1
889|729|1349|chrome|1
863|692|1349|chrome|1
984|697|1349|msie|1
885|682|1349|chrome|1
419|567|1349|msie|1
886|726|1349|chrome|1
855|664|1349|msie|1
1042|699|1349|chrome|1
866|562|1349|chrome|1
828|554|1349|chrome|1
871|566|1349|chrome|1
846|561|1349|chrome|1
880|554|1349|chrome|1
839|558|1349|chrome|1
873|548|1349|chrome|1
843|557|1349|chrome|1
871|565|1349|chrome|1
449|572|1349|msie|1
492|212|1349|chrome|1
302|213|1349|chrome|1
1025|376|1349|chrome|1
307|890|1349|chrome|3
87|589|1349|chrome|1
438|568|1349|msie|1
848|617|1264|chrome|1
915|639|1349|chrome|1
857|21|1349|chrome|1
842|394|1349|chrome|1
755|658|1349|chrome|1
155|358|300|opera|1
749|726|1349|chrome|1
749|714|1349|chrome|1
747|721|1349|chrome|1
750|688|1349|chrome|1
751|720|1349|chrome|1
744|361|1349|chrome|1
317|295|360|chrome|1
315|410|360|chrome|1
325|349|360|chrome|1
83|431|360|chrome|1
1052|657|1349|chrome|1
842|534|1349|chrome|1
870|532|1349|chrome|1
1029|351|1349|chrome|1
930|605|1349|chrome|1
1058|721|1349|chrome|1
891|683|1349|chrome|1
887|642|1349|chrome|1
299|53|1423|chrome|1
1087|17|1583|chrome|1
1122|687|1583|chrome|1
1025|694|1349|chrome|1
838|507|1349|chrome|1
867|530|1349|chrome|1
850|531|1349|chrome|1
852|528|1349|chrome|1
858|538|1349|chrome|1
875|519|1349|chrome|1
844|524|1349|chrome|1
867|525|1349|chrome|1
844|519|1349|chrome|1
1147|357|1583|chrome|1
963|645|1583|chrome|1
979|20|1583|chrome|1
1036|342|1349|chrome|1
1428|136|1583|chrome|1
590|510|768|safari|1
865|10|1349|chrome|1
861|14|1349|chrome|1
487|55|1583|chrome|1
918|176|1349|chrome|1
862|372|1583|chrome|1
863|445|1583|chrome|1
863|668|1583|chrome|1
593|539|768|safari|1
863|721|1583|chrome|1
870|653|1583|chrome|1
587|864|1583|chrome|1
429|17|768|safari|1
570|96|768|safari|1
502|47|1583|chrome|1
573|155|768|safari|1
591|510|768|safari|1
757|380|1349|firefox|1
759|449|1349|firefox|1
760|521|1349|firefox|1
760|594|1349|firefox|1
751|668|1349|firefox|1
913|344|1349|firefox|1
591|507|768|safari|1
1026|385|1349|firefox|1
956|428|1349|firefox|1
858|373|1583|chrome|1
861|425|1583|chrome|1
758|352|1349|firefox|1
846|374|1583|chrome|1
862|377|1349|firefox|1
759|559|1349|chrome|1
429|24|768|safari|1
735|650|1349|chrome|1
750|718|1349|firefox|1
320|528|768|safari|1
736|372|1349|chrome|1
288|902|1349|firefox|2
862|364|1583|chrome|1
663|909|1349|firefox|2
748|298|1349|chrome|1
743|688|1349|firefox|1
795|655|1138|unknown|1
855|6|1349|chrome|1
790|657|1138|unknown|1
781|705|1138|unknown|1
691|23|1349|chrome|1
754|591|1349|firefox|1
750|657|1349|firefox|1
873|372|1583|chrome|1
762|13|1138|unknown|1
762|13|1138|unknown|1
723|213|1138|unknown|1
1116|599|1349|chrome|1
864|569|1583|chrome|1
1021|599|1349|chrome|1
1149|631|1349|chrome|1
905|696|1349|chrome|1
1104|637|1583|chrome|1
1121|687|1583|chrome|1
1066|431|1583|chrome|1
924|726|1349|chrome|1
1028|435|1583|chrome|1
993|437|1583|chrome|1
1024|599|1349|chrome|1
1029|438|1583|chrome|1
1022|596|1349|chrome|1
1021|595|1349|chrome|1
1060|437|1583|chrome|1
1148|254|1583|chrome|1
979|19|1583|chrome|1
1344|219|1583|chrome|1
976|18|1583|chrome|1
1031|174|1583|chrome|1
988|211|1583|chrome|1
972|636|1583|chrome|1
748|376|1349|firefox|1
731|378|1349|firefox|1
749|369|1349|firefox|1
439|331|768|safari|1
431|19|768|safari|1
364|173|768|safari|1
437|20|768|safari|1
327|597|768|safari|1
65|24|768|safari|1
153|101|768|safari|1
192|215|768|safari|1
420|273|768|safari|1
587|440|1015|chrome|1
320|293|360|chrome|1
752|363|1351|chrome|1
754|357|1349|chrome|1
577|524|1015|chrome|1
110|352|1349|chrome|1
562|364|1007|chrome|1
880|629|1349|chrome|1
920|374|1349|chrome|1
565|25|1349|chrome|1
844|617|1264|chrome|1
282|394|320|unknown|1
304|325|320|unknown|1
15|29|360|chrome|1
54|19|360|chrome|1
177|334|320|safari|1
307|241|320|safari|1
309|247|320|safari|1
304|286|320|safari|1
299|438|320|safari|1
522|84|1263|chrome|1
707|378|1264|firefox|1
259|29|320|chrome|1
234|17|320|chrome|1
145|18|320|chrome|1
93|152|320|chrome|1
709|433|1264|firefox|1
720|510|1264|firefox|1
710|582|1264|firefox|1
708|671|1264|firefox|1
444|670|1264|firefox|1
719|320|1264|firefox|1
976|662|1264|firefox|1
935|583|1264|firefox|1
983|404|1264|firefox|1
1010|611|1264|firefox|1
965|660|1264|firefox|1
932|353|1264|firefox|1
983|171|1264|firefox|1
742|459|1343|chrome|1
1219|642|1903|firefox|1
1219|638|1903|firefox|1
1203|643|1903|firefox|1
538|84|1583|chrome|1
1003|378|1853|chrome|1
1003|449|1853|chrome|1
993|524|1853|chrome|1
978|620|1853|chrome|1
983|645|1853|chrome|1
705|663|1263|chrome|1
706|723|1263|chrome|1
707|627|1263|chrome|1
718|591|1263|chrome|1
709|391|1263|chrome|1
737|570|1349|chrome|1
756|425|1349|chrome|1
735|439|1349|chrome|1
754|443|1349|chrome|1
748|659|1349|chrome|1
973|646|1349|chrome|1
978|636|1349|chrome|1
974|638|1349|chrome|1
743|370|1349|chrome|1
963|641|1349|chrome|1
1231|574|1349|chrome|1
694|433|1264|chrome|1
699|500|1264|chrome|1
822|878|1264|chrome|1
755|362|1349|chrome|1
892|635|1264|chrome|1
976|632|1349|chrome|1
4|447|1349|chrome|1
303|249|360|chrome|1
742|289|1349|chrome|1
216|10|320|safari|1
708|437|1284|firefox|1
974|611|1349|chrome|1
965|618|1349|chrome|1
316|276|360|chrome|1
505|82|1423|chrome|1
313|275|360|chrome|1
315|350|360|chrome|1
802|515|1423|chrome|1
312|318|360|chrome|1
796|439|1423|chrome|1
670|921|1349|chrome|1
736|383|1349|chrome|1
607|80|1349|chrome|1
787|397|1423|chrome|1
797|525|1423|chrome|1
806|444|1423|chrome|1
775|297|1423|chrome|1
990|687|1349|chrome|1
872|545|1349|chrome|1
911|534|1349|chrome|1
870|544|1349|chrome|1
900|535|1349|chrome|1
873|545|1349|chrome|1
906|532|1349|chrome|1
877|536|1349|chrome|1
753|424|1349|chrome|1
735|314|1349|chrome|1
503|510|1349|chrome|1
907|545|1349|chrome|1
1014|672|1349|chrome|1
943|531|1349|chrome|1
877|544|1349|chrome|1
919|536|1349|chrome|1
942|536|1349|chrome|1
1217|771|1349|chrome|1
756|450|1349|chrome|1
748|287|1349|chrome|1
755|378|1349|chrome|1
1181|606|1349|chrome|1
810|658|1263|chrome|1
807|697|1263|chrome|1
807|697|1263|chrome|1
939|654|1263|chrome|1
476|85|1343|chrome|1
469|509|1343|chrome|1
754|350|1343|chrome|1
271|42|1349|chrome|1
273|45|1349|chrome|1
905|438|1349|chrome|1
932|425|1349|chrome|1
1018|545|1264|chrome|1
1130|450|1264|chrome|2
31|926|1264|chrome|2
57|17|320|safari|1
145|90|320|safari|1
187|173|320|safari|1
515|498|1349|chrome|1
1064|523|1349|chrome|1
1133|477|1349|chrome|1
1006|698|1349|chrome|1
879|51|1349|chrome|3
1222|68|1349|chrome|1
880|881|1349|chrome|1
564|496|1349|chrome|1
368|219|1349|chrome|1
352|216|1349|chrome|1
743|348|1349|chrome|1
745|373|1349|chrome|1
96|305|1349|chrome|1
747|379|1349|chrome|1
750|363|1349|chrome|1
572|436|1007|chrome|1
578|495|1007|chrome|1
576|574|1007|chrome|1
576|650|1007|chrome|1
575|721|1007|chrome|1
575|656|1007|chrome|1
577|723|1007|chrome|1
575|669|1007|chrome|1
575|720|1007|chrome|1
581|660|1007|chrome|1
576|723|1007|chrome|1
748|350|1349|chrome|1
750|443|1349|chrome|1
746|359|1349|chrome|1
843|610|1349|chrome|1
753|444|1349|chrome|1
749|497|1349|chrome|1
740|277|1349|chrome|1
922|146|1349|chrome|1
857|620|1349|chrome|1
919|423|1349|chrome|1
477|80|1349|chrome|1
932|602|1349|chrome|1
742|496|1349|chrome|1
748|359|1349|chrome|1
746|291|1349|chrome|1
753|354|1349|chrome|1
744|666|1349|chrome|1
1009|655|1349|chrome|1
756|506|1349|chrome|1
911|426|1349|chrome|1
907|418|1349|chrome|1
815|410|1349|chrome|1
899|414|1349|chrome|1
755|517|1349|chrome|1
745|586|1349|chrome|1
744|665|1349|chrome|1
936|417|1349|chrome|1
878|411|1349|chrome|1
843|411|1349|chrome|1
803|411|1349|chrome|1
844|405|1349|chrome|1
800|416|1349|chrome|1
1033|231|1349|chrome|1
967|23|1349|chrome|1
859|886|1349|chrome|1
1089|222|1349|chrome|1
1135|19|1349|chrome|1
831|661|1349|chrome|1
500|535|1349|chrome|1
772|205|1349|chrome|1
1086|659|1349|chrome|1
591|24|1349|chrome|1
514|21|1349|chrome|1
492|16|1349|chrome|1
651|20|1349|chrome|1
653|54|1349|chrome|1
617|142|1349|chrome|1
627|330|1349|chrome|1
765|471|1349|chrome|1
749|722|1349|chrome|1
749|722|1349|chrome|1
666|20|1349|chrome|1
749|722|1349|chrome|1
669|25|1349|chrome|1
730|685|1349|chrome|1
672|48|1349|chrome|1
888|667|1349|chrome|1
487|486|1349|chrome|1
746|431|1349|chrome|1
135|670|1349|chrome|1
756|373|1349|chrome|1
417|479|1349|chrome|3
751|498|1349|chrome|1
495|426|1349|chrome|3
678|312|1349|chrome|3
207|411|1349|chrome|1
744|667|1349|chrome|1
210|411|1349|chrome|1
752|380|1349|chrome|1
793|665|1263|chrome|1
719|349|1263|chrome|1
709|380|1263|chrome|1
701|447|1263|chrome|1
702|508|1263|chrome|1
1013|667|1349|chrome|1
910|644|1349|chrome|1
866|635|1349|chrome|1
903|650|1349|chrome|1
746|362|1349|chrome|1
754|369|1349|chrome|1
786|15|1007|chrome|1
904|42|1007|chrome|1
291|57|1263|chrome|1
959|16|1007|chrome|1
756|439|1349|chrome|1
903|642|1349|chrome|1
748|583|1349|chrome|1
751|724|1349|chrome|1
751|724|1349|chrome|1
751|724|1349|chrome|1
751|724|1349|chrome|1
744|722|1349|chrome|1
740|680|1349|chrome|1
750|249|1349|chrome|1
744|246|1349|chrome|1
726|361|1263|chrome|1
726|361|1263|chrome|1
758|292|1349|chrome|1
860|615|1366|chrome|1
1031|375|1903|chrome|1
873|645|1366|chrome|1
1080|58|1903|chrome|1
743|719|1349|chrome|1
745|718|1349|chrome|1
747|686|1349|chrome|1
746|720|1349|chrome|1
749|718|1349|chrome|1
739|658|1349|chrome|1
1276|12|1903|chrome|1
729|564|1349|chrome|1
704|341|1263|chrome|1
712|378|1263|chrome|1
753|436|1349|chrome|1
1035|458|1349|chrome|1
421|332|768|safari|1
324|47|1343|chrome|1
755|363|1343|chrome|1
747|439|1343|chrome|1
748|445|1343|chrome|1
754|449|1343|chrome|1
752|437|1343|chrome|1
435|421|768|safari|1
752|436|1349|chrome|1
750|286|1349|chrome|1
423|480|768|safari|1
425|351|768|safari|1
429|332|768|safari|1
707|430|1263|chrome|1
714|500|1263|chrome|1
429|335|768|safari|1
718|576|1263|chrome|1
705|671|1263|chrome|1
705|345|1263|chrome|1
1004|665|1263|chrome|1
941|468|1263|chrome|1
991|303|1263|chrome|1
804|905|1349|chrome|1
1050|592|1349|chrome|1
338|53|1349|chrome|1
594|369|1007|chrome|1
321|215|360|safari|1
396|84|1007|chrome|1
329|227|360|safari|1
322|266|360|safari|1
209|256|360|safari|1
321|142|360|safari|1
328|223|360|safari|1
746|646|1349|chrome|1
743|434|1349|chrome|1
740|500|1349|chrome|1
90|546|1349|chrome|1
608|83|1349|chrome|1
604|19|1264|chrome|1
609|19|1264|chrome|1
0|415|1349|firefox|1
0|365|1264|chrome|2
1009|686|1349|firefox|1
1031|290|1349|firefox|1
608|19|1264|chrome|1
672|147|1264|chrome|1
