765|1172|1903|chrome|1
660|49|1920|chrome|1
472|85|1349|chrome|1
699|81|1920|chrome|1
658|60|1903|chrome|1
914|82|1903|chrome|1
864|18|1349|chrome|1
863|26|1349|chrome|1
803|26|1349|chrome|1
804|18|1349|chrome|1
804|18|1349|chrome|1
811|20|1349|chrome|1
911|90|1349|chrome|1
861|17|1349|chrome|1
911|89|1349|chrome|1
482|80|1349|chrome|1
770|1155|1899|chrome|1
849|1162|1899|chrome|1
520|55|1899|chrome|1
341|586|1579|chrome|1
1168|492|1579|chrome|1
969|270|1579|chrome|1
334|571|1579|chrome|1
491|83|1360|safari|1
604|1166|1579|chrome|1
331|588|1579|chrome|1
1115|292|1579|chrome|1
358|569|1579|chrome|1
354|1226|1579|chrome|1
354|986|1579|chrome|1
622|284|1579|chrome|1
480|19|1007|chrome|1
543|136|1007|chrome|1
352|961|1579|chrome|1
377|13|1007|chrome|1
377|19|1007|chrome|1
339|1039|1579|chrome|1
687|309|1579|chrome|1
480|1159|1349|chrome|1
329|661|1579|chrome|1
571|1162|1349|chrome|1
422|1139|1579|chrome|1
358|565|1579|chrome|1
359|698|1579|chrome|1
593|1160|1579|chrome|1
605|1161|1349|chrome|1
678|1164|1579|chrome|1
612|1165|1349|chrome|1
615|1156|1349|chrome|1
710|1172|1579|chrome|1
1193|209|1579|chrome|3
607|1155|1349|chrome|1
726|1158|1579|chrome|1
598|1162|1349|chrome|1
684|746|1579|chrome|3
729|1162|1579|chrome|1
807|946|1579|chrome|3
972|953|1579|chrome|3
647|1164|1579|chrome|1
315|18|1349|chrome|1
240|108|1349|chrome|1
609|1155|1349|chrome|1
611|1157|1349|chrome|1
875|279|1349|chrome|3
617|1169|1349|chrome|1
1060|525|1349|chrome|3
728|991|1349|chrome|3
634|1162|1349|chrome|1
724|1171|1579|chrome|1
639|1158|1349|chrome|1
840|796|1349|chrome|3
659|502|1275|chrome|1
710|1160|1579|chrome|1
541|699|1349|chrome|3
641|1161|1349|chrome|1
756|952|1579|chrome|3
776|1161|1579|chrome|1
721|423|1579|chrome|1
691|1169|1349|chrome|1
850|746|1579|chrome|3
439|677|1349|chrome|1
380|57|1349|chrome|1
454|81|1349|chrome|1
364|530|1579|chrome|1
148|564|1113|firefox|1
376|1166|1113|firefox|1
453|1155|1113|firefox|1
493|1164|1113|firefox|1
492|1169|1113|firefox|1
487|1172|1113|firefox|1
485|1172|1113|firefox|1
579|307|1113|firefox|1
494|1163|1113|firefox|1
486|1171|1113|firefox|1
489|1170|1113|firefox|1
505|1170|1113|firefox|1
1110|208|1113|firefox|1
506|1165|1113|firefox|1
490|1161|1349|chrome|1
126|679|1113|firefox|1
454|1156|1275|chrome|1
508|248|1275|chrome|1
571|502|1113|firefox|1
576|1164|1349|chrome|1
614|1156|1349|chrome|1
610|1168|1349|chrome|1
910|952|1349|chrome|3
370|1160|1113|firefox|1
601|1172|1349|chrome|1
636|83|1349|chrome|1
446|1167|1113|firefox|1
1307|18|1920|chrome|1
763|521|1113|firefox|1
498|1172|1113|firefox|1
490|1158|1113|firefox|1
497|1170|1113|firefox|1
238|566|1349|chrome|1
523|1166|1113|firefox|1
75|1065|1007|chrome|1
56|899|1007|chrome|1
315|1161|1007|chrome|1
404|1150|1007|chrome|1
360|433|1007|chrome|1
556|83|1349|chrome|1
348|800|1007|chrome|1
859|11|1349|chrome|1
857|215|1349|chrome|1
71|1146|1007|chrome|1
68|18|360|chrome|1
60|93|360|chrome|1
58|95|360|chrome|1
64|110|360|chrome|1
49|9|360|chrome|1
335|22|360|chrome|1
1224|36|1920|chrome|1
338|25|360|chrome|1
0|321|1349|chrome|1
328|18|360|chrome|1
338|15|360|chrome|1
357|322|1349|chrome|1
397|82|1349|chrome|1
476|1164|1349|chrome|1
986|31|1351|chrome|1
233|1020|1349|chrome|1
233|460|1349|chrome|1
552|84|1349|chrome|1
512|535|1349|chrome|3
486|1159|1349|chrome|1
1216|828|1349|chrome|1
455|1161|1263|chrome|1
1274|21|1829|chrome|1
449|247|1240|safari|3
970|281|1240|safari|3
494|81|1240|safari|1
641|258|1240|safari|1
193|57|320|chrome|1
213|16|320|chrome|1
448|251|1240|safari|1
192|627|320|chrome|1
65|259|320|chrome|1
249|673|1349|chrome|1
1062|1005|1349|chrome|1
486|1164|1349|chrome|1
865|533|1349|chrome|2
1049|272|1349|chrome|2
562|1169|1349|chrome|1
483|84|1349|chrome|1
689|495|1349|chrome|2
532|1161|1349|chrome|1
1061|751|1349|chrome|2
611|1159|1349|chrome|1
612|1168|1349|chrome|1
162|21|360|chrome|1
64|22|360|chrome|1
221|666|360|chrome|1
600|1162|1349|chrome|1
166|18|360|chrome|1
653|1156|1349|chrome|1
78|450|360|chrome|1
152|16|360|chrome|1
182|579|360|chrome|1
308|691|360|chrome|1
529|1168|1263|chrome|1
284|49|1263|chrome|1
369|91|1007|chrome|1
343|18|360|chrome|1
239|51|360|chrome|1
30|363|1349|chrome|1
30|463|1349|chrome|1
855|15|1349|chrome|1
830|301|1349|chrome|1
507|1167|1349|chrome|1
396|19|1349|chrome|1
452|157|1349|chrome|1
577|1158|1349|chrome|1
596|1164|1349|chrome|1
602|1155|1349|chrome|1
607|1159|1349|chrome|1
690|539|1349|chrome|2
611|1162|1349|chrome|1
620|1164|1349|chrome|1
622|1159|1349|chrome|1
832|258|1349|chrome|2
617|1161|1349|chrome|1
609|1167|1349|chrome|1
639|1160|1349|chrome|1
635|1166|1349|chrome|1
644|1163|1349|chrome|1
683|1170|1349|chrome|1
213|562|1291|chrome|1
84|48|1007|chrome|1
224|669|1291|chrome|1
455|1169|1291|chrome|1
543|1169|1291|chrome|1
579|1167|1291|chrome|1
588|1172|1291|chrome|1
573|1164|1291|chrome|1
616|1170|1291|chrome|1
431|1163|1264|chrome|1
520|1162|1264|chrome|1
926|24|1280|safari|1
557|1165|1264|chrome|1
924|46|1280|safari|1
1096|27|1280|safari|1
572|1161|1264|chrome|1
572|1163|1264|chrome|1
561|1172|1264|chrome|1
561|1172|1264|chrome|1
573|1164|1264|chrome|1
1061|27|1423|chrome|1
1031|13|1423|chrome|1
874|268|1663|chrome|2
397|1147|1663|chrome|2
399|1104|1663|chrome|2
388|946|1663|chrome|1
527|1165|1423|chrome|1
1011|30|1423|chrome|1
392|83|1204|firefox|1
1325|292|1903|chrome|3
927|1162|1903|chrome|1
1009|508|1263|chrome|3
188|542|1263|chrome|1
1198|213|1903|chrome|1
1130|22|1903|chrome|1
1098|301|1903|chrome|1
604|79|1583|firefox|1
100|566|1008|chrome|1
68|1020|1008|chrome|1
76|980|1008|chrome|1
53|327|1204|firefox|1
792|15|1204|firefox|1
741|20|1204|firefox|1
49|311|1204|firefox|1
401|87|1204|firefox|1
759|310|1204|firefox|1
690|1005|1665|chrome|1
514|996|1263|chrome|3
453|1169|1263|chrome|1
891|292|1421|safari|1
305|1165|1007|chrome|1
721|227|1007|chrome|3
433|84|1263|chrome|1
257|574|1349|chrome|1
917|829|1349|chrome|1
491|1162|1349|chrome|1
756|1158|1899|chrome|1
673|497|1349|chrome|1
258|568|1349|chrome|1
566|1157|1349|chrome|1
244|681|1349|chrome|1
647|23|1349|chrome|1
707|1008|1349|chrome|1
600|1164|1349|chrome|1
391|1163|1007|chrome|1
602|1157|1349|chrome|1
517|336|1349|chrome|1
431|1163|1007|chrome|1
1120|13|1583|chrome|1
1206|562|1349|chrome|2
1208|594|1349|chrome|1
268|572|1349|firefox|1
606|1154|1349|chrome|1
436|1159|1007|chrome|1
656|71|1349|chrome|1
625|88|1349|chrome|1
663|522|1349|chrome|2
601|1154|1349|chrome|1
712|199|1349|chrome|2
0|87|1349|chrome|1
665|94|1349|chrome|1
1052|263|1349|chrome|2
654|23|1349|chrome|1
649|95|1349|chrome|1
686|512|1349|chrome|2
465|778|1349|chrome|2
869|758|1349|chrome|2
1044|804|1349|chrome|2
497|981|1349|chrome|2
924|58|1349|chrome|1
233|568|1349|chrome|1
609|1156|1349|chrome|1
21|299|1349|chrome|2
618|1158|1349|chrome|1
1076|249|1349|chrome|3
32|458|1349|chrome|1
241|679|1349|chrome|1
1418|17|1920|chrome|1
495|20|1263|chrome|1
505|481|1007|chrome|3
1031|555|1349|chrome|2
850|191|1920|chrome|1
618|1160|1349|chrome|1
899|19|1920|chrome|1
294|772|1349|chrome|1
1042|925|1349|chrome|2
482|1163|1349|chrome|1
1091|272|1349|chrome|2
527|304|1349|chrome|1
648|489|1349|chrome|2
631|1155|1349|chrome|1
582|270|1349|chrome|2
858|1061|1349|chrome|1
172|291|1349|chrome|3
566|1174|1349|chrome|1
641|1160|1349|chrome|1
697|1168|1349|chrome|1
524|268|1349|chrome|1
520|1006|1349|chrome|1
617|1154|1349|chrome|1
441|1164|1007|chrome|1
659|1170|1349|chrome|1
615|432|1349|chrome|1
541|683|1903|firefox|1
638|1415|1663|chrome|1
603|1173|1583|chrome|1
807|243|1583|chrome|1
1132|1004|1903|firefox|3
760|1166|1903|firefox|1
823|295|1903|firefox|3
236|1208|1279|chrome|3
208|1352|1279|chrome|3
1326|271|1903|firefox|3
446|1161|1279|chrome|1
356|72|1279|chrome|1
1330|779|1903|firefox|3
830|13|1279|chrome|1
74|317|1279|chrome|1
495|111|1279|chrome|1
838|1168|1903|firefox|1
199|561|1214|safari|1
970|250|1214|safari|1
799|751|1214|safari|1
1151|557|1903|firefox|3
810|1000|1214|safari|1
803|799|1903|firefox|3
882|1163|1903|firefox|1
421|1163|1214|safari|1
186|675|1214|safari|1
619|976|1214|safari|1
421|1160|1214|safari|1
503|1160|1214|safari|1
1329|547|1903|firefox|3
539|1167|1214|safari|1
471|734|1214|safari|1
926|1167|1903|firefox|1
541|1164|1214|safari|1
1004|516|1214|safari|1
1268|8|1903|chrome|1
890|24|1214|safari|1
1067|22|1214|safari|1
765|1157|1903|chrome|1
841|1158|1903|chrome|1
893|1159|1903|chrome|1
251|393|1349|chrome|1
247|653|1349|chrome|1
1|405|1349|chrome|1
660|271|1349|chrome|3
568|1168|1349|chrome|1
0|294|1349|chrome|1
351|22|1339|chrome|1
310|152|1339|chrome|1
348|543|1583|firefox|1
578|22|1423|firefox|1
77|1998|320|unknown|1
152|1779|320|unknown|1
190|1789|320|unknown|1
310|1155|1007|chrome|1
132|1083|1007|chrome|1
315|1160|1007|chrome|1
319|429|1007|chrome|1
371|283|1007|chrome|1
830|14|1442|safari|1
279|679|1423|chrome|1
283|392|1423|chrome|1
322|417|1423|chrome|1
504|88|1265|firefox|1
475|1162|1339|chrome|1
561|1156|1339|chrome|1
604|1155|1339|chrome|1
598|1157|1339|chrome|1
611|1156|1339|chrome|1
608|1166|1339|chrome|1
864|16|1339|chrome|1
912|88|1339|chrome|1
285|640|1423|chrome|1
285|637|1423|chrome|1
272|522|1423|chrome|1
260|572|1349|chrome|1
238|674|1349|chrome|1
501|262|1263|chrome|1
287|784|1349|chrome|1
490|1156|1349|chrome|1
66|416|1349|chrome|1
573|1168|1349|chrome|1
95|465|1349|chrome|1
617|1169|1349|chrome|1
1240|438|1349|chrome|1
1179|352|1349|chrome|1
655|1159|1349|chrome|1
798|22|1007|chrome|1
765|17|1007|chrome|1
801|19|1007|chrome|1
796|62|1007|chrome|1
960|17|1007|chrome|1
305|84|1007|chrome|1
228|402|1349|chrome|1
491|1152|1349|chrome|1
691|292|1349|chrome|3
532|1001|1349|chrome|3
565|1168|1349|chrome|1
858|14|1349|chrome|1
60|604|320|safari|1
837|278|1349|chrome|1
827|61|1349|chrome|1
831|305|1349|chrome|1
531|432|1349|chrome|1
227|400|1349|chrome|1
718|311|1349|chrome|1
485|1164|1349|chrome|1
499|978|1349|chrome|1
238|1042|1345|chrome|1
268|573|1350|firefox|1
258|676|1350|firefox|1
230|1021|1345|chrome|1
292|781|1350|firefox|1
243|1069|1345|chrome|1
245|1128|1345|chrome|1
229|1126|1345|chrome|1
496|1164|1350|firefox|1
227|1174|1345|chrome|1
526|575|1350|firefox|1
244|1227|1345|chrome|1
568|1166|1350|firefox|1
607|1171|1350|firefox|1
645|1174|1350|firefox|1
232|681|1349|chrome|1
264|394|1349|chrome|1
520|434|1350|firefox|1
537|716|1350|firefox|1
925|48|1350|firefox|1
254|574|1350|firefox|1
259|681|1350|firefox|1
299|787|1350|firefox|1
487|1173|1350|firefox|1
533|550|1350|firefox|1
859|15|1350|firefox|1
264|546|1423|chrome|1
861|19|1350|firefox|1
909|178|1350|firefox|1
859|15|1350|firefox|1
858|17|1350|firefox|1
910|88|1350|firefox|1
252|625|1350|firefox|1
261|675|1350|firefox|1
301|434|1350|firefox|1
291|762|1350|firefox|1
500|780|1350|firefox|1
842|239|1350|firefox|1
325|437|1350|firefox|1
1238|807|1349|firefox|1
251|565|1350|firefox|1
268|660|1350|firefox|1
667|942|1350|firefox|1
845|310|1350|firefox|1
277|1143|1423|chrome|3
280|1207|1423|chrome|1
306|399|1423|chrome|3
527|1164|1423|chrome|1
601|1163|1423|chrome|1
784|18|1195|chrome|1
711|242|1349|chrome|1
144|548|1195|chrome|1
524|524|1349|chrome|3
498|513|1349|chrome|3
866|23|1349|chrome|1
813|300|1349|chrome|1
222|1036|1349|chrome|1
284|1130|1349|chrome|1
246|988|1349|chrome|1
242|920|1349|chrome|1
733|735|1423|chrome|3
703|290|1349|chrome|1
162|27|360|chrome|1
69|30|360|chrome|1
73|94|360|chrome|1
83|291|360|chrome|1
210|547|1349|chrome|1
981|23|1583|chrome|1
906|117|1583|chrome|1
1024|22|1442|safari|1
66|26|320|unknown|1
188|95|320|unknown|1
224|182|320|unknown|1
640|1170|1647|firefox|1
1003|26|1349|chrome|1
72|21|360|chrome|1
172|35|360|chrome|1
299|22|360|chrome|1
241|271|360|chrome|1
104|243|1349|chrome|1
69|445|1349|chrome|1
993|28|1349|chrome|1
1040|16|1349|chrome|1
233|549|1349|chrome|1
331|53|1349|chrome|1
246|396|1349|chrome|1
866|1003|1349|chrome|3
483|1157|1349|chrome|1
622|1160|1349|chrome|1
323|416|1349|chrome|1
176|436|1349|chrome|1
292|413|1349|chrome|1
149|443|1349|chrome|1
582|1179|1349|chrome|1
572|1159|1349|chrome|1
543|543|1349|chrome|1
838|230|1349|chrome|1
611|1170|1583|firefox|1
348|860|1583|firefox|1
521|784|1583|firefox|1
861|19|1349|chrome|1
99|422|1349|chrome|1
218|401|1349|chrome|1
244|397|1349|chrome|1
485|1161|1349|chrome|1
867|294|1349|chrome|1
846|391|1349|chrome|1
153|326|1349|chrome|1
859|31|1349|chrome|1
865|7|1349|chrome|1
913|261|1349|chrome|1
836|18|1903|chrome|1
502|242|980|chrome|3
328|507|980|chrome|3
824|23|1349|chrome|1
236|1126|1264|chrome|1
504|78|1264|chrome|1
963|245|1264|chrome|1
458|85|1284|chrome|1
375|320|1284|chrome|1
1242|332|1349|chrome|1
704|1069|1349|chrome|1
658|23|1349|chrome|1
715|133|1349|chrome|1
594|16|1349|chrome|1
377|50|1349|chrome|1
554|82|1349|chrome|1
951|15|1343|chrome|1
1057|272|1343|chrome|1
918|24|1349|chrome|1
864|24|1349|chrome|1
837|392|1349|chrome|1
509|573|1903|chrome|1
483|1164|1349|chrome|1
291|788|320|chrome|1
563|1163|1349|chrome|1
64|1768|320|chrome|1
557|83|1349|chrome|1
108|1776|320|chrome|1
135|1770|320|chrome|1
1187|212|1903|chrome|1
1138|19|1903|chrome|1
176|1777|320|chrome|1
54|34|320|chrome|1
70|32|320|chrome|1
216|107|320|chrome|1
232|90|320|chrome|1
192|252|320|chrome|1
186|547|1263|chrome|1
670|774|1903|chrome|1
859|230|1349|chrome|1
481|83|1349|chrome|1
281|937|1423|chrome|1
535|447|1423|chrome|3
520|1156|1423|chrome|1
1124|729|1423|chrome|3
767|1168|1903|chrome|1
813|1028|1903|chrome|2
1005|957|1903|chrome|2
848|1166|1903|chrome|1
886|1165|1903|chrome|1
601|23|1423|firefox|1
189|377|1349|chrome|1
241|570|1349|chrome|1
259|393|1349|chrome|1
350|86|1007|chrome|1
136|440|1007|firefox|1
6|346|1350|chrome|1
82|244|1350|chrome|1
78|539|1350|chrome|1
1337|224|1350|chrome|1
1271|322|1350|chrome|1
1193|85|1350|chrome|1
0|272|1350|chrome|1
990|670|1349|chrome|3
1269|940|1349|chrome|1
66|1308|1350|chrome|1
568|1165|1349|chrome|1
326|420|1349|chrome|1
741|225|1903|chrome|1
228|654|1349|chrome|1
532|396|1903|chrome|1
484|1163|1349|chrome|1
762|1166|1903|chrome|1
949|257|1903|chrome|3
530|514|1349|chrome|1
1091|466|1903|chrome|3
1308|459|1903|chrome|3
798|698|1903|chrome|3
942|714|1903|chrome|3
1325|701|1903|chrome|3
847|1160|1903|chrome|1
505|82|1263|chrome|1
269|1048|1263|chrome|1
210|1110|1263|chrome|1
46|17|320|unknown|1
48|84|320|unknown|1
207|1032|1263|chrome|1
234|1192|1263|chrome|1
37|169|320|unknown|1
207|1114|1263|chrome|1
201|953|1263|chrome|1
256|1096|1263|chrome|1
203|935|1263|chrome|1
435|1166|1263|chrome|1
258|567|1349|chrome|1
478|1165|1349|chrome|1
488|1158|1349|chrome|1
997|995|1583|chrome|3
563|1157|1349|chrome|1
834|1002|1583|chrome|3
759|1164|1583|chrome|1
254|58|1350|chrome|1
1164|738|1583|chrome|3
806|1170|1583|chrome|1
652|1166|1583|chrome|1
1012|975|1583|chrome|3
986|1237|1583|chrome|1
1157|933|1583|chrome|3
671|1168|1583|chrome|1
272|450|1349|chrome|1
796|1165|1583|chrome|1
256|572|1349|chrome|1
809|1153|1583|chrome|1
247|677|1349|chrome|1
821|1155|1583|chrome|1
287|758|1349|chrome|1
806|1154|1583|chrome|1
698|1014|1349|chrome|3
873|1019|1349|chrome|3
1109|1025|1349|chrome|3
528|1166|1349|chrome|1
491|89|1349|chrome|1
476|82|1349|chrome|1
485|285|1349|chrome|1
1012|226|1899|chrome|2
489|84|1349|chrome|1
477|958|1345|chrome|1
550|84|1349|chrome|1
557|19|1345|chrome|1
448|88|1279|chrome|1
807|82|1279|chrome|3
75|36|320|safari|1
165|93|320|safari|1
175|215|320|safari|1
563|120|1279|chrome|1
1139|13|1920|chrome|1
1135|204|1920|chrome|1
840|268|1349|chrome|1
880|395|1349|chrome|1
534|1047|1903|chrome|1
551|86|1349|chrome|1
1121|228|1903|chrome|3
222|679|1279|chrome|1
487|82|1349|chrome|1
252|648|1903|chrome|1
1260|28|1868|safari|1
535|52|1903|chrome|1
221|782|1279|chrome|1
1293|43|1868|safari|1
1390|24|1868|safari|1
1117|256|1279|chrome|1
1134|437|1279|chrome|1
449|1160|1279|chrome|1
789|794|1279|chrome|3
524|1166|1279|chrome|1
574|1164|1279|chrome|1
791|539|1279|chrome|3
530|765|1279|chrome|3
574|1173|1279|chrome|1
858|246|1279|chrome|1
242|49|1349|chrome|1
809|396|1279|chrome|1
439|83|1279|chrome|1
301|184|783|firefox|3
484|164|783|firefox|3
657|651|783|firefox|3
282|940|783|firefox|3
823|940|1899|chrome|2
222|1075|783|firefox|1
312|893|783|firefox|3
762|250|783|firefox|1
232|1084|783|firefox|1
1014|84|1920|chrome|1
1140|20|1920|chrome|1
1115|208|1920|chrome|1
262|1075|783|firefox|1
660|143|783|firefox|3
231|1070|783|firefox|1
758|204|783|firefox|1
914|42|1349|chrome|1
860|15|1349|chrome|1
996|13|1349|chrome|1
227|860|1349|chrome|1
490|1162|1349|chrome|1
569|1160|1349|chrome|1
498|925|1349|chrome|1
480|1161|1349|chrome|1
963|18|1349|chrome|1
240|902|1349|chrome|1
383|1157|1148|chrome|1
282|845|1349|chrome|1
480|1167|1349|chrome|1
574|1171|1349|chrome|1
603|1170|1349|chrome|1
817|1151|1583|chrome|1
1011|289|1583|chrome|3
1208|243|1349|firefox|1
817|1160|1583|chrome|1
483|1173|1349|firefox|1
1191|547|1583|chrome|3
1192|200|1349|firefox|1
664|1004|1583|chrome|3
813|1154|1583|chrome|1
236|1294|1349|firefox|1
1217|379|1349|firefox|1
954|292|1583|chrome|3
842|1157|1583|chrome|1
1038|523|1583|chrome|1
482|18|1583|chrome|1
708|250|1583|chrome|3
645|676|1583|chrome|3
837|1172|1583|chrome|1
857|1165|1583|chrome|1
844|1145|1583|chrome|1
851|1158|1583|chrome|1
861|1164|1583|chrome|1
476|153|1583|chrome|1
53|34|320|chrome|1
116|26|320|chrome|1
39|156|320|chrome|1
440|1168|1263|firefox|1
52|149|320|chrome|1
737|1165|1899|chrome|1
42|155|320|chrome|1
50|156|320|chrome|1
971|1161|1899|chrome|1
124|27|320|chrome|1
974|1171|1899|chrome|1
80|150|320|chrome|1
301|454|320|chrome|1
54|458|320|chrome|1
59|456|320|chrome|1
961|1160|1899|chrome|1
301|457|320|chrome|1
27|158|320|chrome|1
958|1164|1899|chrome|1
66|16|320|chrome|1
504|1059|1899|chrome|2
13|24|320|chrome|1
953|1158|1899|chrome|1
978|1157|1899|chrome|1
932|987|1899|chrome|2
980|1165|1899|chrome|1
980|1163|1899|chrome|1
997|1159|1899|chrome|1
312|443|1899|chrome|1
1008|1164|1899|chrome|1
1013|1163|1899|chrome|1
948|967|1899|chrome|1
1016|1163|1899|chrome|1
1016|1157|1899|chrome|1
525|681|1899|chrome|1
419|83|1263|firefox|1
129|497|1899|chrome|1
485|1161|1343|chrome|1
248|57|1343|chrome|1
1368|340|1583|chrome|1
487|226|1263|chrome|3
1174|125|1583|chrome|1
455|1155|1263|chrome|1
652|85|1349|chrome|1
977|23|1583|chrome|1
932|396|1583|chrome|1
936|393|1583|chrome|1
514|84|1423|chrome|1
83|397|1007|firefox|1
716|1019|1007|firefox|1
439|82|1423|chrome|1
890|20|1423|chrome|1
862|299|1423|chrome|1
600|1160|1583|chrome|1
367|392|1583|chrome|1
419|1573|1349|chrome|1
42|247|1583|chrome|1
459|1573|1349|chrome|1
761|1372|1349|chrome|1
613|1158|1583|chrome|1
533|78|1423|chrome|1
679|1160|1583|chrome|1
1105|187|1905|chrome|1
420|417|1583|chrome|1
1133|14|1905|chrome|1
1061|90|1905|chrome|1
1182|279|1583|chrome|3
601|1162|1583|chrome|1
861|232|1423|chrome|1
499|85|1423|chrome|1
1074|26|1349|chrome|1
803|273|1583|chrome|3
777|1016|1583|chrome|3
1182|987|1583|chrome|3
676|1169|1583|chrome|1
390|435|1583|chrome|1
462|1177|1148|chrome|1
603|1162|1583|chrome|1
567|21|1349|chrome|1
861|13|1349|chrome|1
840|212|1349|chrome|1
887|14|1423|chrome|1
885|301|1423|chrome|1
487|1155|1349|chrome|1
514|79|1423|chrome|1
574|1155|1349|chrome|1
981|18|1583|chrome|1
979|392|1583|chrome|1
534|669|1920|chrome|1
867|395|1423|chrome|1
518|1018|1920|chrome|1
904|16|1423|chrome|1
869|391|1423|chrome|1
773|1161|1920|chrome|1
844|1162|1920|chrome|1
359|571|1583|firefox|1
122|24|320|chrome|1
73|18|320|chrome|1
88|92|320|chrome|1
111|178|320|chrome|1
1014|1079|1583|firefox|3
767|1161|1583|firefox|1
1163|290|1583|firefox|3
813|1177|1583|firefox|1
814|1168|1583|firefox|1
814|1168|1583|firefox|1
806|1170|1583|firefox|1
733|1167|1583|firefox|1
733|1164|1583|firefox|1
754|1577|1920|chrome|1
894|1285|1920|chrome|1
1112|1319|1920|chrome|1
735|1170|1583|firefox|1
1131|1312|1920|chrome|1
791|233|1263|chrome|1
736|1168|1583|firefox|1
740|1174|1583|firefox|1
434|84|1263|chrome|1
748|1179|1583|firefox|1
762|1176|1583|firefox|1
789|1166|1583|firefox|1
163|416|1138|unknown|1
410|799|1138|unknown|1
820|17|1263|chrome|1
785|279|1263|chrome|1
797|296|1263|chrome|1
241|572|1343|chrome|1
247|1102|1343|chrome|1
230|1086|1343|chrome|1
481|1165|1343|chrome|1
234|1066|1343|chrome|1
480|19|1007|chrome|1
529|134|1007|chrome|1
685|23|1007|chrome|1
554|23|1007|chrome|1
541|53|1920|chrome|1
208|642|1263|chrome|1
642|274|1263|chrome|1
242|528|1343|chrome|1
590|257|1138|unknown|1
612|277|1138|unknown|1
882|15|1138|unknown|1
1018|19|1138|unknown|1
933|61|1265|firefox|1
921|24|1265|firefox|1
44|27|768|safari|1
199|97|768|safari|1
835|212|1349|chrome|1
298|28|768|safari|1
307|159|768|safari|1
307|193|768|safari|1
304|183|768|safari|1
711|193|768|safari|1
340|230|1920|chrome|3
487|1165|1265|firefox|1
499|225|1265|firefox|1
811|275|1265|firefox|1
494|1168|1343|chrome|1
65|242|1358|firefox|1
548|122|1358|firefox|1
610|1173|1343|chrome|1
596|1172|1343|chrome|1
613|1166|1343|chrome|1
595|1165|1343|chrome|1
611|1163|1343|chrome|1
689|1003|1343|chrome|1
888|720|1343|chrome|1
869|483|1343|chrome|3
715|757|1343|chrome|3
595|1170|1343|chrome|1
1042|496|1343|chrome|3
614|1165|1343|chrome|1
525|1164|1343|chrome|3
669|1166|1343|chrome|1
636|1160|1343|chrome|1
638|1158|1343|chrome|1
264|567|1349|chrome|1
679|1155|1343|chrome|1
682|1162|1343|chrome|1
461|1547|1343|chrome|1
241|1207|1349|chrome|1
683|523|1349|chrome|1
495|1165|1349|chrome|1
520|758|1343|chrome|3
261|1150|1349|chrome|1
910|21|1193|chrome|1
1041|169|1193|chrome|1
1052|22|1193|chrome|1
682|545|1343|chrome|1
406|86|1182|chrome|1
490|1166|1182|chrome|1
532|1168|1182|chrome|1
148|1025|1182|chrome|1
452|518|1193|chrome|2
149|963|1182|chrome|1
474|754|1193|chrome|2
408|1163|1193|chrome|1
780|689|1182|chrome|1
154|1104|1182|chrome|1
593|536|1193|chrome|2
972|474|1182|chrome|1
482|1165|1193|chrome|1
209|1084|1182|chrome|1
314|394|1423|chrome|1
776|269|1182|chrome|1
654|518|1263|chrome|1
851|12|1343|chrome|1
835|304|1343|chrome|1
859|12|1343|chrome|1
926|45|1343|chrome|1
767|111|1343|chrome|1
736|82|1903|chrome|1
139|1208|1182|chrome|1
969|305|1182|chrome|1
146|549|1182|chrome|1
670|706|1182|chrome|1
528|83|1343|chrome|1
156|1213|1182|chrome|1
437|1162|1182|chrome|1
391|435|1182|chrome|1
588|749|1182|chrome|1
158|660|1182|chrome|1
421|305|1182|chrome|1
410|1162|1182|chrome|1
930|307|1920|chrome|1
329|363|1182|chrome|1
329|363|1182|chrome|1
172|567|1182|chrome|1
395|1167|1182|chrome|1
231|1044|1182|chrome|1
181|1121|1182|chrome|1
554|269|1343|chrome|1
180|641|1182|chrome|1
402|1173|1182|chrome|1
153|573|1182|chrome|1
413|1163|1182|chrome|1
712|620|1182|chrome|1
153|526|1182|chrome|1
105|255|1349|chrome|1
296|326|1263|chrome|1
493|362|1263|chrome|1
486|1163|1343|chrome|1
216|547|1349|chrome|1
1073|535|1343|chrome|1
494|1165|1349|chrome|1
565|1169|1349|chrome|1
993|26|1349|chrome|1
227|1170|1343|chrome|1
995|40|1349|chrome|1
216|1169|1343|chrome|1
229|1191|1343|chrome|1
1129|18|1349|chrome|1
1035|253|1343|chrome|1
177|1287|1007|unknown|1
58|570|1007|unknown|1
1047|759|1343|chrome|1
68|1217|1007|unknown|1
569|1160|1343|chrome|1
509|1026|1007|unknown|3
882|469|1343|chrome|1
563|745|1343|chrome|1
610|1160|1343|chrome|1
431|438|1343|chrome|1
286|399|1423|chrome|1
507|458|1423|chrome|3
520|1163|1423|chrome|1
227|550|1349|chrome|1
611|1164|1423|chrome|1
518|428|1423|chrome|1
337|419|1423|chrome|1
626|1162|1583|firefox|1
527|1153|1423|chrome|1
493|1164|1343|chrome|1
667|301|1423|chrome|3
686|1174|1583|firefox|1
654|931|1583|firefox|1
608|1161|1583|firefox|1
693|290|1349|chrome|1
891|723|1343|chrome|1
487|1157|1343|chrome|1
744|1017|1349|chrome|1
530|1157|1349|chrome|1
696|512|1349|chrome|1
1048|515|1349|chrome|1
540|998|1349|chrome|1
825|502|1343|chrome|1
317|773|1349|chrome|1
529|252|1349|chrome|1
851|15|1349|chrome|1
864|18|1349|chrome|1
1066|540|1343|chrome|1
829|365|1349|chrome|1
260|401|1349|firefox|1
492|1164|1349|chrome|1
567|271|1349|firefox|3
1074|734|1343|chrome|1
561|1159|1349|firefox|1
264|565|1349|firefox|1
257|682|1349|firefox|1
557|1160|1343|chrome|1
752|1151|1903|chrome|1
856|519|1343|chrome|1
1033|793|1349|chrome|1
548|757|1343|chrome|1
595|1155|1343|chrome|1
484|1162|1349|chrome|1
446|430|1349|chrome|1
1045|771|1349|chrome|1
662|1031|1349|firefox|3
246|960|1349|firefox|1
239|1251|1343|chrome|1
272|1035|1343|chrome|1
210|545|1343|chrome|1
492|1151|1343|chrome|1
353|434|1498|chrome|1
291|1041|1343|chrome|1
540|322|1343|chrome|1
556|1165|1498|chrome|1
643|1177|1498|chrome|1
1076|287|1343|chrome|1
303|884|1498|chrome|1
626|475|1498|chrome|1
567|1170|1498|chrome|1
640|1171|1498|chrome|1
229|1105|1343|chrome|1
858|20|1349|chrome|1
553|470|1343|chrome|1
778|206|1349|chrome|1
228|1109|1343|chrome|1
619|1170|1349|chrome|1
711|249|1343|chrome|1
573|436|1349|chrome|1
220|625|1349|chrome|1
540|1159|1349|chrome|1
238|697|1349|chrome|1
322|22|1263|chrome|1
240|166|1349|chrome|1
222|767|1349|chrome|1
312|152|1263|chrome|1
240|1024|1349|chrome|1
1032|779|1349|chrome|1
284|1130|1343|chrome|1
377|53|1349|chrome|1
233|1105|1343|chrome|1
253|1039|1343|chrome|1
528|272|1343|chrome|1
729|273|1343|chrome|1
235|1167|1343|chrome|1
860|22|1349|chrome|1
834|111|1349|chrome|1
258|1229|1343|chrome|1
886|321|1343|chrome|1
540|294|1343|chrome|1
374|52|1349|chrome|1
877|296|1343|chrome|1
858|18|1349|chrome|1
832|370|1349|chrome|1
779|104|1349|chrome|1
822|373|1349|chrome|1
827|391|1349|chrome|1
1071|241|1343|chrome|1
241|1007|1349|chrome|1
823|17|1263|chrome|1
537|990|1349|chrome|3
789|211|1263|chrome|1
482|1164|1343|chrome|1
223|549|1349|chrome|1
1196|471|1349|chrome|1
534|550|1349|chrome|1
864|24|1349|chrome|1
837|396|1349|chrome|1
817|20|1349|chrome|1
789|18|1349|chrome|1
789|18|1349|chrome|1
781|19|1349|chrome|1
784|15|1349|chrome|1
871|383|1349|chrome|1
322|22|1263|chrome|1
950|17|1349|chrome|1
318|158|1263|chrome|1
196|572|1263|chrome|1
251|437|1263|chrome|1
230|621|1349|chrome|1
209|656|1263|chrome|1
676|280|1263|chrome|3
995|559|1263|chrome|3
248|694|1349|chrome|1
446|1157|1263|chrome|1
445|479|1263|chrome|3
225|1143|1349|chrome|1
276|821|1349|chrome|1
217|733|1349|chrome|1
222|934|1349|chrome|1
695|22|1349|chrome|1
1186|28|1663|chrome|1
1193|41|1663|chrome|1
1279|23|1663|chrome|1
1022|25|1663|chrome|1
1022|25|1663|chrome|1
236|916|1343|chrome|1
231|981|1343|chrome|1
1292|499|1663|chrome|1
241|1002|1343|chrome|1
322|1172|1007|firefox|1
341|222|1007|firefox|2
383|56|1349|chrome|1
551|82|1349|chrome|1
1023|367|1349|chrome|1
588|80|1583|chrome|1
554|54|1442|safari|1
246|978|1343|chrome|1
226|1018|1343|chrome|1
525|307|1343|chrome|1
492|81|1343|chrome|1
494|1151|1343|chrome|1
833|520|1343|chrome|1
84|1780|360|safari|1
66|169|360|safari|1
570|1169|1343|chrome|1
240|998|1343|chrome|1
525|295|1343|chrome|1
159|1768|360|safari|1
104|66|360|safari|1
66|22|360|safari|1
968|24|1349|chrome|1
37|87|360|safari|1
1135|12|1349|chrome|1
41|214|360|safari|1
268|1042|1343|chrome|1
487|1162|1343|chrome|1
252|1022|1343|chrome|1
282|1046|1343|chrome|1
234|1108|1343|chrome|1
893|275|1343|chrome|1
525|780|1343|chrome|1
309|1127|1343|chrome|1
252|1106|1343|chrome|1
234|1015|1343|chrome|1
254|1151|1343|chrome|1
1013|285|1343|chrome|1
231|1169|1343|chrome|1
216|1235|1343|chrome|1
486|244|1343|chrome|1
220|529|1343|chrome|1
859|235|1349|chrome|1
997|20|1349|chrome|1
1019|98|1349|chrome|1
1140|10|1349|chrome|1
986|13|1349|chrome|1
1003|63|1349|chrome|1
921|51|1349|chrome|1
486|1235|1349|chrome|1
237|1187|1349|chrome|1
538|81|1349|chrome|1
232|1214|1349|chrome|1
221|555|1349|chrome|1
507|1161|1349|chrome|1
491|1162|1349|chrome|1
272|1188|1349|chrome|1
281|1003|1349|chrome|1
488|1170|1349|chrome|1
560|1174|1349|chrome|1
511|309|1349|chrome|2
252|1044|1349|chrome|1
313|737|1349|chrome|1
527|535|1349|chrome|1
229|1017|1349|chrome|1
1037|325|1349|chrome|2
245|897|1349|chrome|1
528|805|1349|chrome|2
487|1167|1349|chrome|1
1056|804|1349|chrome|2
567|1158|1349|chrome|1
544|525|1349|chrome|2
504|540|1349|chrome|2
1051|1027|1349|chrome|2
602|1159|1349|chrome|1
654|1167|1349|chrome|1
52|217|1349|chrome|1
227|545|1349|chrome|1
3|251|1349|chrome|1
490|1169|1349|chrome|1
572|1166|1349|chrome|1
255|568|1343|chrome|1
16|940|1349|chrome|1
605|1167|1349|chrome|1
250|675|1343|chrome|1
290|434|1343|chrome|1
873|270|1343|chrome|3
611|1170|1349|chrome|1
483|1169|1343|chrome|1
1020|237|1343|chrome|1
915|245|1349|chrome|3
239|1101|1349|chrome|1
964|14|1349|chrome|1
260|71|1349|chrome|1
268|397|1349|firefox|1
1037|618|1349|firefox|3
660|1043|1349|firefox|1
480|1161|1349|chrome|1
563|1159|1349|chrome|1
614|1163|1349|chrome|1
606|1157|1349|chrome|1
604|1164|1349|chrome|1
600|1163|1349|chrome|1
610|1161|1349|chrome|1
238|1189|1349|chrome|1
613|1162|1349|chrome|1
833|299|1349|chrome|3
612|1167|1349|chrome|1
237|1079|1349|chrome|1
618|1159|1349|chrome|1
619|1159|1349|chrome|1
640|1166|1349|chrome|1
254|1062|1349|chrome|1
636|1157|1349|chrome|1
699|1153|1349|chrome|1
235|1147|1349|chrome|1
230|899|1349|chrome|1
522|322|1349|chrome|3
649|331|1349|chrome|1
488|1160|1349|chrome|1
572|1162|1349|chrome|1
1042|291|1349|chrome|3
397|266|1008|firefox|1
678|771|1349|chrome|3
605|1168|1349|chrome|1
598|1163|1349|chrome|1
649|1164|1349|chrome|1
243|904|1008|firefox|1
243|908|1008|firefox|1
69|360|1008|firefox|1
116|321|1008|firefox|1
239|1164|1349|chrome|1
98|570|1008|firefox|1
68|657|1008|firefox|1
477|1170|1349|unknown|1
230|1106|1349|chrome|1
563|1168|1349|unknown|1
236|890|1349|chrome|1
114|1011|1008|firefox|1
483|1158|1349|chrome|1
142|1024|1008|firefox|1
507|511|1349|chrome|1
530|543|1349|chrome|3
734|238|1349|chrome|1
1021|23|1663|chrome|1
1014|83|1663|chrome|1
490|1161|1349|chrome|1
556|1160|1349|chrome|1
57|1105|1008|firefox|1
83|1772|360|chrome|1
864|26|1349|chrome|1
152|1769|360|chrome|1
988|210|1663|chrome|1
354|25|360|chrome|1
354|16|360|chrome|1
349|14|360|chrome|1
389|548|1663|chrome|1
162|62|360|chrome|1
70|905|1008|firefox|1
339|21|360|chrome|1
384|594|1663|chrome|1
387|530|1663|chrome|1
912|89|1349|chrome|1
397|608|1663|chrome|1
1017|20|1663|chrome|1
992|212|1663|chrome|1
354|789|1008|firefox|1
391|1165|1008|firefox|1
526|987|1008|firefox|1
72|633|1008|firefox|1
1030|311|1283|chrome|1
859|29|1349|chrome|1
849|304|1349|chrome|1
553|15|1349|firefox|1
229|1017|1349|chrome|1
642|1168|1349|chrome|1
654|1160|1349|chrome|1
655|1169|1349|chrome|1
741|758|1349|chrome|2
927|518|1349|chrome|1
472|83|1349|chrome|3
534|88|1349|chrome|3
242|1080|1349|chrome|1
504|463|1349|chrome|1
488|1163|1349|firefox|1
960|16|1349|firefox|1
662|17|1583|firefox|1
919|48|1349|chrome|1
473|1161|1349|chrome|1
559|1166|1349|chrome|1
615|1159|1349|chrome|1
616|1158|1349|chrome|1
619|1168|1349|chrome|1
598|1169|1349|chrome|1
1149|430|1349|chrome|1
610|1165|1349|chrome|1
867|18|1349|chrome|1
817|22|1349|chrome|1
920|40|1349|chrome|1
805|23|1349|chrome|1
612|1168|1349|chrome|1
801|298|1349|chrome|1
606|1161|1349|chrome|1
666|21|1349|chrome|1
669|55|1349|chrome|1
611|1170|1349|chrome|1
644|1170|1349|chrome|1
782|162|1349|chrome|1
802|25|1349|chrome|1
639|1153|1349|chrome|1
815|18|1349|chrome|1
834|300|1349|chrome|1
635|1166|1349|chrome|1
683|1164|1349|chrome|1
455|432|1349|chrome|1
481|1161|1349|chrome|1
486|1164|1349|chrome|1
486|1171|1349|chrome|1
488|1166|1349|chrome|1
708|551|1349|chrome|1
488|1168|1349|chrome|1
490|1161|1349|chrome|1
484|1165|1349|chrome|1
526|518|1349|chrome|1
559|1157|1349|chrome|1
497|1160|1349|chrome|1
479|1159|1349|chrome|1
576|1163|1349|chrome|1
613|1160|1349|chrome|1
72|28|320|safari|1
876|280|1349|chrome|1
118|22|320|safari|1
89|392|320|safari|1
128|26|320|unknown|1
292|286|320|unknown|1
293|288|320|unknown|1
192|786|320|safari|1
55|18|320|unknown|1
24|25|320|unknown|1
293|19|320|safari|1
239|28|320|safari|1
313|28|320|safari|1
627|16|1349|chrome|1
312|22|320|safari|1
707|538|1349|chrome|1
528|1164|1349|chrome|1
609|1168|1349|chrome|1
612|1151|1349|chrome|1
607|1160|1349|chrome|1
604|1169|1349|chrome|1
611|1162|1349|chrome|1
616|1160|1349|chrome|1
618|1163|1349|chrome|1
1048|528|1349|chrome|1
921|56|1349|chrome|1
486|1163|1349|chrome|1
418|83|1349|chrome|1
565|1165|1349|chrome|1
277|898|1349|chrome|1
333|905|1349|chrome|1
230|883|1349|chrome|1
388|878|1349|chrome|1
386|814|1349|chrome|1
279|820|1349|chrome|1
231|231|1349|chrome|1
494|1160|1349|chrome|1
618|19|1349|chrome|1
498|1164|1349|chrome|1
879|279|1349|chrome|1
613|1158|1349|chrome|1
610|1165|1349|chrome|1
601|1168|1349|chrome|1
604|1162|1349|chrome|1
615|1157|1349|chrome|1
625|1157|1349|chrome|1
521|1160|1349|chrome|1
532|1163|1349|chrome|1
520|1166|1349|chrome|1
522|1167|1349|chrome|1
235|570|1349|chrome|1
532|1155|1349|chrome|1
519|1169|1349|chrome|1
700|20|1349|chrome|1
574|1170|1351|chrome|1
379|51|1351|chrome|1
596|89|1351|chrome|1
520|470|1349|chrome|3
273|562|1351|chrome|1
481|1157|1351|chrome|1
870|286|1351|chrome|3
489|1165|1349|chrome|1
1030|235|1351|chrome|3
582|1160|1351|chrome|1
560|1166|1349|chrome|1
614|1159|1351|chrome|1
635|19|1249|chrome|1
1349|1047|1349|chrome|1
523|1157|1423|firefox|1
472|85|1349|firefox|1
674|80|1423|chrome|1
545|76|1349|chrome|1
649|86|1349|chrome|1
517|24|1263|chrome|1
808|85|1263|chrome|1
190|566|1263|chrome|1
443|1155|1263|chrome|1
188|545|1263|chrome|3
513|1162|1263|chrome|1
559|1169|1263|chrome|1
857|19|1349|chrome|1
832|213|1349|chrome|1
871|17|1349|chrome|1
567|1168|1263|chrome|1
831|212|1349|chrome|1
169|548|1263|chrome|1
0|336|1343|chrome|1
6|598|1343|chrome|1
6|598|1343|chrome|1
43|430|1343|chrome|1
47|322|1343|chrome|1
243|565|1343|chrome|1
364|329|1349|chrome|1
378|318|1349|chrome|1
227|550|1349|chrome|1
568|24|1349|chrome|1
573|18|1349|chrome|1
389|581|1263|msie|1
181|1214|1263|msie|1
444|577|1263|msie|1
482|1160|1349|firefox|1
567|1165|1349|firefox|1
918|303|1349|firefox|1
200|1237|1263|msie|3
174|1064|1263|msie|3
432|577|1263|msie|1
458|579|1263|msie|1
368|497|1263|msie|1
301|1150|1263|msie|1
400|574|1263|msie|1
272|778|1263|msie|1
432|582|1263|msie|1
206|1151|1263|msie|1
431|582|1263|msie|1
569|19|1349|chrome|1
266|678|1343|chrome|1
223|613|1343|chrome|1
239|677|1343|chrome|1
242|700|1343|chrome|1
347|334|1343|chrome|1
500|22|1263|chrome|1
412|628|1349|firefox|1
412|628|1349|firefox|1
253|571|1349|firefox|1
491|510|1349|firefox|1
476|1163|1349|firefox|1
58|30|360|chrome|1
70|98|360|chrome|1
129|215|360|chrome|1
787|17|1349|firefox|1
1025|20|1349|firefox|1
991|28|1349|firefox|1
1043|16|1349|firefox|1
961|14|1237|safari|1
875|263|1349|chrome|1
611|86|1583|chrome|1
578|83|1085|chrome|1
725|20|1085|chrome|1
974|305|1583|chrome|1
695|206|1085|chrome|1
986|17|1583|chrome|1
984|14|1583|chrome|1
977|11|1583|chrome|1
575|85|1349|chrome|1
957|303|1583|chrome|1
974|10|1583|chrome|1
974|24|1583|chrome|1
982|23|1583|chrome|1
963|308|1583|chrome|1
530|291|1349|chrome|1
237|1206|1349|chrome|1
572|20|1349|firefox|1
675|997|1663|firefox|2
803|268|1583|chrome|2
1029|992|1663|firefox|2
840|1027|1583|chrome|2
672|297|1663|firefox|2
1032|492|1663|firefox|2
724|1174|1663|firefox|1
883|190|1263|chrome|1
483|1158|1349|chrome|1
225|1117|1349|chrome|1
795|17|1583|chrome|2
642|23|1583|chrome|1
1347|98|1583|chrome|1
790|15|1583|chrome|1
787|19|1583|chrome|1
796|58|1583|chrome|1
799|88|1583|chrome|1
698|23|1583|chrome|3
338|610|1583|chrome|1
848|295|1583|chrome|1
184|682|1263|chrome|1
306|776|1263|chrome|1
239|563|1349|chrome|1
472|1167|1349|chrome|1
447|1165|1263|chrome|1
581|1155|1349|chrome|1
524|1158|1263|chrome|1
474|753|1263|chrome|2
605|1166|1349|chrome|1
564|1160|1263|chrome|1
875|484|1349|chrome|3
844|274|1263|chrome|2
441|1165|1263|chrome|1
1102|779|1349|chrome|3
610|1160|1349|chrome|1
442|1161|1263|chrome|1
665|499|1263|chrome|2
875|257|1349|chrome|3
616|1152|1349|chrome|1
989|947|1263|chrome|2
347|775|1263|chrome|1
443|1169|1263|chrome|1
610|1161|1349|chrome|1
663|517|1263|chrome|2
532|1165|1263|chrome|1
255|697|1349|chrome|1
574|1167|1263|chrome|1
529|1007|1349|chrome|3
703|973|1349|chrome|3
876|1015|1349|chrome|3
496|1153|1349|chrome|1
814|26|1263|chrome|1
492|1162|1349|chrome|1
802|393|1263|chrome|1
1070|256|1349|chrome|3
1061|774|1349|chrome|3
564|1167|1349|chrome|1
857|1112|1349|chrome|1
610|1159|1349|chrome|1
609|1164|1349|chrome|1
907|781|1349|chrome|3
1030|744|1349|chrome|3
613|1159|1349|chrome|1
543|1035|1349|chrome|3
211|29|320|safari|1
718|274|1349|chrome|3
928|1245|1349|chrome|1
642|1159|1349|chrome|1
366|570|1583|chrome|1
357|680|1583|chrome|1
554|970|1349|chrome|2
575|1168|1349|chrome|1
605|1167|1349|chrome|1
257|700|1349|chrome|1
207|679|1263|chrome|1
309|774|1263|chrome|1
826|85|1903|chrome|1
306|774|1263|chrome|1
373|733|1263|chrome|1
373|733|1263|chrome|1
306|788|1263|chrome|1
433|1163|1263|chrome|1
534|1163|1263|chrome|1
460|728|1263|chrome|2
474|814|1263|chrome|1
804|308|1263|chrome|1
874|1026|1349|chrome|3
485|1161|1349|chrome|1
208|731|1263|chrome|1
441|1167|1263|chrome|1
359|386|1263|chrome|1
355|782|1263|chrome|1
432|1167|1263|chrome|1
651|508|1263|chrome|2
809|390|1263|chrome|1
362|16|1003|chrome|1
856|341|1349|chrome|3
921|58|1349|chrome|1
256|394|1349|chrome|1
1344|925|1349|chrome|1
484|1159|1349|chrome|1
461|548|1349|msie|1
1007|19|1349|msie|1
1074|508|1349|chrome|2
813|13|1263|chrome|1
1081|24|1349|chrome|1
813|13|1263|chrome|1
211|572|1263|chrome|1
213|682|1263|chrome|1
493|542|1349|msie|1
320|782|1263|chrome|1
450|1161|1263|chrome|1
524|1161|1263|chrome|1
857|19|1349|msie|1
991|511|1263|chrome|2
568|1163|1263|chrome|1
666|294|1263|chrome|1
795|390|1263|chrome|1
805|390|1263|chrome|1
872|268|1263|chrome|1
816|29|1263|chrome|1
804|304|1263|chrome|1
942|23|1349|chrome|1
654|20|1349|chrome|1
960|20|1349|chrome|1
553|17|1349|chrome|1
857|29|1349|chrome|1
917|89|1349|chrome|1
830|216|1349|msie|1
883|233|1349|chrome|1
492|1154|1349|chrome|1
568|1170|1349|chrome|1
256|565|1349|chrome|1
297|54|1263|chrome|1
1080|744|1349|chrome|3
479|1165|1349|chrome|1
577|1167|1349|chrome|1
257|675|1349|chrome|1
518|21|1263|chrome|1
236|1288|1349|chrome|1
696|252|1349|chrome|1
860|23|1349|chrome|1
403|23|1007|chrome|1
842|323|1349|chrome|1
971|15|1349|chrome|1
971|15|1349|chrome|1
867|27|1349|chrome|1
1034|18|1349|chrome|1
1143|16|1349|chrome|1
821|24|1263|chrome|1
868|88|1263|chrome|1
817|24|1263|chrome|1
878|390|1349|chrome|1
873|85|1263|chrome|1
821|24|1263|chrome|1
866|89|1263|chrome|1
991|29|1349|chrome|1
996|49|1349|chrome|1
1124|19|1349|chrome|1
846|398|1349|chrome|1
218|673|1263|chrome|1
449|1155|1263|chrome|1
981|729|1263|chrome|2
526|1164|1263|chrome|1
567|1167|1263|chrome|1
799|284|1263|chrome|2
573|1153|1263|chrome|1
483|290|1263|chrome|2
569|1166|1263|chrome|1
856|284|1263|chrome|1
802|394|1263|chrome|1
861|396|1349|chrome|1
204|573|1264|chrome|1
27|276|1349|chrome|1
492|296|1264|chrome|1
484|1152|1349|chrome|1
532|570|1903|chrome|1
561|1162|1349|chrome|1
244|633|1903|chrome|2
329|57|1349|chrome|1
521|1146|1903|chrome|1
997|519|1264|chrome|1
775|262|1903|chrome|2
1704|381|1903|chrome|2
1487|900|1903|chrome|2
1013|776|1264|chrome|1
488|1162|1343|chrome|1
993|994|1264|chrome|1
566|1166|1343|chrome|1
438|1172|1264|chrome|1
520|1164|1264|chrome|1
188|1209|1264|chrome|1
443|1169|1264|chrome|1
427|295|1264|chrome|1
195|1061|1264|chrome|1
915|4|1264|chrome|1
489|1167|1349|chrome|1
487|425|1349|chrome|1
384|60|1349|chrome|1
392|82|1349|chrome|1
106|308|320|chrome|1
248|567|1349|chrome|1
1018|718|1349|chrome|3
488|1164|1349|chrome|1
575|1170|1349|chrome|1
612|1170|1349|chrome|1
608|1165|1349|chrome|1
476|572|1349|chrome|3
1114|1039|1349|chrome|3
905|968|1349|chrome|3
597|1162|1349|chrome|1
753|81|1903|chrome|1
869|571|1349|chrome|3
609|1170|1349|chrome|1
612|1171|1349|chrome|1
614|1155|1349|chrome|1
918|41|1349|chrome|1
223|1211|1349|chrome|1
867|30|1349|chrome|1
810|112|1349|chrome|1
230|1069|1349|chrome|1
717|797|1349|chrome|1
803|1164|1903|chrome|1
831|523|1903|chrome|2
973|475|1903|chrome|2
815|913|1903|chrome|2
774|915|1903|chrome|1
1328|1052|1903|chrome|2
869|20|1349|chrome|1
1562|279|1903|chrome|2
845|306|1349|chrome|1
956|710|1903|chrome|2
863|31|1349|chrome|1
858|25|1349|chrome|1
858|25|1349|chrome|1
845|371|1349|chrome|1
872|395|1349|chrome|1
774|20|1349|chrome|1
732|19|1349|chrome|1
653|22|1349|chrome|1
653|22|1349|chrome|1
656|54|1349|chrome|1
656|54|1349|chrome|1
656|81|1349|chrome|1
724|140|1349|chrome|1
835|208|1349|chrome|1
922|43|1349|chrome|1
265|568|1349|chrome|1
241|698|1349|chrome|1
259|776|1349|chrome|1
477|1157|1349|chrome|1
577|1162|1349|chrome|1
608|1158|1349|chrome|1
608|1158|1349|chrome|1
1004|24|1349|chrome|1
49|20|360|chrome|1
139|484|360|chrome|1
164|20|360|chrome|1
191|27|360|chrome|1
255|18|360|chrome|1
835|370|1349|chrome|1
865|16|1349|chrome|1
248|1022|1349|chrome|1
709|296|1349|chrome|3
482|1158|1349|chrome|1
574|1161|1349|chrome|1
236|1185|1349|chrome|1
684|755|1349|chrome|1
863|16|1349|chrome|1
830|213|1349|chrome|1
188|333|1007|chrome|1
313|16|320|unknown|1
133|460|1007|chrome|1
85|395|1007|chrome|1
135|496|1007|chrome|1
153|438|1007|chrome|1
78|527|1007|chrome|1
1058|941|1343|chrome|1
268|145|360|chrome|1
490|1166|1349|chrome|1
45|310|1343|chrome|1
576|1162|1349|chrome|1
480|1159|1343|chrome|1
615|1154|1349|chrome|1
565|1167|1343|chrome|1
605|1164|1349|chrome|1
652|1166|1349|chrome|1
1047|450|1349|chrome|3
622|926|1349|chrome|1
1064|291|1349|chrome|3
437|80|1287|chrome|1
432|79|1287|chrome|1
219|1190|1343|chrome|1
228|1016|1343|chrome|1
70|1024|1008|chrome|1
294|1220|1343|chrome|1
699|788|1343|chrome|1
311|1152|1008|chrome|1
399|1160|1008|chrome|1
963|17|1903|chrome|1
224|971|768|safari|1
422|1152|1008|chrome|1
438|1148|1008|chrome|1
443|1167|1008|chrome|1
471|1171|1008|chrome|1
55|1233|1008|chrome|1
277|979|768|safari|1
243|315|768|safari|1
307|18|768|safari|1
311|151|768|safari|1
627|373|768|safari|1
825|311|1592|firefox|2
609|1165|1592|firefox|1
681|1174|1592|firefox|1
352|1036|1592|firefox|2
363|1105|1592|firefox|2
372|1129|1592|firefox|1
360|1164|1592|firefox|1
501|331|1592|firefox|1
501|331|1592|firefox|1
492|341|1592|firefox|1
546|329|1592|firefox|1
531|316|1592|firefox|1
343|43|1592|firefox|1
1240|1008|1592|firefox|1
278|417|1349|chrome|1
1068|16|1349|chrome|1
836|1008|1343|firefox|2
561|1170|1343|firefox|1
1034|282|1343|firefox|2
483|1152|1343|firefox|1
700|767|1349|chrome|1
677|994|1349|chrome|1
1049|977|1349|chrome|1
480|1163|1349|chrome|1
569|1156|1349|chrome|1
557|1166|1343|firefox|1
1060|247|1343|chrome|1
233|1021|1349|chrome|1
486|1160|1349|chrome|1
572|1164|1349|chrome|1
864|537|1349|chrome|3
703|1042|1349|chrome|3
607|1168|1349|chrome|1
610|1162|1349|chrome|1
648|1164|1349|chrome|1
230|544|1349|chrome|1
576|1164|1519|chrome|1
1086|741|1519|chrome|3
648|1174|1519|chrome|1
785|250|1519|chrome|3
1145|299|1519|chrome|3
326|326|1349|chrome|1
944|949|1519|chrome|3
352|1125|1519|chrome|1
326|326|1349|chrome|1
332|953|1519|chrome|1
413|320|1349|chrome|1
348|1064|1519|chrome|1
332|1123|1519|chrome|1
638|84|1349|chrome|1
683|85|1519|chrome|1
333|1106|1519|chrome|1
336|1040|1519|chrome|1
963|285|1519|chrome|3
614|272|1519|chrome|3
304|1169|1519|chrome|1
332|1227|1519|chrome|1
1162|281|1519|chrome|3
613|269|1519|chrome|3
769|258|1519|chrome|3
316|933|1519|chrome|1
374|1041|1519|chrome|1
566|1171|1519|chrome|1
536|429|1519|chrome|1
340|1022|1519|chrome|1
321|1060|1519|chrome|1
582|83|1519|chrome|1
752|285|1519|chrome|3
