268|24|320|safari|1
233|1296|1349|chrome|1
239|1108|1349|chrome|1
284|416|1349|chrome|1
1260|477|1349|chrome|1
490|1170|1349|chrome|1
977|7|1349|chrome|1
264|1084|1349|chrome|1
252|401|1349|chrome|1
65|28|768|safari|1
54|92|768|safari|1
69|178|768|safari|1
486|1165|1349|chrome|1
565|1162|1349|chrome|1
475|432|1349|chrome|1
221|1187|1349|chrome|1
69|1990|320|unknown|1
146|1993|320|unknown|1
187|1802|320|unknown|1
199|1982|320|unknown|1
301|27|320|unknown|1
313|29|320|unknown|1
307|25|320|unknown|1
282|404|320|unknown|1
144|2065|320|unknown|1
292|428|320|unknown|1
280|809|320|unknown|1
144|2062|320|unknown|1
272|394|320|unknown|1
286|467|320|unknown|1
270|573|320|unknown|1
218|362|320|unknown|1
0|0|1024|unknown|1
848|528|1349|chrome|3
481|1170|1349|chrome|1
567|1158|1349|chrome|1
314|31|320|unknown|1
0|493|1349|chrome|1
735|698|1349|chrome|1
242|399|1349|chrome|1
481|1161|1349|chrome|1
563|1168|1349|chrome|1
224|766|1349|chrome|1
242|682|1349|chrome|1
261|419|1349|chrome|1
294|436|1349|chrome|1
477|1175|1349|chrome|1
491|439|1349|chrome|1
1327|992|1349|chrome|1
1329|992|1349|chrome|1
1041|979|1349|chrome|1
651|485|1349|chrome|3
673|500|1349|chrome|1
337|387|1349|chrome|1
235|601|1349|chrome|1
491|1161|1349|chrome|1
496|1160|1349|chrome|1
568|1170|1349|chrome|1
261|394|1349|chrome|1
546|243|1349|chrome|3
482|1161|1349|chrome|1
1042|1002|1349|chrome|3
567|1168|1349|chrome|1
577|1168|1349|chrome|1
688|244|1349|chrome|1
255|569|1349|chrome|1
484|1156|1349|chrome|1
270|398|1349|chrome|1
326|410|1349|chrome|1
1049|294|1349|chrome|3
493|1167|1349|chrome|1
473|1168|1349|chrome|1
573|1161|1349|chrome|1
1030|17|1349|chrome|1
364|321|1349|chrome|1
511|283|1349|chrome|1
241|1266|1349|chrome|3
235|1188|1349|chrome|3
230|1145|1349|chrome|3
298|1127|1349|chrome|1
245|902|1349|chrome|1
226|1169|1349|chrome|1
223|1169|1349|chrome|1
229|1166|1349|chrome|1
258|572|1349|chrome|1
482|1165|1349|chrome|1
562|1170|1349|chrome|1
611|1154|1349|chrome|1
610|1160|1349|chrome|1
609|1160|1349|chrome|1
513|607|1349|chrome|3
604|1163|1349|chrome|1
607|1171|1349|chrome|1
997|520|1349|chrome|3
1092|777|1349|chrome|3
606|1157|1349|chrome|1
486|1168|1349|chrome|1
601|1163|1349|chrome|1
628|1162|1349|chrome|1
491|1166|1349|chrome|1
621|1163|1349|chrome|1
868|253|1349|chrome|3
625|1166|1349|chrome|1
508|1002|1349|chrome|3
676|1156|1349|chrome|1
484|438|1349|chrome|1
569|1154|1349|chrome|1
618|1175|1349|chrome|1
873|12|1349|chrome|1
828|306|1349|chrome|1
618|1156|1349|chrome|1
486|1167|1349|chrome|1
539|1161|1349|chrome|1
1346|904|1349|chrome|1
529|1159|1349|chrome|1
529|483|1349|chrome|3
814|386|1349|chrome|1
230|608|1349|chrome|1
866|24|1349|chrome|1
532|1163|1349|chrome|1
830|392|1349|chrome|1
225|591|1349|chrome|1
535|1160|1349|chrome|1
619|1161|1349|chrome|1
618|1161|1349|chrome|1
603|1155|1349|chrome|1
602|1159|1349|chrome|1
827|393|1349|chrome|1
863|26|1349|chrome|1
824|386|1349|chrome|1
224|546|1349|chrome|1
606|1160|1349|chrome|1
651|1161|1349|chrome|1
229|590|1349|chrome|1
650|1154|1349|chrome|1
238|576|1349|chrome|1
483|1152|1349|chrome|1
489|1163|1349|chrome|1
235|1149|1349|chrome|1
842|76|1920|chrome|1
838|87|1920|chrome|1
215|876|1349|chrome|1
224|901|1349|chrome|1
233|564|1349|chrome|1
472|1165|1349|chrome|1
480|1165|1349|chrome|1
572|1170|1349|chrome|1
564|1161|1349|chrome|1
605|1163|1349|chrome|1
598|1154|1349|chrome|1
607|1165|1349|chrome|1
610|1161|1349|chrome|1
603|1159|1349|chrome|1
608|1166|1349|chrome|1
331|438|1354|firefox|1
605|1162|1349|chrome|1
608|404|1349|chrome|1
656|1166|1349|chrome|1
601|1162|1349|chrome|1
548|1164|1349|chrome|3
0|959|1349|chrome|1
626|1172|1349|chrome|1
606|916|1349|chrome|1
609|1159|1349|chrome|1
615|1163|1349|chrome|1
261|681|1349|chrome|1
404|777|1349|chrome|1
1047|605|1349|chrome|3
1037|486|1349|chrome|3
1003|636|1349|chrome|1
1023|540|1349|chrome|3
539|81|1343|chrome|1
492|1155|1349|chrome|1
572|1157|1349|chrome|1
831|1182|1349|chrome|1
230|397|1349|chrome|1
605|1163|1349|chrome|1
524|1152|1349|chrome|1
555|492|1349|chrome|3
856|13|1349|chrome|1
856|13|1349|chrome|1
863|25|1349|chrome|1
697|473|1349|chrome|3
915|89|1349|chrome|1
1016|33|1349|chrome|1
261|1021|1349|chrome|1
279|396|1349|chrome|1
323|397|1349|chrome|1
333|50|1349|chrome|1
709|17|1349|chrome|1
256|1101|1349|chrome|1
518|295|1349|chrome|1
246|930|1349|chrome|1
692|350|1349|chrome|1
227|915|1349|chrome|1
258|1081|1349|chrome|1
546|257|1349|chrome|3
242|1063|1349|chrome|1
500|555|1349|chrome|1
63|805|1349|chrome|1
343|1157|1349|chrome|1
238|547|1349|chrome|1
494|1155|1349|chrome|1
226|604|1349|chrome|1
877|333|1349|chrome|3
417|648|1349|chrome|1
410|635|1349|chrome|1
222|682|1349|chrome|1
226|549|1349|chrome|1
488|1002|1349|chrome|3
571|1162|1349|chrome|1
856|294|1349|chrome|3
604|1158|1349|chrome|1
725|286|1349|chrome|1
608|1155|1349|chrome|1
568|77|1349|chrome|1
621|1163|1349|chrome|1
614|1152|1349|chrome|1
685|555|1349|chrome|3
594|1172|1349|chrome|1
611|1163|1349|chrome|1
1050|1001|1349|chrome|3
618|1158|1349|chrome|1
624|1178|1349|chrome|1
871|520|1349|chrome|3
640|491|1349|chrome|3
624|1164|1349|chrome|1
637|1174|1349|chrome|1
921|47|1349|chrome|1
225|546|1349|chrome|1
486|1150|1349|chrome|1
575|1154|1349|chrome|1
732|294|1349|chrome|1
524|1166|1440|chrome|1
240|1019|1349|chrome|1
932|243|1440|chrome|3
228|393|1349|chrome|1
776|18|1583|chrome|1
779|57|1583|chrome|1
609|1171|1440|chrome|1
768|92|1583|chrome|1
1038|121|1583|chrome|1
530|1001|1440|chrome|3
662|1163|1440|chrome|1
490|1170|1349|chrome|1
370|672|1583|chrome|1
656|1161|1440|chrome|1
362|569|1583|chrome|1
346|611|1583|chrome|1
349|564|1583|chrome|1
789|495|1583|chrome|3
604|1160|1583|chrome|1
541|1156|1440|chrome|1
318|414|1349|chrome|1
682|1165|1440|chrome|1
379|778|1583|chrome|1
653|1177|1440|chrome|1
598|1161|1583|chrome|1
657|1163|1440|chrome|1
692|1168|1583|chrome|1
1152|266|1583|chrome|3
651|1157|1440|chrome|1
673|253|1583|chrome|3
693|1071|1349|chrome|1
1124|758|1583|chrome|3
656|1157|1440|chrome|1
807|1002|1583|chrome|3
726|1166|1583|chrome|1
485|1160|1349|chrome|1
761|1165|1583|chrome|1
336|548|1583|chrome|1
1046|38|1583|chrome|1
1053|39|1583|chrome|1
805|269|1583|chrome|3
1148|264|1583|chrome|3
799|500|1583|chrome|3
645|730|1583|chrome|3
1415|622|1583|chrome|1
974|1001|1583|chrome|3
609|1160|1583|chrome|1
683|1167|1583|chrome|1
724|1166|1583|chrome|1
908|1040|1349|chrome|1
368|679|1583|chrome|1
959|486|1583|chrome|3
599|1165|1583|chrome|1
684|1167|1583|chrome|1
606|1160|1349|chrome|1
599|522|1583|chrome|3
860|254|1349|chrome|1
605|1164|1349|chrome|1
700|526|1349|chrome|1
609|1164|1349|chrome|1
511|1010|1349|chrome|1
606|1155|1349|chrome|1
879|315|1349|chrome|1
608|1160|1349|chrome|1
1071|301|1349|chrome|1
920|53|1349|chrome|1
603|1162|1349|chrome|1
612|1168|1349|chrome|1
610|1167|1349|chrome|1
622|1156|1349|chrome|1
618|1150|1349|chrome|1
633|1155|1349|chrome|1
631|1164|1349|chrome|1
676|1166|1349|chrome|1
221|396|1263|chrome|1
449|1154|1263|chrome|1
262|568|1349|chrome|1
857|273|1349|chrome|1
655|368|1583|chrome|1
635|313|1583|chrome|1
525|768|1349|chrome|1
476|1156|1349|chrome|1
1017|273|1349|chrome|1
575|1163|1349|chrome|1
609|1162|1583|firefox|1
676|1162|1583|firefox|1
72|21|360|chrome|1
524|1167|1263|chrome|1
1066|276|1349|chrome|1
648|11|768|safari|1
35|136|360|chrome|1
199|414|1263|chrome|1
11|106|360|chrome|1
309|13|768|safari|1
306|27|768|safari|1
306|23|768|safari|1
443|1161|1263|chrome|1
397|473|768|safari|1
222|742|1263|chrome|1
205|660|1263|chrome|1
416|622|528|chrome|1
676|11|768|safari|1
1059|957|1349|chrome|1
297|444|1263|chrome|1
440|1168|1263|chrome|1
608|1163|1349|chrome|1
86|1416|528|chrome|1
606|18|1263|chrome|1
111|214|360|chrome|1
819|537|1349|chrome|1
279|613|528|chrome|1
159|1422|528|chrome|1
459|550|528|chrome|1
181|1424|528|chrome|1
178|1411|528|chrome|1
228|1414|528|chrome|1
104|378|528|chrome|1
336|32|528|chrome|1
157|463|528|chrome|1
627|49|1263|chrome|1
628|50|1263|chrome|1
664|91|1263|chrome|1
86|1414|528|chrome|1
669|135|1263|chrome|1
663|307|1263|chrome|1
108|805|528|chrome|1
627|24|1263|chrome|1
144|1422|528|chrome|1
793|17|1263|chrome|1
806|211|1263|chrome|1
51|27|320|chrome|1
46|118|320|chrome|1
54|98|320|chrome|1
81|255|320|chrome|1
282|1046|1349|chrome|3
300|1091|1349|chrome|3
522|283|1349|chrome|1
246|655|1349|chrome|1
204|702|1263|chrome|1
223|774|1263|chrome|1
222|397|1263|chrome|3
492|1170|1349|chrome|1
434|1165|1263|chrome|1
267|401|1349|chrome|1
263|418|1263|chrome|1
1071|321|1349|chrome|3
476|1166|1349|chrome|1
706|247|1349|chrome|3
255|443|1263|chrome|1
572|1158|1349|chrome|1
435|1172|1263|chrome|1
526|417|1349|chrome|1
981|20|1263|chrome|1
1085|12|1263|chrome|1
497|1156|1349|chrome|1
497|1152|1349|chrome|1
728|1002|1343|chrome|1
227|678|1349|chrome|1
487|1164|1349|chrome|1
491|1159|1343|chrome|1
244|660|1349|chrome|1
1077|567|1343|chrome|3
244|180|1349|chrome|1
953|11|1349|chrome|1
956|18|1349|chrome|1
957|18|1349|chrome|1
855|799|1349|chrome|3
483|1161|1349|chrome|1
235|1168|1349|chrome|1
258|1045|1349|chrome|1
314|1153|1007|chrome|1
403|1162|1007|chrome|1
539|85|1349|chrome|1
233|900|1349|chrome|1
332|240|1007|chrome|1
477|1158|1349|chrome|1
568|1158|1349|chrome|1
242|1000|1349|chrome|1
198|549|1278|chrome|1
236|984|1349|chrome|1
239|1030|1349|chrome|1
237|1160|1349|chrome|1
226|1134|1349|chrome|1
480|82|1343|chrome|1
332|815|1349|chrome|1
240|569|1349|chrome|1
880|807|1349|chrome|1
485|1158|1349|chrome|1
226|1021|1349|chrome|1
970|15|1349|chrome|1
1139|22|1349|chrome|1
92|914|1079|chrome|1
859|29|1349|chrome|1
756|18|1349|chrome|1
411|80|1079|chrome|1
376|1162|1133|chrome|1
300|10|360|chrome|1
257|268|360|chrome|1
142|390|1133|chrome|1
488|1151|1349|chrome|1
1247|10|1903|chrome|1
1303|44|1903|chrome|1
1401|9|1903|chrome|1
164|35|320|safari|1
111|30|320|safari|1
116|31|320|safari|1
221|33|320|safari|1
227|547|1349|chrome|1
1052|292|1349|chrome|1
733|256|1349|chrome|1
688|528|1349|chrome|1
356|741|1349|chrome|1
515|499|1349|chrome|1
241|660|1349|chrome|1
238|1026|1349|chrome|1
289|999|1349|chrome|1
484|1163|1349|chrome|1
252|1027|1349|chrome|1
529|279|1349|chrome|1
436|1160|1263|chrome|1
532|1170|1263|chrome|1
232|1144|1349|chrome|1
251|656|1349|chrome|1
239|1124|1349|chrome|1
731|509|1349|chrome|1
271|1148|1349|chrome|1
707|257|1349|chrome|1
282|1000|1349|chrome|1
894|296|1349|chrome|1
292|1090|1349|chrome|1
523|238|1349|chrome|1
485|1170|1349|chrome|1
563|1151|1349|chrome|1
606|1161|1349|chrome|1
504|761|1349|chrome|1
610|1157|1349|chrome|1
613|1166|1349|chrome|1
1048|765|1349|chrome|1
604|1169|1349|chrome|1
617|1166|1349|chrome|1
611|1168|1349|chrome|1
616|1162|1349|chrome|1
623|1167|1349|chrome|1
869|569|1349|chrome|1
707|988|1349|chrome|1
630|1170|1349|chrome|1
1143|522|1903|chrome|1
678|1167|1349|chrome|1
888|300|1349|chrome|1
1029|297|1349|chrome|1
811|522|1903|chrome|1
675|526|1349|chrome|1
514|395|1903|chrome|1
768|1163|1903|chrome|1
1169|266|1903|chrome|1
318|53|1349|chrome|1
562|86|1349|chrome|1
1144|265|1903|chrome|1
841|289|1349|chrome|1
220|552|1349|chrome|1
858|14|1349|chrome|1
788|209|1349|chrome|1
823|1004|1903|chrome|1
761|1155|1903|chrome|1
804|1157|1903|chrome|1
857|13|1349|chrome|1
820|319|1349|chrome|1
491|1165|1349|chrome|1
567|1166|1349|chrome|1
602|1169|1349|chrome|1
610|1165|1349|chrome|1
606|1170|1349|chrome|1
605|1163|1349|chrome|1
615|1160|1349|chrome|1
80|1773|360|chrome|1
338|348|360|chrome|3
609|1161|1349|chrome|1
82|511|360|chrome|1
121|801|360|chrome|1
601|1169|1349|chrome|1
892|1185|1349|chrome|1
629|1161|1349|chrome|1
628|1163|1349|chrome|1
632|1168|1349|chrome|1
690|1167|1349|chrome|1
291|20|768|safari|1
234|359|768|safari|1
69|989|768|safari|1
73|22|360|chrome|1
297|440|360|chrome|1
484|1162|1349|chrome|1
82|1772|360|chrome|1
1053|284|1349|chrome|1
155|1772|360|chrome|1
194|1772|360|chrome|1
558|1159|1349|chrome|1
341|15|360|chrome|1
348|17|360|chrome|1
171|16|360|chrome|1
123|157|360|chrome|1
75|156|360|chrome|1
81|348|360|chrome|1
148|466|360|chrome|1
168|26|360|chrome|1
85|160|360|chrome|1
51|349|360|chrome|1
140|222|360|chrome|1
166|29|360|chrome|1
99|156|360|chrome|1
222|73|360|chrome|1
60|155|360|chrome|1
57|352|360|chrome|1
82|1770|360|chrome|1
534|79|1349|chrome|1
60|28|360|chrome|1
55|25|360|chrome|1
303|23|1287|chrome|1
361|21|1287|chrome|1
326|23|1287|chrome|1
832|21|1287|chrome|1
881|252|1349|chrome|1
884|88|1287|chrome|1
900|41|1287|chrome|1
919|52|1349|chrome|1
568|18|1349|chrome|1
228|448|1287|chrome|1
457|1162|1287|chrome|1
477|324|1287|chrome|1
680|336|1287|chrome|1
263|397|1349|chrome|3
323|417|1349|chrome|1
564|1156|1343|chrome|1
489|1154|1349|chrome|1
474|1162|1349|chrome|1
562|1164|1349|chrome|1
564|1161|1349|chrome|1
882|92|1287|chrome|1
905|42|1287|chrome|1
235|456|1287|chrome|1
513|23|1263|chrome|1
455|1157|1287|chrome|1
542|1162|1287|chrome|1
490|435|1287|chrome|1
204|565|1287|chrome|1
1068|976|1287|chrome|1
783|212|1287|chrome|1
881|87|1287|chrome|1
205|452|1287|chrome|1
816|1003|1287|chrome|1
459|1163|1287|chrome|1
532|1159|1287|chrome|1
445|423|1287|chrome|1
454|1166|1287|chrome|1
538|1161|1287|chrome|1
610|81|1287|chrome|1
331|45|1349|chrome|1
647|87|1349|chrome|1
401|17|1349|chrome|1
742|23|1349|chrome|1
821|210|1287|chrome|1
899|47|1287|chrome|1
828|21|1287|chrome|1
877|88|1287|chrome|1
290|16|1287|chrome|1
649|23|1287|chrome|1
1052|997|1343|chrome|2
477|1158|1343|chrome|1
451|1160|1287|chrome|1
539|1162|1287|chrome|1
828|285|1287|chrome|1
643|1171|1349|chrome|1
1135|9|1905|chrome|1
1105|210|1905|chrome|1
928|21|1261|safari|1
188|395|1265|chrome|1
441|1161|1265|chrome|1
532|1154|1265|chrome|1
176|855|1265|chrome|1
54|1275|1007|chrome|3
67|1227|1007|chrome|1
707|1234|1349|chrome|1
252|1270|1349|chrome|1
277|535|360|chrome|1
882|274|1704|chrome|3
731|261|1704|chrome|3
1082|269|1704|chrome|3
667|82|1704|chrome|1
341|19|360|chrome|1
1101|46|1704|chrome|1
896|254|1704|chrome|3
717|263|1704|chrome|3
473|1153|1349|chrome|1
648|20|1349|chrome|1
652|59|1349|chrome|1
680|96|1349|chrome|1
537|15|1349|chrome|1
977|30|1349|chrome|1
989|60|1349|chrome|1
1128|15|1349|chrome|1
736|466|1349|firefox|1
278|29|360|chrome|1
249|40|360|chrome|1
489|1149|1349|chrome|1
871|753|1007|firefox|2
304|1168|1007|firefox|1
531|1161|1349|chrome|1
557|1161|1349|chrome|1
615|1160|1349|chrome|1
1080|1052|1349|chrome|1
615|1174|1349|chrome|1
607|1161|1349|chrome|1
615|1165|1349|chrome|1
605|1165|1349|chrome|1
602|1160|1349|chrome|1
54|38|360|chrome|1
181|99|360|chrome|1
219|170|360|chrome|1
872|1002|1349|chrome|1
472|1168|1349|chrome|1
568|1170|1349|chrome|1
1005|13|1349|chrome|1
861|19|1349|chrome|1
776|122|1349|chrome|1
565|83|1349|chrome|1
858|15|1349|chrome|1
932|46|1349|chrome|1
639|82|1349|chrome|1
644|82|1349|chrome|1
310|1163|1007|chrome|1
709|756|1007|chrome|3
404|1163|1007|chrome|1
0|302|1007|chrome|1
0|301|1007|chrome|2
66|568|1007|chrome|1
1|385|1007|chrome|2
0|653|1007|chrome|2
74|902|1007|chrome|1
1|325|1007|chrome|2
0|589|1007|chrome|2
63|1102|1007|chrome|3
308|1165|1007|chrome|1
0|296|1007|chrome|2
0|897|1007|chrome|2
396|1162|1007|chrome|1
0|366|1007|chrome|2
443|1166|1007|chrome|1
62|354|1007|chrome|2
0|741|1007|chrome|2
441|1166|1007|chrome|1
0|335|1007|chrome|2
0|580|1007|chrome|2
474|1167|1007|chrome|1
0|287|1007|chrome|2
712|1001|1007|chrome|3
674|971|1007|chrome|3
479|1164|1349|chrome|1
13|411|1280|safari|1
437|1159|1280|safari|1
67|396|1280|safari|1
188|546|1280|safari|1
709|298|1349|chrome|1
91|440|1280|safari|1
378|484|1280|safari|1
374|488|1280|safari|1
89|686|1280|safari|1
195|582|1280|safari|1
13|505|1280|safari|1
218|559|1280|safari|1
45|447|1280|safari|1
133|356|1280|safari|1
83|378|1280|safari|1
348|48|1280|safari|1
13|409|1280|safari|1
296|55|1280|safari|1
311|1160|1007|chrome|1
84|698|1007|chrome|1
324|1166|1007|chrome|1
394|1172|1007|chrome|1
686|279|1007|chrome|3
859|232|1007|chrome|3
437|1161|1007|chrome|1
439|1157|1007|chrome|1
352|741|1007|chrome|3
433|1164|1007|chrome|1
691|263|1007|chrome|3
531|277|1007|chrome|3
476|1161|1007|chrome|1
118|1130|1007|chrome|1
80|1020|1007|chrome|1
344|272|1007|chrome|3
57|1171|1007|chrome|1
352|524|1007|chrome|3
76|1145|1007|chrome|1
67|953|1007|chrome|1
52|548|1007|chrome|1
967|21|1302|chrome|1
548|79|1349|firefox|1
249|14|320|chrome|1
168|271|320|chrome|1
91|52|320|chrome|1
22|21|320|chrome|1
137|138|360|chrome|1
506|18|1279|safari|1
231|16|320|chrome|1
380|53|1349|chrome|1
1030|267|1349|chrome|1
767|1175|1903|chrome|1
849|1163|1903|chrome|1
162|26|360|chrome|1
550|399|1903|chrome|1
254|21|360|chrome|1
250|33|360|chrome|1
533|759|1903|chrome|1
530|658|1903|chrome|1
566|418|1903|chrome|1
525|442|1903|chrome|1
234|657|1349|firefox|1
223|638|1349|firefox|1
237|900|1349|firefox|1
230|1066|1349|chrome|1
230|570|1349|chrome|1
233|612|1349|chrome|1
231|550|1349|chrome|1
227|590|1349|chrome|1
641|51|1349|chrome|1
843|22|1899|chrome|1
388|682|1663|chrome|1
63|27|384|chrome|1
252|102|384|chrome|1
107|110|384|chrome|1
107|102|384|chrome|3
147|214|384|chrome|1
319|33|384|chrome|1
414|13|1423|chrome|1
379|159|1423|chrome|1
324|48|384|chrome|1
313|14|384|chrome|1
523|827|1903|chrome|1
523|939|1903|chrome|1
597|1042|1903|chrome|1
1307|334|1903|chrome|1
898|1304|1903|chrome|1
513|1406|1903|chrome|1
510|1344|1903|chrome|1
524|1324|1903|chrome|1
499|1345|1903|chrome|1
1333|569|1903|chrome|1
1310|110|1903|chrome|1
1308|200|1903|chrome|1
605|783|1903|chrome|1
508|871|1903|chrome|1
691|994|1903|chrome|1
524|785|1903|chrome|1
1187|554|1903|chrome|1
1360|414|1903|chrome|1
882|218|1903|chrome|1
502|1449|1903|chrome|1
510|1365|1903|chrome|1
687|1016|1903|chrome|1
652|1044|1903|chrome|1
603|1041|1903|chrome|1
509|936|1903|chrome|1
600|777|1903|chrome|1
874|1428|1903|chrome|1
268|570|1349|firefox|1
853|1427|1903|chrome|1
897|1421|1903|chrome|1
1111|491|1903|chrome|1
399|27|1349|chrome|1
1065|300|1903|chrome|1
1|330|1349|chrome|1
559|23|1349|chrome|1
290|569|1423|chrome|1
931|1010|1423|chrome|2
527|1165|1423|chrome|1
710|774|1423|chrome|2
610|1156|1423|chrome|1
652|1172|1423|chrome|1
644|1175|1423|chrome|1
766|518|1423|chrome|2
645|1164|1423|chrome|1
562|265|1423|chrome|2
645|1167|1423|chrome|1
642|1165|1423|chrome|1
652|1159|1423|chrome|1
635|1158|1423|chrome|1
158|347|1423|chrome|1
657|1156|1423|chrome|1
673|1160|1423|chrome|1
706|1172|1423|chrome|1
50|22|320|safari|1
155|91|320|safari|1
191|165|320|safari|1
559|82|1349|chrome|1
596|1161|1583|chrome|1
689|1172|1583|chrome|1
97|302|1507|firefox|2
108|309|1507|firefox|1
1134|290|1507|firefox|2
683|15|1423|chrome|1
683|45|1423|chrome|1
675|66|1423|chrome|1
564|1156|1507|firefox|1
958|124|1423|chrome|1
596|21|1423|chrome|1
765|286|1507|firefox|2
646|1173|1507|firefox|1
1127|313|1507|firefox|2
1396|226|1507|firefox|2
596|21|1423|chrome|1
788|1051|1905|safari|1
480|1166|1349|chrome|1
1076|867|1349|chrome|2
1068|769|1349|chrome|2
575|1158|1349|chrome|1
616|1159|1349|chrome|1
611|1157|1349|chrome|1
694|526|1349|chrome|2
607|1167|1349|chrome|1
545|528|1349|chrome|2
606|1163|1349|chrome|1
481|17|1007|chrome|1
549|136|1007|chrome|1
362|20|1007|chrome|1
710|998|1349|chrome|2
601|1165|1349|chrome|1
1016|539|1349|chrome|2
881|315|1349|chrome|1
606|1162|1349|chrome|1
547|491|1349|chrome|2
622|1167|1349|chrome|1
623|1167|1349|chrome|1
497|786|1349|chrome|2
624|1152|1349|chrome|1
720|214|1349|chrome|2
641|1175|1349|chrome|1
676|1172|1349|chrome|1
924|38|1349|chrome|1
973|21|1349|chrome|1
255|702|1349|chrome|1
355|770|1349|chrome|1
492|1165|1349|chrome|1
565|1148|1349|chrome|1
566|1174|1349|chrome|1
604|1161|1349|chrome|1
394|903|1583|chrome|1
1011|479|1583|chrome|3
621|253|1583|chrome|3
840|235|1583|chrome|3
605|1157|1583|chrome|1
1184|244|1583|chrome|3
1009|510|1583|chrome|3
691|1163|1583|chrome|1
357|1022|1583|chrome|1
408|1042|1583|chrome|1
638|760|1583|chrome|3
608|1157|1583|chrome|1
352|1044|1583|chrome|1
345|1104|1583|chrome|1
357|1130|1583|chrome|1
357|1125|1583|chrome|1
348|1152|1583|chrome|1
331|1175|1583|chrome|1
383|1234|1583|chrome|1
242|629|1349|chrome|1
250|761|1349|chrome|1
288|840|1349|chrome|1
239|700|1349|chrome|1
286|776|1349|chrome|1
1011|291|1349|chrome|3
1031|301|1349|chrome|3
493|1160|1349|chrome|1
568|1172|1349|chrome|1
530|1169|1423|firefox|1
614|1167|1423|firefox|1
758|255|1423|firefox|1
520|1172|1423|firefox|1
903|303|1423|firefox|1
607|1171|1423|firefox|1
646|1171|1423|firefox|1
643|1172|1423|firefox|1
342|1210|1423|firefox|1
605|225|1423|firefox|1
60|29|320|chrome|1
116|17|320|chrome|1
58|465|320|chrome|1
911|20|1264|chrome|1
720|748|1423|firefox|2
486|1155|1349|chrome|1
895|31|1423|firefox|1
963|37|1423|firefox|1
667|48|1423|firefox|1
356|1117|1423|firefox|1
276|1056|1423|firefox|1
282|1045|1423|firefox|1
515|568|1903|chrome|1
1329|715|1903|chrome|2
676|779|1903|chrome|1
1187|1090|1280|chrome|3
763|1156|1903|chrome|1
845|1166|1903|chrome|1
881|1159|1903|chrome|1
742|672|1903|chrome|1
758|677|1903|chrome|1
767|1151|1903|chrome|1
846|1160|1903|chrome|1
932|276|1903|chrome|2
623|771|1903|chrome|1
770|1165|1903|chrome|1
834|1168|1903|chrome|1
888|1167|1903|chrome|1
886|1166|1903|chrome|1
891|1170|1903|chrome|1
599|784|1903|chrome|1
761|1160|1903|chrome|1
531|1030|1349|firefox|3
511|680|1903|chrome|1
856|940|1349|firefox|3
488|1171|1349|firefox|1
1244|271|1349|firefox|1
761|1159|1903|chrome|1
792|990|1349|firefox|3
576|1172|1349|firefox|1
852|1156|1903|chrome|1
1185|523|1903|chrome|2
895|1159|1903|chrome|1
224|58|1044|chrome|1
109|570|1044|chrome|1
77|548|1044|chrome|1
338|542|1559|safari|1
479|79|1349|firefox|1
1191|343|1349|firefox|1
852|1014|1263|chrome|1
1025|1001|1263|chrome|1
487|1145|1349|firefox|1
485|1158|1349|firefox|1
481|790|1349|firefox|3
573|1171|1349|firefox|1
609|1171|1349|firefox|1
850|977|1349|firefox|3
510|266|1008|chrome|1
978|730|1583|chrome|2
602|1154|1583|chrome|1
635|272|1583|chrome|2
690|1161|1583|chrome|1
262|15|320|safari|1
74|139|320|safari|1
678|82|1583|chrome|1
491|82|1263|chrome|1
1191|540|1903|firefox|2
849|1170|1903|firefox|1
823|10|1007|chrome|1
823|23|1007|chrome|1
249|575|1349|chrome|1
1183|329|1349|chrome|1
295|256|1007|chrome|1
481|1157|1349|chrome|1
65|1770|320|chrome|1
55|19|320|chrome|1
74|12|320|chrome|1
568|1149|1349|chrome|1
113|179|320|chrome|1
593|1162|1349|chrome|1
243|681|1349|chrome|1
652|87|1349|chrome|1
605|1157|1349|chrome|1
78|1187|1007|chrome|1
603|1163|1349|chrome|1
622|1172|1349|chrome|1
607|1161|1349|chrome|1
615|1162|1349|chrome|1
151|1091|1007|chrome|1
616|1158|1349|chrome|1
616|1155|1349|chrome|1
491|1171|1353|chrome|1
1050|732|1353|chrome|1
712|755|1353|chrome|3
573|1164|1353|chrome|1
528|758|1353|chrome|3
622|1165|1353|chrome|1
236|1228|1353|chrome|1
229|1013|1353|chrome|1
690|283|1353|chrome|1
679|264|1353|chrome|3
500|1170|1353|chrome|1
576|1166|1353|chrome|1
611|1163|1353|chrome|1
645|1162|1353|chrome|1
561|1170|1349|chrome|1
604|1173|1353|chrome|1
222|591|1353|chrome|1
0|16|320|opera|1
1007|1528|1008|chrome|1
202|57|1008|chrome|1
465|82|1008|chrome|1
528|946|1343|chrome|3
481|1152|1343|chrome|1
234|897|1343|chrome|1
236|660|1343|chrome|1
1063|526|1343|chrome|3
484|1162|1343|chrome|1
1114|280|1903|chrome|1
1326|272|1903|chrome|1
665|755|1343|chrome|3
575|1160|1343|chrome|1
338|55|1349|chrome|1
579|83|1423|chrome|1
408|12|1349|chrome|1
864|15|1349|chrome|1
0|232|1349|firefox|1
777|107|1349|chrome|1
910|171|1349|chrome|1
854|27|1349|chrome|1
382|50|1349|chrome|1
460|83|1349|chrome|1
850|302|1349|chrome|2
868|10|1349|chrome|1
249|1045|1349|firefox|1
866|12|1349|chrome|1
832|301|1349|chrome|1
483|1163|1349|firefox|1
563|1167|1349|firefox|1
242|1019|1349|firefox|1
274|1085|1349|firefox|1
239|1103|1349|firefox|1
235|1020|1349|firefox|1
221|1150|1349|firefox|1
229|1175|1349|firefox|1
483|1168|1349|firefox|1
236|1233|1349|firefox|1
232|1065|1349|firefox|1
531|998|1349|firefox|3
238|1085|1349|firefox|1
228|1022|1349|firefox|1
228|963|1349|firefox|1
219|937|1349|firefox|1
229|955|1349|firefox|1
228|939|1349|firefox|1
484|1166|1349|firefox|1
1046|515|1349|firefox|3
71|1779|360|chrome|1
698|769|1349|firefox|3
1261|790|1349|firefox|1
156|1773|360|chrome|1
705|1002|1349|firefox|3
569|1171|1349|firefox|1
290|184|360|chrome|1
701|319|1349|firefox|3
264|371|360|chrome|1
611|1175|1349|firefox|1
612|1163|1349|firefox|1
642|1166|1349|firefox|1
490|1157|1349|chrome|1
569|1167|1349|chrome|1
223|546|1349|chrome|1
401|1152|1007|chrome|1
253|1192|1349|chrome|1
226|961|1349|chrome|1
231|941|1349|chrome|1
324|55|1349|firefox|1
452|77|1349|chrome|1
79|14|320|safari|1
127|17|320|safari|1
244|20|320|safari|1
301|23|320|safari|1
65|25|320|safari|1
19|23|320|safari|1
244|573|1349|chrome|1
244|681|1349|chrome|1
883|374|1343|chrome|3
858|367|1343|chrome|3
485|1170|1349|chrome|1
864|1007|1343|chrome|1
572|1168|1349|chrome|1
863|15|1349|chrome|1
859|19|1349|chrome|1
913|85|1349|chrome|1
534|1215|1349|chrome|1
528|1156|1349|chrome|1
611|1170|1349|chrome|1
609|1162|1349|chrome|1
604|1161|1349|chrome|1
614|1155|1349|chrome|1
612|1174|1349|chrome|1
880|281|1349|chrome|1
620|1166|1349|chrome|1
639|1159|1349|chrome|1
662|20|1349|chrome|1
656|62|1349|chrome|1
654|90|1349|chrome|1
702|141|1349|chrome|1
921|29|1349|chrome|1
236|696|1349|chrome|1
487|1159|1349|chrome|1
574|1155|1349|chrome|1
1204|373|1349|chrome|1
615|1162|1349|chrome|1
617|1164|1349|chrome|1
1198|190|1903|chrome|1
829|22|1903|chrome|1
441|1167|1007|chrome|1
602|1163|1583|chrome|1
601|1171|1583|chrome|1
602|1168|1583|chrome|1
689|1160|1583|chrome|1
543|728|1007|chrome|3
373|1044|1007|chrome|3
374|737|1007|chrome|3
440|1160|1007|chrome|1
707|1151|1583|chrome|1
726|1160|1583|chrome|1
722|1174|1583|chrome|1
723|1163|1583|chrome|1
722|1165|1583|chrome|1
336|1251|1583|chrome|1
216|9|360|chrome|1
255|20|360|chrome|1
1238|392|1349|chrome|1
607|1163|1349|chrome|1
646|1164|1349|chrome|1
245|63|1349|chrome|1
397|935|1665|safari|1
644|1157|1665|safari|1
716|1169|1665|safari|1
477|948|1263|chrome|2
759|1165|1665|safari|1
763|1165|1665|safari|1
1413|500|1665|safari|1
492|462|1263|chrome|1
797|1168|1665|safari|1
424|1072|1665|safari|1
647|1164|1665|safari|1
817|21|1915|chrome|1
224|267|1903|chrome|2
910|299|1665|safari|1
766|1166|1903|chrome|1
247|256|1903|chrome|2
960|257|1903|chrome|2
200|364|1903|chrome|2
237|657|1903|chrome|2
1315|748|1903|chrome|2
843|1163|1903|chrome|1
641|291|1263|chrome|2
455|528|1263|chrome|2
709|120|1665|safari|1
914|17|1263|chrome|1
266|533|1349|chrome|1
389|1290|1665|safari|1
993|539|1665|safari|1
1384|758|1665|safari|1
408|1312|1665|safari|1
381|1061|1665|safari|1
385|1165|1665|safari|1
407|1017|1665|safari|1
395|895|1665|safari|1
387|999|1665|safari|1
393|931|1665|safari|1
393|1144|1665|safari|1
395|1034|1665|safari|1
686|558|1665|safari|1
83|1783|360|chrome|1
849|283|1007|chrome|1
47|18|360|chrome|1
1015|16|1665|safari|1
1070|181|1665|safari|1
1011|19|1665|safari|1
988|303|1665|safari|1
1024|20|1665|safari|1
961|304|1665|safari|1
409|385|1263|msie|1
1025|389|1665|safari|1
565|1153|1489|chrome|1
612|262|1489|chrome|1
1009|308|1665|safari|1
1015|14|1665|safari|1
1007|304|1665|safari|1
1007|26|1665|safari|1
983|396|1665|safari|1
498|1174|1349|firefox|1
579|1164|1349|firefox|1
988|428|1349|firefox|2
350|21|360|safari|1
348|16|360|safari|1
238|567|1349|chrome|1
200|453|1349|chrome|1
257|788|1349|chrome|1
438|1168|1007|chrome|1
658|488|1349|chrome|3
786|635|1349|chrome|1
710|270|1349|chrome|3
1023|258|1349|chrome|3
82|1778|360|chrome|1
155|1773|360|chrome|1
193|1773|360|chrome|1
193|1767|360|chrome|1
191|1776|360|chrome|1
232|703|1349|chrome|1
247|1016|1349|chrome|1
195|1778|360|chrome|1
143|557|1349|chrome|1
190|1778|360|chrome|1
487|1160|1349|chrome|1
193|1778|360|chrome|1
209|1769|360|chrome|1
610|1160|1349|chrome|1
531|535|1349|chrome|1
201|1772|360|chrome|1
229|1004|1349|chrome|1
209|1769|360|chrome|1
220|1771|360|chrome|1
265|1768|360|chrome|1
650|19|1349|chrome|1
231|571|360|chrome|1
173|42|360|chrome|1
58|24|360|chrome|1
165|18|360|chrome|1
206|19|360|chrome|1
252|18|360|chrome|1
337|615|360|chrome|1
710|135|1349|chrome|1
565|14|1349|chrome|1
982|24|1263|chrome|1
870|70|1263|chrome|1
529|25|1263|chrome|1
64|15|320|unknown|1
20|15|320|unknown|1
128|20|320|unknown|1
108|157|320|unknown|1
78|356|320|unknown|1
92|155|320|unknown|1
122|20|320|unknown|1
83|352|320|unknown|1
139|1984|320|unknown|1
146|538|320|unknown|1
979|1017|1007|chrome|1
510|23|1007|chrome|1
440|1167|1263|firefox|1
206|1110|1263|firefox|1
198|933|1263|firefox|1
248|412|1263|firefox|1
253|572|1349|firefox|1
491|1165|1349|firefox|1
918|1058|1349|firefox|1
441|1157|1263|chrome|1
517|1160|1263|chrome|1
547|88|1349|chrome|1
955|251|1583|chrome|2
606|1165|1583|chrome|1
968|19|1583|chrome|1
1099|24|1583|chrome|1
945|217|1583|chrome|1
68|2236|320|unknown|1
238|1000|1349|chrome|1
338|652|1349|chrome|1
394|684|1349|chrome|1
381|1225|1349|chrome|1
1100|23|1519|firefox|1
260|568|1349|chrome|1
289|328|1349|chrome|1
378|320|1349|chrome|1
905|269|1349|chrome|1
333|319|1349|chrome|1
326|325|1349|chrome|1
418|323|1349|chrome|1
418|323|1349|chrome|1
439|523|1349|chrome|1
1052|24|1349|chrome|1
927|60|1349|chrome|1
624|47|1349|chrome|1
585|20|1423|chrome|1
308|80|1007|chrome|1
206|705|1263|chrome|1
434|1161|1263|chrome|1
531|1163|1263|chrome|1
846|752|1263|chrome|3
646|1013|1263|chrome|3
1011|771|1263|chrome|3
638|978|1263|chrome|3
501|1010|1263|chrome|3
807|740|1263|chrome|3
998|21|1376|chrome|1
312|82|1198|chrome|1
560|87|1349|chrome|1
475|1154|1349|chrome|1
573|1151|1349|chrome|1
940|30|1349|chrome|1
245|661|1349|chrome|1
988|22|1349|chrome|1
478|1158|1349|chrome|1
1055|27|1583|chrome|1
579|1166|1349|chrome|1
621|1159|1349|chrome|1
656|79|1583|chrome|1
604|1169|1349|chrome|1
314|1154|1007|chrome|1
921|480|1349|chrome|3
865|738|1349|chrome|3
509|981|1349|chrome|3
618|1154|1349|chrome|1
908|294|1349|chrome|3
693|1162|1349|chrome|1
651|1154|1349|chrome|1
227|542|1349|chrome|1
485|1161|1349|firefox|1
500|432|1349|chrome|1
1095|761|1349|chrome|3
901|726|1349|chrome|3
899|266|1349|chrome|3
531|999|1349|chrome|1
236|551|1349|firefox|1
855|205|1349|chrome|1
632|79|1349|chrome|1
1216|229|1349|chrome|1
570|1168|1263|firefox|1
485|1158|1349|chrome|1
862|462|1349|chrome|3
483|1160|1349|chrome|1
573|1163|1349|chrome|1
73|571|1007|chrome|1
361|705|1007|chrome|3
323|1170|1007|chrome|1
602|1162|1349|chrome|1
409|1152|1007|chrome|1
489|554|1007|chrome|3
421|1161|1007|chrome|1
827|568|1007|chrome|3
433|1158|1007|chrome|1
229|964|1349|chrome|1
257|1123|1349|chrome|1
926|301|1583|chrome|1
252|1191|1349|chrome|1
247|1000|1349|chrome|1
495|482|1007|chrome|3
486|1159|1349|chrome|1
429|1168|1007|chrome|1
821|298|1007|chrome|3
838|476|1007|chrome|3
517|286|1007|chrome|3
402|326|1349|chrome|1
949|30|1349|chrome|1
626|1152|1349|chrome|1
983|21|1349|chrome|1
584|1161|1583|chrome|1
516|22|1263|chrome|1
681|1159|1583|chrome|1
375|46|1583|chrome|1
602|1162|1583|chrome|1
948|183|1583|chrome|3
665|233|1583|chrome|3
687|1159|1583|chrome|1
675|258|1583|chrome|1
924|456|1349|chrome|3
1035|905|1349|chrome|2
243|1107|1349|chrome|1
1087|1034|1423|chrome|2
1174|239|1349|chrome|2
1175|677|1903|chrome|3
771|1155|1903|chrome|1
845|1160|1903|chrome|1
763|433|1903|chrome|1
764|1167|1903|chrome|1
830|223|1903|chrome|3
613|1167|1349|chrome|1
718|947|1349|chrome|3
607|1158|1349|chrome|1
722|1158|1825|chrome|1
1298|1079|1825|chrome|2
803|1167|1825|chrome|1
908|1002|1825|chrome|2
800|1170|1825|chrome|1
655|1167|1349|chrome|1
548|80|1349|chrome|1
1284|252|1825|chrome|1
881|41|1263|chrome|1
215|568|1263|chrome|1
455|1164|1263|chrome|1
528|1178|1263|chrome|1
561|1163|1263|chrome|1
557|1165|1263|chrome|1
726|18|1349|chrome|1
561|1176|1263|chrome|1
1038|531|1349|chrome|3
570|1164|1263|chrome|1
1171|904|1263|chrome|1
85|408|1263|chrome|1
913|99|1349|chrome|1
558|1168|1263|chrome|1
835|542|1263|chrome|1
905|84|1349|chrome|1
796|239|1903|chrome|1
472|1004|1263|chrome|1
1008|744|1263|chrome|1
344|682|1583|chrome|1
1421|537|1583|chrome|1
764|1169|1583|chrome|1
805|1169|1583|chrome|1
805|1169|1583|chrome|1
563|1178|1263|chrome|1
801|1168|1583|chrome|1
810|1168|1583|chrome|1
295|1044|1349|chrome|1
808|1165|1583|chrome|1
494|1166|1349|chrome|1
257|1026|1349|chrome|1
1374|370|1583|chrome|1
274|1045|1349|chrome|1
268|1131|1349|chrome|1
643|278|1583|chrome|1
538|313|1349|chrome|1
224|1161|1349|chrome|1
683|275|1349|chrome|1
514|275|1349|chrome|1
237|1190|1349|chrome|1
246|1192|1349|chrome|1
519|1164|1423|chrome|1
899|1021|1423|chrome|1
692|985|1263|chrome|1
570|1173|1263|chrome|1
568|1166|1263|chrome|1
591|1165|1263|chrome|1
523|1014|1920|chrome|1
238|1088|1349|chrome|1
241|1167|1349|chrome|1
486|242|1349|chrome|3
623|1172|1263|chrome|1
1051|489|1349|chrome|3
640|1165|1583|chrome|1
489|1160|1349|chrome|1
380|1087|1583|chrome|1
514|481|1263|chrome|1
687|84|1663|chrome|1
922|48|1349|chrome|1
353|925|1583|chrome|1
581|1177|1263|chrome|1
777|244|1583|chrome|1
837|260|1263|chrome|1
1055|977|1349|chrome|3
502|434|1349|chrome|1
407|1164|1263|chrome|1
918|1028|1349|chrome|1
412|1172|1263|chrome|1
404|1174|1263|chrome|1
404|374|1263|chrome|1
409|1180|1263|chrome|1
641|985|1263|chrome|1
910|177|1349|chrome|1
300|1228|1349|chrome|1
221|1127|1349|chrome|1
325|742|1476|chrome|1
559|1168|1476|chrome|1
478|265|1349|chrome|1
486|1151|1349|chrome|1
247|1189|1349|chrome|1
571|1178|1349|chrome|1
605|81|1349|chrome|1
488|264|1349|chrome|3
0|210|1349|chrome|1
842|294|1349|chrome|3
741|297|1349|chrome|3
525|251|1349|chrome|3
877|89|1903|chrome|1
250|571|1349|chrome|1
213|1192|1349|chrome|1
228|917|1349|chrome|1
888|282|1349|chrome|3
501|280|1349|chrome|3
919|53|1349|chrome|1
1039|540|1349|chrome|3
829|85|1349|chrome|1
462|77|1349|chrome|1
474|84|1349|chrome|1
854|306|1349|chrome|1
829|301|1349|chrome|1
171|22|320|chrome|1
212|17|320|chrome|1
51|39|360|chrome|1
120|94|360|chrome|1
157|298|360|chrome|1
20|329|320|chrome|1
517|1023|1920|chrome|1
175|26|320|chrome|1
987|11|1349|chrome|1
303|324|1349|chrome|1
251|568|1349|chrome|1
237|679|1349|chrome|1
485|1154|1349|chrome|1
572|1155|1349|chrome|1
614|1161|1349|chrome|1
545|214|1349|chrome|1
673|773|1903|chrome|1
558|1046|1920|chrome|1
797|250|1903|chrome|1
56|911|1349|chrome|1
656|1227|1349|chrome|1
1150|247|1903|chrome|1
225|703|1349|chrome|1
964|241|1903|chrome|1
229|553|1349|chrome|1
765|1161|1903|chrome|1
658|1166|1349|chrome|1
834|1157|1903|chrome|1
638|88|1349|chrome|1
878|1166|1903|chrome|1
760|677|1903|chrome|1
763|1163|1903|chrome|1
835|1162|1903|chrome|1
888|1158|1903|chrome|1
545|48|1903|chrome|1
556|1164|1263|chrome|1
85|372|1263|chrome|1
1026|764|1263|chrome|1
452|993|1263|chrome|1
348|740|1583|firefox|1
357|656|1583|firefox|1
602|1164|1583|firefox|2
854|15|1349|firefox|1
862|16|1349|firefox|1
862|16|1349|firefox|1
678|529|1349|firefox|1
233|1065|1349|chrome|3
1032|27|1349|chrome|1
1132|16|1349|chrome|1
488|1153|1349|chrome|1
86|523|1349|chrome|1
932|776|1349|chrome|2
570|1161|1349|chrome|1
1148|177|1349|chrome|1
678|982|1349|chrome|2
857|11|1349|firefox|1
962|117|1423|chrome|1
705|239|1423|chrome|3
372|570|1583|chrome|1
597|960|1423|chrome|3
532|1168|1423|chrome|1
340|1026|1583|chrome|1
595|1166|1583|chrome|1
926|49|1349|firefox|1
862|23|1349|firefox|1
637|83|1423|chrome|1
853|16|1349|firefox|1
931|40|1349|firefox|1
855|16|1349|firefox|1
830|197|1349|firefox|1
839|190|1349|firefox|1
844|237|1349|firefox|1
857|9|1349|firefox|1
622|1513|1007|chrome|1
810|18|1349|firefox|1
957|1154|1007|chrome|1
839|212|1349|firefox|1
794|1240|1007|chrome|1
823|19|1007|chrome|1
487|769|1349|firefox|1
763|46|1007|chrome|1
688|16|1007|chrome|1
684|214|1007|chrome|1
992|18|1349|firefox|1
738|88|1007|chrome|1
1060|60|1349|firefox|1
676|981|1349|chrome|3
481|1160|1349|chrome|1
681|1157|1583|chrome|1
564|1165|1349|chrome|1
1159|507|1583|chrome|1
611|1158|1349|chrome|1
1197|502|1583|chrome|3
611|1155|1349|chrome|1
716|1157|1583|chrome|1
720|1168|1583|chrome|1
757|1158|1583|chrome|1
617|301|1583|chrome|3
991|573|1583|chrome|3
1024|23|1349|firefox|1
1137|5|1349|firefox|1
686|506|1349|chrome|3
606|1172|1349|chrome|1
615|1165|1349|chrome|1
607|1166|1349|chrome|1
704|531|1349|chrome|1
949|24|1349|firefox|1
1074|40|1349|firefox|1
1127|18|1349|firefox|1
1141|171|1349|firefox|2
603|1167|1349|chrome|1
249|1192|1349|firefox|1
963|15|1349|chrome|1
874|307|1349|firefox|1
631|1160|1349|chrome|1
857|774|1349|chrome|3
573|1157|1522|chrome|1
637|1154|1349|chrome|1
449|1467|1349|msie|1
659|1165|1522|chrome|1
613|916|1522|chrome|1
467|79|1349|msie|1
1165|993|1522|chrome|2
805|737|1522|chrome|2
637|789|1522|chrome|2
688|958|1349|chrome|3
865|954|1349|chrome|3
1000|485|1522|chrome|2
638|1168|1349|chrome|1
973|757|1522|chrome|2
522|266|1349|chrome|3
1152|776|1522|chrome|2
658|249|1349|chrome|3
660|1167|1522|chrome|1
223|550|1349|chrome|1
1141|495|1522|chrome|2
580|768|1522|chrome|2
588|259|1522|chrome|2
859|274|1287|chrome|1
1143|277|1522|chrome|1
535|273|1287|chrome|1
632|315|1522|chrome|1
575|1157|1522|chrome|1
485|1163|1349|chrome|1
560|1153|1349|chrome|1
903|261|1349|chrome|1
536|501|1349|chrome|1
230|97|320|chrome|1
228|86|320|chrome|1
161|34|320|chrome|1
691|970|1349|chrome|1
0|334|1349|chrome|1
541|294|1349|chrome|3
714|319|1349|chrome|3
1001|256|1349|chrome|1
511|972|1349|chrome|1
57|23|320|chrome|1
125|27|320|chrome|1
166|23|320|chrome|1
216|25|320|chrome|1
682|278|1349|chrome|1
231|1107|1349|chrome|1
239|953|1349|chrome|1
913|21|1579|chrome|1
939|188|1579|chrome|1
936|196|1579|chrome|1
953|114|1579|chrome|1
795|50|1919|safari|1
230|606|1349|chrome|1
671|1173|1730|chrome|1
726|81|1730|chrome|1
180|1154|1280|firefox|1
470|46|1259|safari|1
579|20|1349|chrome|1
188|788|1280|firefox|1
190|792|1280|firefox|1
343|226|1280|firefox|1
364|11|1349|chrome|1
83|240|1349|chrome|1
965|325|1280|firefox|1
332|19|1349|chrome|1
136|97|1349|chrome|1
75|304|1349|chrome|1
565|21|1349|chrome|1
795|15|1349|chrome|1
852|392|1349|chrome|1
448|609|1280|chrome|1
183|543|1280|chrome|1
249|637|1280|chrome|1
498|212|1263|chrome|2
640|182|1280|chrome|1
448|1162|1263|chrome|1
525|1159|1263|chrome|1
188|577|1280|chrome|1
249|524|1349|chrome|1
219|804|1280|chrome|1
317|230|1280|chrome|1
222|759|1280|chrome|1
189|763|1280|chrome|1
230|545|1349|chrome|1
619|55|1920|chrome|1
500|21|1263|firefox|1
766|1158|1920|chrome|1
515|1024|1349|chrome|1
853|9|1349|chrome|1
797|15|1349|chrome|1
797|15|1349|chrome|1
825|209|1349|chrome|1
167|16|360|chrome|1
47|155|360|chrome|1
165|12|360|chrome|1
618|56|1920|chrome|1
227|1192|1349|chrome|1
882|999|1349|chrome|1
169|28|360|chrome|1
71|152|360|chrome|1
195|79|360|chrome|1
235|1166|1349|chrome|1
227|938|1349|chrome|1
485|1154|1349|chrome|1
82|1776|360|chrome|1
564|1162|1349|chrome|1
619|1160|1349|chrome|1
63|28|360|chrome|1
109|177|360|chrome|1
33|100|360|chrome|1
17|13|360|chrome|1
613|1163|1349|chrome|1
653|1152|1349|chrome|1
338|20|360|chrome|1
1096|535|1349|chrome|1
368|15|1003|chrome|1
647|81|1349|chrome|1
768|120|1349|chrome|1
913|94|1349|chrome|1
484|29|1263|firefox|1
576|21|1349|chrome|1
1005|247|1263|firefox|3
643|82|1349|chrome|1
197|675|1263|firefox|1
438|1159|1263|firefox|1
658|270|1263|firefox|3
486|1000|1263|firefox|3
567|1162|1263|firefox|1
234|962|1349|firefox|1
268|742|1349|firefox|1
249|874|1349|firefox|1
824|238|1263|firefox|3
240|1027|1349|firefox|1
1009|973|1263|firefox|3
294|1058|1349|firefox|1
555|1163|1263|firefox|1
246|673|1349|firefox|1
346|419|1349|firefox|1
259|439|1237|firefox|1
410|760|1663|firefox|1
792|497|1237|firefox|3
435|1167|1237|firefox|1
1022|498|1663|firefox|3
501|1159|1237|firefox|1
1211|756|1663|firefox|3
681|241|1663|firefox|3
925|43|1350|firefox|1
704|19|1350|firefox|1
659|238|1663|firefox|3
653|1158|1663|firefox|1
1210|975|1663|firefox|3
1033|968|1663|firefox|3
724|1171|1663|firefox|1
1226|251|1663|firefox|3
1023|717|1263|firefox|3
1188|834|1263|firefox|1
473|758|1263|firefox|3
755|1173|1663|firefox|1
486|1012|1263|firefox|3
1216|999|1263|firefox|1
556|1168|1263|firefox|1
1210|747|1663|firefox|3
671|997|1663|firefox|3
768|1163|1663|firefox|1
681|490|1263|firefox|3
314|414|1350|firefox|1
604|1165|1263|firefox|1
1044|992|1663|firefox|3
824|1023|1663|firefox|3
247|566|1350|firefox|1
809|1165|1663|firefox|1
259|635|1350|firefox|1
264|398|1350|firefox|1
688|294|1663|firefox|3
311|413|1350|firefox|1
1058|789|1350|firefox|1
388|1062|1663|firefox|1
384|1000|1663|firefox|1
391|965|1663|firefox|1
455|1009|1663|firefox|1
486|53|1663|firefox|1
366|1161|1007|chrome|1
669|1155|1663|firefox|1
716|1159|1663|firefox|1
388|545|1663|firefox|1
390|59|1349|chrome|1
390|55|1349|chrome|1
1220|377|1349|chrome|1
266|574|1349|chrome|1
139|467|1349|chrome|1
487|1151|1349|chrome|1
229|549|1349|chrome|1
1156|353|1349|chrome|1
1358|209|1583|chrome|1
491|1159|1349|chrome|1
98|246|1349|chrome|1
1187|367|1349|chrome|1
561|1159|1349|chrome|1
575|1156|1349|chrome|1
35|243|1349|chrome|1
609|1164|1349|chrome|1
618|1160|1349|chrome|1
111|287|1349|chrome|1
607|1160|1349|chrome|1
598|1159|1349|chrome|1
0|338|1349|chrome|1
618|1163|1349|chrome|1
615|1164|1349|chrome|1
873|244|1349|chrome|3
1223|229|1349|chrome|1
1162|510|1349|chrome|1
1034|486|1349|chrome|3
608|1165|1349|chrome|1
1100|24|1663|firefox|1
1243|67|1663|firefox|1
1165|450|1349|chrome|1
1170|248|1349|chrome|1
1294|21|1663|firefox|1
1010|838|1349|chrome|3
875|777|1349|chrome|3
601|1160|1349|chrome|1
1210|334|1349|chrome|1
611|1166|1349|chrome|1
883|38|1263|chrome|1
369|82|1263|chrome|1
1036|981|1349|chrome|3
615|1155|1349|chrome|1
603|1165|1349|chrome|1
1017|23|1663|firefox|1
1017|23|1663|firefox|1
1459|131|1663|firefox|1
1166|307|1349|chrome|1
1210|221|1349|chrome|1
610|1154|1349|chrome|1
529|395|1903|chrome|1
1042|727|1349|chrome|3
1256|700|1349|chrome|1
1094|21|1663|firefox|1
1293|19|1663|firefox|1
610|1158|1349|chrome|1
1290|1059|1903|chrome|3
811|12|1263|chrome|1
771|1166|1903|chrome|1
491|501|1349|chrome|3
826|24|1263|chrome|1
618|1154|1349|chrome|1
803|83|1263|chrome|1
573|482|1349|chrome|3
880|443|1349|chrome|3
1209|154|1349|chrome|1
609|1163|1349|chrome|1
1025|19|1663|firefox|1
1022|22|1663|firefox|1
823|258|1903|chrome|3
1003|399|1663|firefox|1
1321|213|1903|chrome|3
1206|407|1349|chrome|1
639|1161|1349|chrome|1
1050|28|1447|safari|1
836|1158|1903|chrome|1
797|232|1903|chrome|3
220|29|320|chrome|1
1130|26|1663|firefox|1
968|18|1583|chrome|1
1149|43|1663|firefox|1
980|11|1583|chrome|1
1290|20|1663|firefox|1
960|56|1583|chrome|1
950|280|1583|chrome|1
1230|446|1349|chrome|1
965|306|1583|chrome|1
682|1159|1349|chrome|1
1023|399|1663|firefox|1
1196|764|1349|chrome|1
612|1159|1349|chrome|1
1108|17|1903|chrome|1
1116|300|1903|chrome|1
627|54|1920|chrome|1
763|398|1349|chrome|1
379|14|1349|chrome|1
648|1158|1349|chrome|1
587|19|1349|chrome|1
355|176|1349|chrome|1
1070|992|1349|chrome|1
137|263|1349|chrome|1
633|1150|1349|chrome|1
98|295|1349|chrome|1
618|1167|1349|chrome|1
53|272|1349|chrome|1
1017|25|1447|safari|1
641|1137|1349|chrome|1
55|327|1349|chrome|1
686|1163|1349|chrome|1
700|276|1349|chrome|1
1050|290|1349|chrome|1
896|504|1349|chrome|1
698|84|1663|chrome|1
691|1163|1349|chrome|1
1062|510|1349|chrome|1
708|759|1349|chrome|1
1192|571|1349|chrome|1
482|1166|1349|chrome|1
527|993|1349|chrome|1
688|1161|1349|chrome|1
864|13|1349|firefox|1
864|13|1349|firefox|1
597|24|1423|chrome|1
864|398|1349|firefox|1
706|745|1349|chrome|1
1046|990|1349|chrome|1
964|14|1349|chrome|1
858|21|1346|chrome|1
845|109|1346|chrome|1
574|1166|1349|chrome|1
844|126|1346|chrome|1
482|1170|1326|chrome|1
670|527|1326|chrome|3
485|1158|1349|chrome|1
568|1162|1326|chrome|1
833|210|1346|chrome|1
594|1159|1326|chrome|1
612|1168|1349|chrome|1
583|1155|1326|chrome|1
478|485|1326|chrome|3
897|510|1326|chrome|3
593|1156|1326|chrome|1
537|271|1326|chrome|3
837|522|1326|chrome|3
713|731|1326|chrome|3
585|1166|1326|chrome|1
810|557|1326|chrome|3
857|281|1326|chrome|3
351|120|1349|firefox|1
1060|761|1326|chrome|3
473|1153|1349|chrome|1
577|1178|1349|chrome|1
569|1167|1349|chrome|1
596|1156|1326|chrome|1
712|281|1349|chrome|1
696|1020|1326|chrome|3
1087|498|1440|chrome|1
237|1065|1349|chrome|1
997|1025|1326|chrome|3
581|1159|1326|chrome|1
686|792|1349|chrome|1
532|553|1349|chrome|1
229|941|1349|chrome|1
605|1165|1326|chrome|1
489|1159|1349|chrome|1
950|26|1349|chrome|1
605|1165|1326|chrome|1
1039|291|1326|chrome|3
611|1169|1326|chrome|1
612|1168|1326|chrome|1
383|87|1351|firefox|1
241|1018|1349|chrome|1
620|1162|1326|chrome|1
225|1039|1351|firefox|1
676|1158|1326|chrome|1
232|1235|1349|chrome|1
237|1069|1349|chrome|1
155|26|360|chrome|1
54|20|360|chrome|1
623|51|1920|chrome|1
242|115|320|chrome|1
496|83|1349|chrome|1
610|1163|1349|chrome|1
544|81|1349|chrome|1
630|431|1349|chrome|1
943|520|1907|firefox|1
482|1161|1349|chrome|1
569|1165|1349|chrome|1
284|1079|1349|chrome|1
484|1165|1349|chrome|1
485|421|1349|chrome|1
843|502|1349|chrome|1
714|21|1349|chrome|1
1007|24|1349|chrome|1
483|80|1349|chrome|1
601|1160|1349|chrome|1
837|303|1349|chrome|1
617|1164|1349|chrome|1
599|1169|1349|chrome|1
42|272|1263|chrome|1
254|398|1349|chrome|1
1031|499|1349|chrome|3
476|1172|1349|chrome|1
792|56|1918|chrome|1
574|1170|1349|chrome|1
837|283|1349|chrome|1
851|13|1349|chrome|1
828|298|1349|chrome|1
663|727|1349|chrome|1
1173|50|1903|chrome|1
528|568|1903|chrome|1
1323|764|1903|chrome|1
967|985|1903|chrome|1
758|1160|1903|chrome|1
1154|744|1903|chrome|1
850|1160|1903|chrome|1
1178|764|1903|chrome|1
1361|499|1903|chrome|1
1346|997|1903|chrome|1
885|1158|1903|chrome|1
1154|522|1903|chrome|1
1367|263|1903|chrome|1
184|550|1265|chrome|3
170|549|1265|chrome|3
440|1165|1265|chrome|1
894|1157|1903|chrome|1
521|1155|1265|chrome|1
1341|292|1903|chrome|1
887|1166|1903|chrome|1
1141|251|1903|chrome|1
590|1165|1265|chrome|1
767|791|1903|chrome|1
963|1001|1903|chrome|1
949|15|1265|chrome|1
372|17|1007|firefox|1
323|1172|1007|chrome|1
885|1157|1903|chrome|1
1381|726|1903|chrome|1
61|595|1007|chrome|1
807|992|1903|chrome|1
562|1167|1265|chrome|1
330|414|1351|chrome|1
884|1154|1903|chrome|1
65|613|1007|chrome|1
1324|258|1903|chrome|1
54|546|1007|chrome|1
977|1021|1903|chrome|1
882|1162|1903|chrome|1
894|1163|1903|chrome|1
686|22|1007|chrome|1
681|305|1007|chrome|1
896|1167|1903|chrome|1
976|278|1903|chrome|1
640|82|1351|chrome|1
365|541|980|chrome|1
973|1010|1903|chrome|1
901|1156|1903|chrome|1
44|920|980|chrome|1
740|180|1007|chrome|1
690|25|1007|chrome|1
295|1174|980|chrome|1
677|216|1007|chrome|1
915|1166|1903|chrome|1
1343|497|1903|chrome|1
376|1165|980|chrome|1
426|1171|980|chrome|1
164|326|980|chrome|1
253|572|980|chrome|1
151|323|980|chrome|1
28|321|980|chrome|1
959|1160|1903|chrome|1
321|546|980|chrome|1
186|328|980|chrome|1
870|422|1903|chrome|1
133|323|980|chrome|1
725|1164|1903|chrome|1
625|777|1903|chrome|1
515|697|1903|chrome|1
1153|255|1903|chrome|1
180|315|980|chrome|1
215|446|980|chrome|1
524|1044|1349|chrome|1
196|334|980|chrome|1
54|1121|980|chrome|1
52|1177|980|chrome|1
561|286|980|chrome|3
83|1157|980|chrome|1
797|736|1903|chrome|1
761|1160|1903|chrome|1
970|495|1903|chrome|1
477|18|1263|chrome|1
477|18|1263|chrome|1
561|84|1349|chrome|1
1023|267|1349|chrome|1
533|628|1903|chrome|1
730|228|1349|chrome|1
517|697|1903|chrome|1
637|778|1903|chrome|1
766|1161|1903|chrome|1
972|736|1903|chrome|1
1335|523|1903|chrome|1
1139|13|1903|chrome|1
1148|306|1903|chrome|1
1143|307|1903|chrome|1
1134|19|1903|chrome|1
1127|306|1903|chrome|1
527|569|1903|chrome|1
515|699|1903|chrome|1
632|778|1903|chrome|1
824|57|1884|chrome|1
760|1163|1903|chrome|1
842|1158|1903|chrome|1
1344|531|1903|chrome|1
1139|307|1903|chrome|1
528|567|1903|chrome|1
517|697|1903|chrome|1
1332|505|1903|chrome|1
629|775|1903|chrome|1
768|1161|1903|chrome|1
1148|510|1903|chrome|1
1145|305|1903|chrome|1
1157|1015|1903|chrome|1
1354|526|1903|chrome|1
525|569|1903|chrome|1
632|776|1903|chrome|1
516|695|1903|chrome|1
756|1164|1903|chrome|1
1329|531|1903|chrome|1
1137|393|1903|chrome|1
544|989|1349|chrome|1
229|544|1351|chrome|1
753|79|1903|chrome|1
628|297|1583|chrome|1
781|282|1903|chrome|1
229|896|1349|chrome|1
733|518|1349|chrome|3
485|1162|1349|chrome|1
506|1126|1903|chrome|3
514|1168|1903|chrome|3
562|1083|1903|chrome|3
508|1056|1903|chrome|3
534|1022|1903|chrome|3
516|981|1903|chrome|1
685|962|1349|chrome|3
513|1128|1903|chrome|1
571|1159|1349|chrome|1
608|48|1903|chrome|1
344|1211|1583|chrome|1
614|1171|1349|chrome|1
1345|251|1903|chrome|3
1220|271|1903|chrome|1
72|30|384|chrome|1
190|98|384|chrome|1
154|302|384|chrome|1
650|296|1583|chrome|1
693|603|1903|chrome|1
511|606|1903|chrome|1
651|50|1903|chrome|1
505|1255|1903|chrome|1
508|915|1903|chrome|1
516|982|1903|chrome|1
226|1100|1349|chrome|1
254|1043|1349|chrome|1
516|273|1349|chrome|1
1345|247|1903|chrome|1
57|16|360|chrome|1
249|93|360|chrome|1
158|297|360|chrome|1
224|1100|1349|chrome|1
807|252|1903|chrome|1
671|238|1349|chrome|3
522|1063|1903|chrome|1
520|1102|1903|chrome|1
601|55|1903|chrome|1
226|42|320|chrome|1
216|21|320|chrome|1
561|48|1442|safari|1
310|941|360|chrome|1
295|1240|360|chrome|1
1273|49|1346|chrome|1
357|17|1346|chrome|1
345|26|360|chrome|1
353|160|1346|chrome|1
336|413|1423|chrome|1
308|577|1423|chrome|1
249|545|1423|chrome|1
154|30|360|chrome|1
24|15|360|chrome|1
997|31|1351|chrome|1
565|17|1349|chrome|1
251|21|320|unknown|1
108|277|320|unknown|1
349|656|1583|chrome|1
340|655|1583|chrome|1
358|662|1583|chrome|1
635|251|1583|chrome|3
1371|178|1583|chrome|1
1138|501|1583|chrome|3
996|219|1583|chrome|3
660|512|1583|chrome|3
298|1131|1349|chrome|1
251|1106|1349|chrome|1
225|1057|1349|chrome|1
1175|751|1583|chrome|3
601|1160|1583|chrome|1
975|253|1583|chrome|3
688|1163|1583|chrome|1
643|270|1583|chrome|3
700|268|1349|chrome|1
251|1230|1349|chrome|1
522|276|1349|chrome|1
579|1167|1343|chrome|1
607|1175|1343|chrome|1
533|923|1343|chrome|1
571|1006|1343|chrome|3
244|1185|1349|chrome|1
1035|778|1343|chrome|1
685|280|1349|chrome|1
865|25|1349|chrome|1
919|90|1349|chrome|1
235|44|1349|chrome|1
270|390|1349|chrome|1
491|1157|1349|chrome|1
198|549|1266|chrome|1
1339|844|1349|chrome|1
572|1157|1349|chrome|1
1032|299|1349|chrome|3
352|755|1349|chrome|1
533|812|1349|chrome|3
773|118|1349|chrome|1
518|385|1349|chrome|1
921|57|1349|chrome|1
668|266|1349|chrome|1
247|567|1349|chrome|1
485|1163|1349|chrome|1
573|1161|1349|chrome|1
874|509|1349|chrome|1
577|321|1903|chrome|1
736|51|1903|chrome|1
528|506|1349|chrome|1
615|1167|1349|chrome|1
607|1167|1349|chrome|1
613|1161|1349|chrome|1
311|550|1583|chrome|1
335|552|1583|chrome|1
352|606|1583|chrome|1
816|301|1583|chrome|1
469|578|1349|msie|1
239|658|1349|msie|1
508|578|1349|msie|1
480|1174|1349|chrome|1
568|1156|1349|chrome|1
317|59|1349|chrome|1
245|702|1349|chrome|1
268|1205|1349|chrome|1
887|988|1349|chrome|1
826|372|1423|chrome|1
587|83|1423|chrome|1
576|85|1423|chrome|1
506|84|1265|chrome|1
566|228|1349|chrome|1
555|239|1349|chrome|1
479|1150|1349|chrome|1
548|263|1349|chrome|1
222|398|1264|chrome|1
576|1166|1349|chrome|1
812|741|1264|chrome|1
488|421|1349|chrome|1
476|277|1349|chrome|1
398|19|1007|firefox|1
513|1149|1264|chrome|1
1050|551|1264|chrome|3
520|1160|1264|chrome|1
242|417|1264|chrome|1
847|515|1264|chrome|3
435|1152|1264|chrome|1
433|724|1264|chrome|3
511|1029|1264|chrome|3
526|1169|1264|chrome|1
1026|524|1264|chrome|3
205|656|1264|chrome|1
903|306|1423|chrome|1
575|265|1423|chrome|1
222|603|1349|chrome|1
832|232|1349|chrome|1
238|1145|1345|chrome|1
232|1134|1345|chrome|1
239|898|1345|chrome|1
1001|983|1345|chrome|3
560|85|1349|chrome|1
852|1001|1345|chrome|3
852|1001|1345|chrome|3
473|1155|1345|chrome|1
108|392|1007|chrome|1
542|1019|1007|chrome|1
364|538|1007|chrome|1
513|980|1345|chrome|3
555|1159|1345|chrome|1
606|1164|1349|chrome|1
603|1162|1345|chrome|1
1044|273|1349|chrome|1
637|1151|1345|chrome|1
246|1106|1345|chrome|1
246|1046|1345|chrome|1
608|1160|1349|chrome|1
227|1103|1345|chrome|1
337|42|1264|chrome|1
501|531|1349|chrome|1
1028|27|1345|chrome|1
470|88|1349|chrome|1
469|85|1349|chrome|1
1051|1003|1349|chrome|1
475|1158|1349|chrome|1
608|1164|1349|chrome|1
696|263|1349|chrome|1
606|1160|1349|chrome|1
439|81|1264|chrome|1
618|1163|1349|chrome|1
572|1167|1349|chrome|1
1072|326|1349|chrome|1
629|1160|1349|chrome|1
641|1162|1349|chrome|1
782|210|1259|chrome|1
811|12|1259|chrome|1
739|110|1259|chrome|1
688|1162|1349|chrome|1
604|1162|1349|chrome|1
223|822|1349|chrome|1
617|22|1349|chrome|1
822|214|1259|chrome|1
281|16|320|chrome|1
262|32|320|chrome|1
206|271|320|chrome|1
239|529|1349|chrome|1
914|305|1423|chrome|1
1039|730|1349|chrome|3
637|87|1423|chrome|1
480|1161|1349|chrome|1
1076|536|1349|chrome|3
1047|756|1349|chrome|3
554|1160|1349|chrome|1
609|84|1423|chrome|1
554|513|1423|chrome|1
944|283|1423|chrome|1
894|398|1423|chrome|1
489|574|1349|msie|1
641|80|1349|chrome|1
918|58|1349|msie|1
525|81|1349|msie|1
485|568|1349|msie|1
543|79|1349|msie|1
888|303|1423|chrome|1
499|589|1349|msie|1
859|24|1349|msie|1
797|19|1349|msie|1
800|310|1349|msie|1
597|21|1349|chrome|1
431|578|1349|msie|1
657|24|1349|msie|1
1147|277|1349|chrome|1
542|80|1349|chrome|1
692|492|1349|chrome|1
554|90|1351|chrome|1
840|392|1349|chrome|1
528|1160|1423|chrome|1
862|28|1349|chrome|1
861|14|1349|chrome|1
858|11|1349|chrome|1
860|9|1349|chrome|1
601|1163|1423|chrome|1
548|87|1349|chrome|1
864|15|1349|chrome|1
828|85|1349|chrome|1
519|428|1423|chrome|1
936|296|1423|chrome|1
1028|975|1583|chrome|1
439|82|1138|unknown|1
121|916|1138|unknown|1
892|117|1583|chrome|1
404|499|1138|unknown|3
122|550|1138|unknown|1
1173|276|1583|chrome|1
1343|185|1583|chrome|1
599|1161|1583|chrome|1
681|1160|1583|chrome|1
717|1160|1583|chrome|1
722|1159|1583|chrome|1
730|1169|1583|chrome|1
722|1164|1583|chrome|1
730|1167|1583|chrome|1
565|1169|1349|firefox|1
720|1163|1583|chrome|1
1174|738|1583|chrome|1
728|1159|1583|chrome|1
704|232|1349|firefox|1
604|291|1583|chrome|1
736|1167|1583|chrome|1
753|1158|1583|chrome|1
1201|753|1583|chrome|1
753|1157|1583|chrome|1
1191|280|1583|chrome|1
811|1016|1583|chrome|1
748|10|1138|unknown|1
675|123|1138|unknown|1
1161|1031|1583|chrome|1
758|1158|1583|chrome|1
1004|744|1583|chrome|1
806|1159|1583|chrome|1
600|425|1583|chrome|1
650|1164|1583|chrome|1
638|1161|1583|chrome|1
647|1154|1583|chrome|1
650|1154|1583|chrome|1
651|1162|1583|chrome|1
766|1162|1583|chrome|1
777|1157|1583|chrome|1
795|1162|1583|chrome|1
759|1163|1583|chrome|1
746|1163|1583|chrome|1
807|1152|1583|chrome|1
652|431|1583|chrome|1
658|1160|1583|chrome|1
651|1149|1583|chrome|1
644|1160|1583|chrome|1
645|1158|1583|chrome|1
649|1161|1583|chrome|1
638|1163|1583|chrome|1
644|1158|1583|chrome|1
647|1160|1583|chrome|1
644|1181|1583|chrome|1
634|1162|1583|chrome|1
614|1159|1583|chrome|1
360|397|1583|chrome|1
1006|540|1583|chrome|1
602|1162|1583|chrome|1
987|1022|1583|chrome|1
571|21|1349|chrome|1
688|1164|1583|chrome|1
1216|263|1583|chrome|1
978|19|1583|chrome|1
981|18|1583|chrome|1
1152|60|1583|chrome|1
1247|20|1583|chrome|1
984|212|1583|chrome|1
981|23|1583|chrome|1
948|210|1583|chrome|1
317|1167|1015|chrome|1
396|1165|1015|chrome|1
445|1164|1015|chrome|1
444|1167|1015|chrome|1
435|1158|1015|chrome|1
449|1162|1015|chrome|1
445|1163|1015|chrome|1
436|1166|1015|chrome|1
918|562|1015|chrome|3
442|1156|1015|chrome|1
1060|518|1351|chrome|1
545|505|1015|chrome|3
804|29|1015|chrome|1
511|257|1349|firefox|1
251|565|1349|chrome|1
477|1166|1349|chrome|1
562|1155|1349|chrome|1
613|1166|1349|chrome|1
614|1167|1349|chrome|1
247|15|320|chrome|1
216|30|320|chrome|1
221|29|320|chrome|1
251|399|1349|chrome|1
490|1166|1349|chrome|1
576|1154|1349|chrome|1
210|21|320|chrome|1
609|1159|1349|chrome|1
634|1174|1663|firefox|1
720|1172|1663|firefox|1
397|1148|1663|firefox|1
612|1168|1349|chrome|1
598|614|1663|firefox|1
615|1157|1349|chrome|1
604|1158|1349|chrome|1
609|1163|1349|chrome|1
556|85|1349|chrome|1
817|505|1264|firefox|1
1230|277|1663|firefox|1
1124|13|1903|firefox|1
810|1024|1903|firefox|3
769|1158|1903|firefox|1
1109|17|1903|firefox|1
1107|23|1903|firefox|1
1143|20|1903|firefox|1
0|364|1903|firefox|1
1131|27|1903|firefox|1
1191|176|1903|firefox|1
1124|15|1903|firefox|1
1137|19|1903|firefox|1
1116|88|1903|firefox|1
1116|214|1903|firefox|1
520|81|1423|chrome|1
286|1024|1423|chrome|1
522|1168|1423|chrome|1
12|173|1349|chrome|1
899|248|1349|chrome|3
1052|538|1349|chrome|3
82|1768|360|chrome|1
274|791|360|chrome|1
72|1425|360|chrome|1
166|1769|360|chrome|1
209|231|360|chrome|1
217|1257|360|chrome|1
246|530|1349|chrome|1
521|1163|1265|chrome|1
561|1165|1265|chrome|1
371|944|1265|chrome|1
201|975|1265|chrome|1
276|973|1265|chrome|1
371|332|1265|chrome|1
55|664|1265|chrome|1
55|1157|1265|chrome|1
189|549|1265|chrome|1
803|384|1264|chrome|1
209|1766|360|chrome|1
274|1458|360|chrome|1
709|289|1423|chrome|3
513|1164|1423|chrome|1
865|8|1349|chrome|1
813|25|1349|chrome|1
503|87|1423|chrome|1
828|394|1349|chrome|1
350|23|1007|firefox|1
527|1163|1423|chrome|1
1116|535|1423|chrome|2
604|1165|1423|chrome|1
76|354|320|unknown|1
286|312|320|unknown|1
214|398|320|unknown|1
114|634|320|unknown|1
164|104|320|unknown|1
210|428|320|unknown|1
216|688|320|unknown|1
200|636|320|unknown|1
187|642|320|unknown|1
175|1125|320|unknown|1
193|1295|320|unknown|1
235|1631|320|unknown|1
196|1830|320|unknown|1
213|2023|320|unknown|1
245|940|1349|chrome|1
486|1177|1349|chrome|1
564|1158|1349|chrome|1
871|799|1349|chrome|3
608|1163|1349|chrome|1
232|1251|1349|chrome|1
718|515|1349|chrome|3
491|1167|1349|chrome|1
248|1151|1349|chrome|1
972|12|1263|chrome|1
1230|329|1349|chrome|1
495|1172|1349|chrome|1
564|1161|1349|chrome|1
386|52|1349|chrome|1
245|1150|1349|chrome|1
233|1072|1349|chrome|1
250|1190|1349|chrome|1
231|1168|1349|chrome|1
254|1237|1349|chrome|1
261|1045|1349|chrome|1
227|960|1349|chrome|1
233|941|1349|chrome|1
485|1165|1349|chrome|1
580|1160|1349|chrome|1
615|1156|1349|chrome|1
602|1156|1349|chrome|1
77|438|1349|chrome|1
654|1159|1349|chrome|1
26|493|1349|chrome|1
243|1061|1349|chrome|1
721|501|1343|chrome|1
73|19|360|chrome|1
69|22|360|chrome|1
233|84|360|chrome|1
120|128|360|chrome|1
914|9|1139|chrome|1
55|26|360|chrome|1
129|99|360|chrome|1
481|1156|1349|chrome|1
575|1156|1349|chrome|1
307|417|1349|chrome|1
495|1161|1349|chrome|1
569|1168|1349|chrome|1
627|1161|1349|chrome|1
241|661|1349|chrome|1
698|1154|1349|chrome|1
680|1176|1349|chrome|1
684|1164|1349|chrome|1
634|429|1349|chrome|1
240|934|1349|chrome|1
881|994|1349|chrome|1
232|1159|1349|chrome|1
230|1099|1349|chrome|1
1059|272|1349|chrome|1
240|931|1349|chrome|1
277|955|1349|chrome|1
243|980|1349|chrome|1
241|399|1349|chrome|1
281|999|1349|chrome|1
228|1059|1349|chrome|1
233|1069|1349|chrome|1
1009|284|1349|chrome|1
254|1085|1349|chrome|1
508|295|1349|chrome|1
246|1061|1349|chrome|1
227|1083|1349|chrome|1
516|258|1349|chrome|1
722|524|1349|chrome|1
694|318|1349|chrome|1
235|918|1349|chrome|1
595|83|1349|chrome|1
529|86|1349|chrome|1
537|80|1349|chrome|1
570|26|1349|chrome|1
568|21|1349|chrome|1
934|253|1124|firefox|1
875|13|1349|chrome|1
861|81|1349|chrome|1
1575|232|1663|chrome|1
407|559|1663|chrome|1
404|396|1663|chrome|1
402|459|1663|chrome|1
407|436|1663|chrome|1
387|677|1663|chrome|1
761|82|1663|chrome|1
812|775|1583|chrome|3
608|1152|1583|chrome|1
1054|236|1349|chrome|3
677|1162|1583|chrome|1
413|491|1349|chrome|1
414|489|1349|chrome|1
344|899|1583|chrome|1
344|549|1583|chrome|1
482|267|1263|chrome|3
447|1167|1263|chrome|1
474|236|1263|chrome|1
242|544|1366|chrome|1
79|92|1349|chrome|1
203|566|1263|chrome|1
479|254|1263|chrome|3
437|1161|1263|chrome|1
514|1161|1263|chrome|1
978|7|1263|chrome|1
1088|22|1263|chrome|1
130|26|320|safari|1
183|26|320|safari|1
65|28|320|safari|1
480|1163|1349|chrome|1
218|34|320|safari|1
49|171|1349|chrome|1
143|197|1349|chrome|1
472|1161|1349|chrome|1
569|1161|1349|chrome|1
88|474|1349|chrome|1
1069|497|1349|chrome|1
245|1020|1349|chrome|1
268|1047|1349|chrome|1
0|281|1349|chrome|1
1001|20|1349|chrome|1
426|174|480|unknown|1
456|264|480|unknown|1
435|588|480|unknown|1
417|1395|480|unknown|1
76|1188|480|unknown|1
