466|451|1349|chrome|1
586|258|1349|chrome|1
351|264|1349|chrome|1
904|247|1349|chrome|1
561|258|1349|chrome|1
727|22|1349|chrome|1
537|250|1349|chrome|1
456|354|1349|chrome|1
469|322|1349|chrome|1
473|423|1349|chrome|1
300|488|1349|chrome|1
971|21|1349|chrome|1
854|19|1349|chrome|1
841|303|1349|chrome|1
885|757|1583|chrome|1
3|137|360|chrome|1
777|16|1263|chrome|1
978|20|1263|chrome|1
1088|21|1263|chrome|1
217|388|768|safari|1
208|391|768|safari|1
444|17|768|safari|1
682|465|768|safari|1
436|20|768|safari|1
350|21|768|safari|1
8|15|768|safari|1
507|19|1263|chrome|1
566|254|1349|chrome|1
308|477|1349|chrome|1
614|198|1349|chrome|1
679|243|1349|chrome|1
654|240|1349|chrome|1
491|241|1349|chrome|1
593|288|1349|chrome|1
837|281|1349|chrome|1
930|286|1349|chrome|1
635|312|1349|chrome|1
639|318|1349|chrome|1
662|321|1349|chrome|1
869|956|1349|chrome|1
871|959|1349|chrome|1
836|539|1349|chrome|1
730|601|1349|chrome|1
862|965|1349|chrome|1
935|317|1349|chrome|1
935|944|1349|chrome|1
957|21|1349|chrome|1
58|30|320|safari|1
60|26|320|safari|1
267|33|320|safari|1
258|30|320|safari|1
67|31|320|safari|1
177|35|320|safari|1
542|264|1349|chrome|1
307|479|1349|chrome|1
499|281|1349|chrome|1
575|395|1349|chrome|1
517|394|1349|chrome|1
521|395|1349|chrome|1
491|204|1349|chrome|1
511|120|1287|chrome|1
529|164|1287|chrome|1
695|159|1287|chrome|1
496|281|1287|chrome|1
496|302|1287|chrome|1
765|324|1287|chrome|1
784|322|1287|chrome|1
538|354|1287|chrome|1
825|359|1287|chrome|1
471|436|1287|chrome|1
680|433|1287|chrome|1
474|580|1287|chrome|1
490|575|1287|chrome|1
501|642|1287|chrome|1
830|998|1287|chrome|1
939|17|1287|chrome|1
248|518|1287|chrome|1
952|15|1287|chrome|1
837|12|1287|chrome|1
803|191|1287|chrome|1
827|22|1287|chrome|1
757|19|1287|chrome|1
885|84|1287|chrome|1
473|872|1287|chrome|1
520|861|1287|chrome|1
520|861|1287|chrome|1
478|751|1287|chrome|1
492|852|1287|chrome|1
834|987|1287|chrome|1
652|580|1287|chrome|1
642|643|1287|chrome|1
866|1002|1287|chrome|1
826|356|1287|chrome|1
811|980|1287|chrome|1
938|21|1287|chrome|1
302|56|1287|chrome|1
567|23|1349|chrome|1
643|83|1349|chrome|1
725|878|1349|chrome|1
885|765|1349|chrome|1
639|303|1349|chrome|1
914|449|1349|chrome|1
620|25|1349|chrome|1
590|21|1279|safari|1
168|379|320|chrome|1
205|352|320|chrome|1
193|352|320|chrome|1
183|352|320|chrome|1
69|477|320|chrome|1
138|352|320|chrome|1
201|96|320|chrome|1
175|384|320|chrome|1
180|482|320|chrome|1
193|448|320|chrome|1
189|480|320|chrome|1
141|480|320|chrome|1
197|478|320|chrome|1
265|480|320|chrome|1
169|479|320|chrome|1
168|481|320|chrome|1
272|480|320|chrome|1
215|544|320|chrome|1
73|31|320|chrome|1
82|134|320|chrome|1
155|176|320|chrome|1
172|21|320|chrome|1
215|64|320|chrome|1
123|60|320|chrome|1
286|268|320|chrome|1
206|22|320|chrome|1
124|21|320|chrome|1
122|16|320|chrome|1
70|18|320|chrome|1
192|620|320|chrome|1
182|875|320|chrome|1
290|47|1423|chrome|1
535|716|1903|chrome|1
112|278|1349|chrome|1
542|23|1349|chrome|1
974|1418|1825|chrome|1
785|261|1825|chrome|1
821|259|1825|chrome|1
497|80|1825|chrome|1
527|491|1825|chrome|1
728|240|1825|chrome|1
817|196|1825|chrome|1
818|201|1825|chrome|1
978|201|1825|chrome|1
167|726|1825|chrome|1
507|483|1825|chrome|1
728|240|1825|chrome|1
971|203|1825|chrome|1
730|238|1825|chrome|1
814|312|1825|chrome|1
1113|315|1825|chrome|1
756|394|1825|chrome|1
822|398|1825|chrome|1
1063|392|1825|chrome|1
643|915|1825|chrome|1
803|528|1825|chrome|1
832|490|1825|chrome|1
823|492|1825|chrome|1
934|595|1825|chrome|1
1146|942|1825|chrome|1
804|26|1825|chrome|1
570|257|1349|chrome|1
725|18|1349|chrome|1
580|258|1349|chrome|1
292|477|1349|chrome|1
630|275|1349|chrome|1
914|948|1349|chrome|1
758|537|1349|chrome|1
758|537|1349|chrome|1
618|624|1349|chrome|1
907|961|1349|chrome|1
939|326|1349|chrome|1
928|317|1349|chrome|1
847|322|1349|chrome|1
782|322|1349|chrome|1
889|323|1349|chrome|1
937|314|1349|chrome|1
806|311|1349|chrome|1
734|320|1349|chrome|1
935|320|1349|chrome|1
883|306|1349|chrome|1
661|314|1349|chrome|1
554|311|1349|chrome|1
853|323|1349|chrome|1
877|957|1349|chrome|1
854|22|1349|chrome|1
849|303|1349|chrome|1
115|43|320|safari|1
114|19|320|safari|1
174|14|320|safari|1
219|15|320|safari|1
256|29|320|safari|1
312|22|320|safari|1
34|32|320|safari|1
254|37|1349|chrome|1
8|18|360|chrome|1
288|29|360|chrome|1
292|20|360|chrome|1
67|14|360|chrome|1
12|32|360|chrome|1
367|15|1007|chrome|1
370|19|1007|chrome|1
650|428|1583|chrome|1
518|416|1583|chrome|1
598|423|1583|chrome|1
656|21|1583|chrome|1
645|86|1349|chrome|1
563|55|1349|chrome|1
732|19|1583|chrome|1
601|79|1349|chrome|1
685|29|1583|chrome|1
862|16|1349|chrome|1
931|44|1349|chrome|1
859|16|1349|chrome|1
571|21|1349|chrome|1
545|23|1263|chrome|1
743|553|1349|chrome|1
1052|851|1349|chrome|1
64|252|320|chrome|1
748|315|1349|chrome|1
490|46|1349|chrome|1
595|80|1349|chrome|1
724|712|1350|firefox|1
724|770|1350|firefox|1
280|545|1350|firefox|1
976|19|1350|firefox|1
372|621|1350|firefox|1
374|882|1350|firefox|1
154|34|320|chrome|1
123|24|320|chrome|1
61|27|320|chrome|1
27|27|320|chrome|1
327|27|1349|chrome|1
399|23|1349|chrome|1
742|17|1349|chrome|1
706|26|1349|chrome|1
193|387|480|chrome|1
460|1704|1349|chrome|1
171|395|480|chrome|1
198|536|480|chrome|1
693|1495|1349|chrome|1
810|1536|1349|chrome|1
735|1498|1349|chrome|1
827|1500|1349|chrome|1
673|1492|1349|chrome|1
641|1491|1349|chrome|1
908|1388|1349|chrome|1
449|1735|1349|chrome|1
426|453|1663|firefox|1
126|349|1349|chrome|1
126|389|1349|chrome|1
745|334|1349|chrome|3
129|549|1349|chrome|1
445|580|1349|chrome|1
119|785|1349|chrome|1
570|307|1349|chrome|1
308|547|1349|chrome|1
975|19|1349|chrome|1
519|15|1349|chrome|1
726|585|1663|firefox|1
649|330|1663|firefox|1
533|599|1663|firefox|1
684|378|1663|firefox|1
718|316|1663|firefox|1
708|379|1663|firefox|1
730|306|1663|firefox|1
694|1463|1663|firefox|1
332|51|1349|chrome|1
911|553|1663|firefox|1
864|558|1663|firefox|1
768|590|1663|firefox|1
769|22|1663|firefox|1
973|9|1349|chrome|1
336|52|1349|chrome|1
332|55|1349|chrome|1
136|482|1007|firefox|1
801|13|1007|firefox|1
801|13|1007|firefox|1
646|22|1007|firefox|1
636|20|1007|firefox|1
381|19|1007|firefox|1
939|2357|1440|safari|1
416|262|1007|chrome|1
352|384|1007|chrome|1
386|447|1007|chrome|1
347|486|1007|chrome|1
147|457|1007|chrome|1
119|458|1007|chrome|1
367|252|1007|chrome|1
366|458|1007|chrome|1
373|454|1007|chrome|1
278|480|1007|chrome|1
94|450|1007|chrome|1
399|260|1007|chrome|1
123|544|1007|chrome|1
740|398|1007|chrome|1
106|485|1007|chrome|1
649|399|1007|chrome|1
231|914|1007|chrome|1
696|965|1007|chrome|1
714|949|1007|chrome|1
426|617|1007|chrome|1
423|533|1007|chrome|1
721|962|1007|chrome|1
707|319|1007|chrome|1
761|318|1007|chrome|1
375|315|1007|chrome|1
666|318|1007|chrome|1
717|959|1007|chrome|1
130|506|1007|chrome|1
126|437|1007|chrome|1
230|27|1007|chrome|1
281|28|1007|chrome|1
541|25|1007|chrome|1
92|309|1007|chrome|1
131|458|1007|chrome|1
126|388|1346|chrome|1
379|559|1346|chrome|1
382|695|1346|chrome|1
411|476|1346|chrome|1
399|485|1346|chrome|1
559|259|1346|chrome|1
466|481|1346|chrome|1
407|485|1346|chrome|1
553|250|1346|chrome|1
354|21|1346|chrome|1
78|181|1346|chrome|1
892|1622|1346|chrome|1
828|25|1349|chrome|1
777|115|1349|chrome|1
90|1320|1346|chrome|1
328|23|1346|chrome|1
1253|34|1346|chrome|1
712|25|1346|chrome|1
721|17|1346|chrome|1
721|17|1346|chrome|1
723|21|1346|chrome|1
723|17|1346|chrome|1
732|19|1346|chrome|1
326|22|1346|chrome|1
900|16|1346|chrome|1
954|176|1346|chrome|1
611|18|1346|chrome|1
132|501|1007|firefox|1
802|18|1007|firefox|1
453|25|1007|firefox|1
482|1076|1349|msie|1
811|917|1349|msie|1
737|915|1349|msie|1
778|915|1349|msie|1
807|917|1349|msie|1
780|916|1349|msie|1
898|785|1349|msie|1
493|1078|1349|msie|1
742|918|1349|msie|1
1051|832|1349|msie|1
469|1080|1349|msie|1
773|923|1349|msie|1
808|924|1349|msie|1
778|919|1349|msie|1
747|923|1349|msie|1
713|922|1349|msie|1
807|923|1349|msie|1
620|23|1349|msie|1
257|20|320|chrome|1
238|369|320|chrome|1
832|90|1349|chrome|3
833|90|1349|chrome|1
870|15|1349|chrome|1
819|87|1349|chrome|3
116|353|1349|chrome|1
569|202|1349|chrome|1
308|186|768|safari|1
309|183|768|safari|1
559|215|1349|chrome|1
438|18|768|safari|1
336|531|768|safari|1
420|117|768|safari|1
585|162|768|safari|1
234|195|768|safari|1
396|308|768|safari|1
372|353|768|safari|1
324|392|768|safari|1
285|396|768|safari|1
297|429|768|safari|1
636|474|768|safari|1
552|510|768|safari|1
1213|322|1349|chrome|1
516|633|768|safari|1
540|260|1349|chrome|1
378|764|768|safari|1
286|482|1349|chrome|1
465|846|768|safari|1
132|1140|768|safari|1
129|1139|768|safari|1
537|281|768|safari|1
606|1191|768|safari|1
597|312|768|safari|1
675|9|768|safari|1
315|180|768|safari|1
306|192|768|safari|1
315|186|768|safari|1
294|21|768|safari|1
585|603|768|safari|1
300|24|768|safari|1
132|348|768|safari|1
664|322|1349|chrome|1
942|326|1349|chrome|1
699|86|1349|chrome|1
273|153|768|safari|1
312|186|768|safari|1
714|536|1349|chrome|1
644|616|1349|chrome|1
709|652|1349|chrome|1
315|249|768|safari|1
315|251|768|safari|1
305|243|768|safari|1
669|321|1349|chrome|1
330|305|768|safari|1
294|252|768|safari|1
661|425|1349|chrome|1
60|350|768|safari|1
668|17|768|safari|1
890|961|1349|chrome|1
435|15|768|safari|1
935|319|1349|chrome|1
935|319|1349|chrome|1
905|959|1349|chrome|1
905|959|1349|chrome|1
936|322|1349|chrome|1
867|952|1349|chrome|1
855|12|1349|chrome|1
435|24|768|safari|1
862|210|1349|chrome|1
264|296|768|safari|1
769|21|1349|chrome|1
770|21|1349|chrome|1
891|29|1349|chrome|1
959|137|1349|chrome|1
474|159|1264|chrome|1
668|162|1264|chrome|1
933|255|1349|chrome|1
1125|262|1349|chrome|1
662|17|768|safari|1
428|27|768|safari|1
469|401|768|safari|1
438|15|768|safari|1
656|25|768|safari|1
436|34|768|safari|1
484|646|768|safari|1
542|122|768|safari|1
479|164|768|safari|1
241|195|768|safari|1
411|279|768|safari|1
440|318|768|safari|1
505|390|768|safari|1
496|443|768|safari|1
632|472|768|safari|1
166|28|320|chrome|3
164|30|320|chrome|1
622|512|768|safari|1
64|19|320|chrome|1
16|21|320|chrome|1
499|595|768|safari|1
425|794|768|safari|1
486|636|768|safari|1
430|773|768|safari|1
321|831|768|safari|1
134|1144|768|safari|1
563|242|768|safari|1
588|1193|768|safari|1
662|17|768|safari|1
430|21|768|safari|1
430|523|768|safari|1
707|241|1264|chrome|1
576|308|1264|chrome|1
801|306|1264|chrome|1
573|341|1264|chrome|1
765|348|1264|chrome|1
622|386|1264|chrome|1
809|379|1264|chrome|1
586|668|1264|chrome|1
560|640|1264|chrome|1
540|638|1264|chrome|1
454|635|1264|chrome|1
537|637|1264|chrome|1
362|964|1264|chrome|1
359|995|1264|chrome|1
851|1039|1264|chrome|1
484|621|1264|chrome|1
508|656|1264|chrome|1
832|1038|1264|chrome|1
817|407|1264|chrome|1
896|404|1264|chrome|1
891|408|1264|chrome|1
891|407|1264|chrome|1
790|404|1264|chrome|1
754|405|1264|chrome|1
802|405|1264|chrome|1
881|453|1264|chrome|1
921|455|1264|chrome|1
816|367|1264|chrome|1
822|402|1264|chrome|1
899|402|1264|chrome|1
622|401|1264|chrome|1
888|406|1264|chrome|1
846|1046|1264|chrome|1
357|947|1264|chrome|1
558|377|1264|chrome|1
826|382|1264|chrome|1
537|589|1264|chrome|1
504|662|1264|chrome|1
813|1022|1264|chrome|1
926|16|1264|chrome|1
198|1355|1264|chrome|1
776|15|1264|chrome|1
802|387|1264|chrome|1
207|42|1264|chrome|3
823|18|1264|chrome|1
735|285|1264|chrome|1
480|327|1349|chrome|1
861|17|1349|chrome|1
840|373|1349|chrome|1
956|16|1349|chrome|1
1048|23|1349|chrome|1
101|494|1007|firefox|1
800|21|1007|firefox|1
396|23|1007|firefox|1
86|498|1007|firefox|1
347|308|1007|firefox|1
323|309|1007|firefox|1
803|15|1007|firefox|1
454|22|1007|firefox|1
198|621|320|safari|1
199|697|320|safari|1
