855|545|1007|chrome|2
482|1195|1349|chrome|1
573|1193|1349|chrome|1
700|865|1349|chrome|1
1201|18|1903|chrome|1
400|327|1349|chrome|1
322|533|1349|chrome|1
77|401|1007|chrome|1
485|1200|1349|chrome|1
569|1191|1349|chrome|1
197|21|1007|chrome|1
609|1196|1349|chrome|1
700|54|1007|chrome|1
655|1193|1349|chrome|1
327|51|1349|chrome|1
78|717|1007|chrome|1
365|301|1007|chrome|1
51|1032|1007|chrome|1
238|965|1349|chrome|1
469|577|1829|chrome|1
470|958|1829|chrome|1
186|1169|1240|safari|1
317|1200|1007|chrome|1
848|520|1007|chrome|3
295|764|1007|chrome|3
398|1195|1007|chrome|1
438|1192|1007|chrome|1
478|1186|1007|chrome|1
507|1195|1007|chrome|1
907|1068|1007|chrome|3
561|1200|1007|chrome|1
603|1205|1007|chrome|1
606|81|1584|chrome|1
484|1189|1343|chrome|1
222|556|1343|chrome|1
570|567|1135|firefox|3
548|82|1349|chrome|1
410|502|1349|chrome|1
410|502|1349|chrome|1
702|312|1349|chrome|3
485|1198|1349|chrome|1
568|1199|1349|chrome|1
605|1200|1349|chrome|1
239|1008|1349|chrome|1
529|1193|1423|chrome|1
10|305|1349|chrome|1
560|294|1349|chrome|3
926|789|1423|chrome|3
610|1191|1423|chrome|1
642|84|1349|chrome|1
561|757|1423|chrome|3
652|1203|1423|chrome|1
748|287|1423|chrome|3
681|1193|1423|chrome|1
1123|798|1423|chrome|3
726|1197|1423|chrome|1
768|1186|1423|chrome|1
774|294|1423|chrome|3
569|273|1423|chrome|3
804|1190|1423|chrome|1
942|271|1423|chrome|1
579|352|1349|chrome|3
1059|513|1423|chrome|1
532|1201|1423|chrome|1
605|1187|1423|chrome|1
542|497|1423|chrome|1
644|1194|1423|chrome|1
1101|1025|1423|chrome|1
686|1197|1423|chrome|1
681|1187|1423|chrome|1
722|1186|1423|chrome|1
756|1198|1423|chrome|1
807|1196|1423|chrome|1
298|56|1423|chrome|1
593|722|1899|chrome|1
764|1201|1899|chrome|1
450|1206|1265|firefox|1
849|1196|1899|chrome|1
879|1205|1899|chrome|1
500|500|1265|firefox|1
936|1190|1899|chrome|1
957|1202|1899|chrome|1
1270|22|1899|chrome|1
592|286|1423|chrome|3
780|505|1423|chrome|3
669|1031|1265|firefox|1
1146|548|1423|chrome|3
756|750|1423|chrome|3
519|1192|1265|firefox|1
608|1193|1423|chrome|1
762|947|1899|chrome|1
1111|342|1423|chrome|3
738|754|1423|chrome|3
564|1202|1265|firefox|1
588|723|1899|chrome|1
1104|769|1423|chrome|3
692|684|1899|chrome|1
571|991|1423|chrome|3
1094|986|1423|chrome|3
685|1191|1423|chrome|1
948|554|1899|chrome|1
607|1197|1265|firefox|1
1049|331|1265|firefox|1
1014|590|1265|firefox|1
191|984|1263|chrome|1
640|1200|1265|firefox|1
1013|790|1265|firefox|3
680|1203|1265|firefox|1
1031|811|1265|firefox|1
725|1198|1265|firefox|1
927|23|1265|firefox|1
527|644|1903|chrome|1
759|1193|1903|chrome|1
841|1196|1903|chrome|1
969|541|1903|chrome|3
941|1197|1903|chrome|1
962|1198|1903|chrome|1
997|1192|1903|chrome|1
1058|1195|1903|chrome|1
769|1190|1903|chrome|1
978|263|1903|chrome|3
837|1198|1903|chrome|1
886|1195|1903|chrome|1
905|1203|1903|chrome|1
118|1813|320|safari|1
36|1431|320|safari|1
1615|204|1899|chrome|1
755|1196|1899|chrome|1
304|1203|1007|chrome|1
82|1799|360|chrome|1
119|1802|360|chrome|1
121|1799|360|chrome|1
123|1801|360|chrome|1
121|1799|360|chrome|1
121|1799|360|chrome|1
122|1804|360|chrome|1
643|284|1583|chrome|3
711|286|1583|chrome|1
501|567|980|chrome|3
48|1003|980|chrome|1
582|1201|1550|chrome|1
327|808|1550|chrome|1
834|798|1550|chrome|3
582|86|1550|chrome|1
186|980|1264|chrome|1
174|1033|1264|chrome|1
911|270|1423|chrome|2
736|1202|1423|chrome|1
595|722|1423|chrome|2
767|1198|1423|chrome|1
954|1025|1423|chrome|2
805|1201|1423|chrome|1
510|323|1349|chrome|1
712|817|1349|chrome|1
506|833|1349|chrome|1
489|847|1349|chrome|3
495|1195|1349|chrome|1
524|1073|1349|chrome|1
457|1455|1349|chrome|1
645|1238|1349|chrome|1
829|1290|1349|chrome|1
830|1290|1349|chrome|1
612|1257|1349|chrome|1
563|1202|1349|chrome|1
685|812|1349|chrome|3
611|1201|1349|chrome|1
837|1282|1349|chrome|1
663|1241|1349|chrome|1
816|1281|1349|chrome|1
690|350|1349|chrome|3
905|1112|1349|chrome|1
471|1449|1349|chrome|1
575|1249|1349|chrome|1
578|1249|1349|chrome|1
858|1284|1349|chrome|1
644|1196|1349|chrome|1
695|1199|1349|chrome|1
482|605|1349|chrome|3
500|596|1349|chrome|3
519|1018|1349|chrome|3
723|1197|1349|chrome|1
767|1197|1349|chrome|1
477|1192|1343|chrome|1
566|1187|1343|chrome|1
606|1188|1343|chrome|1
645|1190|1343|chrome|1
687|1191|1343|chrome|1
727|1194|1343|chrome|1
767|1181|1343|chrome|1
490|1195|1349|chrome|1
487|88|1349|chrome|1
489|1197|1349|chrome|1
571|1192|1349|chrome|1
1015|1046|1349|chrome|3
611|1195|1349|chrome|1
511|783|1349|chrome|3
648|1195|1349|chrome|1
1050|282|1349|chrome|3
852|767|1349|chrome|1
319|1188|1007|chrome|1
330|833|1007|chrome|1
394|1198|1007|chrome|1
432|1192|1007|chrome|1
764|1184|1903|chrome|1
849|1198|1903|chrome|1
196|1048|1263|chrome|1
885|1204|1903|chrome|1
1299|259|1903|chrome|3
781|515|1903|chrome|3
1306|494|1903|chrome|3
793|761|1903|chrome|3
919|1195|1903|chrome|1
954|504|1903|chrome|3
780|744|1903|chrome|3
960|1197|1903|chrome|1
955|233|1903|chrome|3
619|314|1583|chrome|1
145|61|1583|chrome|1
603|1199|1583|chrome|1
776|501|1903|chrome|3
830|797|1583|chrome|1
488|1189|1349|chrome|1
572|1190|1349|chrome|1
997|1198|1903|chrome|1
760|81|1583|chrome|1
1049|1063|1349|chrome|1
815|241|1903|chrome|3
959|1060|1903|chrome|3
1043|1192|1903|chrome|1
817|82|1903|chrome|1
515|989|1903|chrome|1
59|1786|320|safari|1
89|133|320|safari|1
608|1195|1349|chrome|1
666|783|1349|chrome|1
184|2033|320|safari|1
108|215|320|safari|1
63|1813|320|safari|1
313|15|320|safari|1
610|1193|1583|chrome|1
313|19|320|safari|1
311|204|320|safari|1
682|1194|1583|chrome|1
253|40|320|safari|1
250|21|320|safari|1
730|1194|1583|chrome|1
762|1195|1583|chrome|1
802|1199|1583|chrome|1
643|1195|1583|chrome|1
615|1193|1583|chrome|1
648|1207|1583|chrome|1
722|1199|1583|chrome|1
729|1192|1583|chrome|1
769|1186|1583|chrome|1
1073|15|1583|chrome|1
315|19|320|safari|1
258|20|320|safari|1
976|24|1583|chrome|1
944|214|1583|chrome|1
690|602|1349|chrome|3
495|1197|1349|chrome|1
857|1080|1349|chrome|3
567|1198|1349|chrome|1
605|1196|1349|chrome|1
650|1191|1349|chrome|1
683|1200|1349|chrome|1
738|1195|1349|chrome|1
777|1204|1349|chrome|1
758|82|1583|chrome|1
660|82|1583|chrome|1
763|82|1583|chrome|1
1161|537|1583|chrome|1
1192|764|1583|chrome|1
598|1200|1583|chrome|1
886|532|1349|firefox|3
566|1207|1349|firefox|1
674|1195|1583|chrome|1
729|1196|1583|chrome|1
660|292|1583|chrome|1
608|1198|1349|firefox|1
532|820|1349|firefox|3
724|1206|1349|firefox|1
691|1197|1583|chrome|1
1170|772|1583|chrome|1
768|1184|1583|chrome|1
767|1213|1349|firefox|1
620|1190|1583|chrome|1
601|1196|1583|chrome|1
685|1185|1583|chrome|1
791|1008|1583|chrome|1
722|1193|1583|chrome|1
988|762|1583|chrome|1
1087|24|1583|chrome|1
377|518|1007|firefox|3
816|317|1583|chrome|1
815|561|1583|chrome|1
688|1042|1007|firefox|3
318|1209|1007|firefox|1
683|1196|1583|chrome|1
113|424|1007|firefox|1
645|1204|1583|chrome|1
622|809|1583|chrome|1
679|1201|1583|chrome|1
1002|535|1902|chrome|1
758|1187|1902|chrome|1
514|333|1902|chrome|1
764|1193|1902|chrome|1
839|1192|1902|chrome|1
757|1197|1902|chrome|1
972|555|1902|chrome|1
376|1198|1135|chrome|1
951|587|1902|chrome|1
448|1197|1265|firefox|1
522|1200|1265|firefox|1
856|1023|1265|firefox|1
602|85|1265|firefox|1
306|21|768|safari|1
304|153|768|safari|1
310|156|768|safari|1
285|394|768|safari|1
282|157|768|safari|1
480|1192|1343|chrome|1
237|1021|1343|chrome|1
673|333|1263|chrome|3
482|320|1263|chrome|3
436|1201|1263|chrome|1
473|288|1263|chrome|3
539|1200|1263|chrome|1
569|1193|1263|chrome|1
81|1089|768|safari|1
607|1196|1263|chrome|1
848|334|1263|chrome|3
640|1194|1263|chrome|1
680|1199|1263|chrome|1
735|1201|1263|chrome|1
937|27|1263|chrome|1
479|1201|1343|chrome|1
569|1199|1343|chrome|1
282|1088|768|safari|1
338|561|768|safari|1
323|1089|768|safari|1
120|27|320|safari|1
174|26|320|safari|1
218|23|320|safari|1
481|1201|1349|chrome|1
574|1196|1349|chrome|1
613|1199|1349|chrome|1
429|18|768|safari|1
429|24|768|safari|1
435|18|768|safari|1
647|1200|1349|chrome|1
393|453|768|safari|1
1040|540|1349|chrome|1
460|81|1349|chrome|1
245|963|1343|chrome|1
602|1192|1343|chrome|1
221|724|1349|chrome|1
510|311|1263|chrome|1
986|540|1263|chrome|1
446|1201|1263|chrome|1
522|1193|1263|chrome|1
650|535|1263|chrome|1
822|540|1263|chrome|1
561|1198|1263|chrome|1
599|1190|1263|chrome|1
834|545|1263|chrome|1
655|1194|1263|chrome|1
670|318|1263|chrome|1
411|503|1349|firefox|1
411|503|1349|firefox|1
683|1198|1263|chrome|1
1027|528|1263|chrome|1
721|1188|1263|chrome|1
562|86|1263|chrome|1
309|1204|1007|firefox|1
486|1192|1343|chrome|1
452|1193|1263|chrome|1
522|1202|1263|chrome|1
553|1195|1263|chrome|1
602|1197|1263|chrome|1
1248|334|1349|chrome|1
642|1194|1263|chrome|1
695|1200|1263|chrome|1
277|1068|1349|chrome|3
729|1199|1263|chrome|1
231|1178|1349|chrome|1
930|26|1263|chrome|1
1070|507|1349|chrome|2
241|406|1349|chrome|1
1225|446|1349|chrome|1
473|1193|1349|chrome|1
323|426|1349|chrome|1
509|1188|1349|chrome|1
340|326|1349|chrome|1
1006|26|1349|chrome|1
277|403|1349|chrome|1
1081|543|1349|chrome|2
1220|428|1349|chrome|1
556|820|1349|chrome|2
477|829|1349|chrome|2
1031|1088|1349|chrome|2
896|1035|1349|chrome|2
485|1198|1349|chrome|1
691|602|1349|chrome|2
482|1200|1349|chrome|1
1019|247|1349|chrome|2
520|328|1349|chrome|2
86|1769|360|safari|1
163|1789|360|safari|1
206|1790|360|safari|1
248|1788|360|safari|1
275|1788|360|safari|1
47|1803|360|safari|1
82|1798|360|safari|1
620|310|1583|chrome|3
599|1185|1583|chrome|1
689|1197|1583|chrome|1
722|1202|1583|chrome|1
771|1195|1583|chrome|1
1165|1031|1583|chrome|3
814|1195|1583|chrome|1
976|526|1583|chrome|3
840|1197|1583|chrome|1
527|79|1349|chrome|1
324|445|1349|chrome|1
520|1027|1349|chrome|2
858|363|1349|chrome|2
303|468|1349|chrome|1
320|425|1349|chrome|1
1240|745|1349|chrome|1
496|1193|1349|chrome|1
314|446|1349|chrome|1
857|28|1349|chrome|1
912|88|1349|chrome|1
482|1245|1349|chrome|1
956|27|1349|chrome|1
457|1193|1280|chrome|1
533|1193|1280|chrome|1
849|838|1280|chrome|1
285|333|1264|chrome|1
611|297|1264|chrome|2
777|350|1264|chrome|2
479|351|1264|chrome|2
487|77|1264|chrome|1
439|1187|1264|chrome|1
528|1189|1264|chrome|1
566|1191|1264|chrome|1
605|1194|1264|chrome|1
648|1191|1264|chrome|1
678|1187|1264|chrome|1
435|1184|1264|chrome|1
483|265|1264|chrome|2
245|724|1264|chrome|1
451|1193|1264|chrome|1
530|1191|1264|chrome|1
481|828|1264|chrome|2
566|1197|1264|chrome|1
987|319|1264|chrome|2
601|1198|1264|chrome|1
636|1198|1264|chrome|1
681|1193|1264|chrome|1
486|1193|1349|chrome|1
570|1199|1349|chrome|1
625|1203|1349|chrome|1
614|1203|1349|chrome|1
642|1197|1349|chrome|1
686|1189|1349|chrome|1
728|1205|1349|chrome|1
1093|504|1349|firefox|2
730|506|1349|firefox|2
229|966|1349|firefox|1
511|782|1349|chrome|1
492|1198|1349|chrome|1
561|1195|1349|chrome|1
617|1197|1349|chrome|1
652|1196|1349|chrome|1
694|1195|1349|chrome|1
731|1187|1349|chrome|1
543|82|1351|chrome|1
986|21|1349|chrome|1
1034|67|1349|chrome|1
1137|28|1349|chrome|1
1179|356|1351|chrome|1
256|404|1351|chrome|3
278|424|1351|chrome|1
144|358|1351|chrome|1
43|351|1351|chrome|1
96|344|1351|chrome|1
876|495|1351|chrome|3
482|1192|1351|chrome|1
38|335|1351|chrome|1
109|317|1351|chrome|1
517|556|1351|chrome|3
1169|575|1351|chrome|1
877|520|1351|chrome|1
493|1191|1349|chrome|1
477|1196|1349|chrome|1
504|970|1349|chrome|1
509|271|1349|chrome|1
281|959|1423|firefox|1
498|1184|1349|chrome|1
1048|795|1349|chrome|1
896|1046|1349|chrome|1
436|580|1263|msie|1
183|993|1263|msie|1
492|1189|1349|chrome|1
574|1194|1349|chrome|1
403|83|1349|chrome|2
878|1101|1349|chrome|2
498|1193|1349|chrome|1
1044|367|1349|chrome|2
573|1200|1349|chrome|1
1064|343|1349|chrome|2
527|844|1349|chrome|2
82|1782|360|chrome|1
153|1784|360|chrome|1
194|1789|360|chrome|1
232|1780|360|chrome|1
269|1784|360|chrome|1
43|1800|360|chrome|1
689|534|1349|chrome|3
490|1202|1349|chrome|1
242|979|1349|chrome|1
697|539|1349|chrome|3
488|1187|1349|chrome|1
492|1191|1349|chrome|1
573|1194|1349|chrome|1
645|79|1349|chrome|1
620|1199|1349|chrome|1
1283|362|1349|chrome|1
1274|484|1349|chrome|1
657|1196|1349|chrome|1
1088|760|1349|chrome|3
680|1193|1349|chrome|1
736|1196|1349|chrome|1
1043|563|1263|chrome|2
446|1196|1263|chrome|1
528|1193|1263|chrome|1
577|1193|1263|chrome|1
759|1200|1903|chrome|1
836|1193|1903|chrome|1
881|1190|1903|chrome|1
978|560|1903|chrome|3
917|1183|1903|chrome|1
967|1197|1903|chrome|1
1139|987|1903|chrome|3
993|1196|1903|chrome|1
1138|734|1903|chrome|3
1031|551|1349|chrome|3
726|466|1349|chrome|3
497|1184|1349|chrome|1
564|1189|1349|chrome|1
618|1201|1349|chrome|1
654|1187|1349|chrome|1
683|1199|1349|chrome|1
722|1196|1349|chrome|1
702|815|1349|chrome|3
486|1189|1349|chrome|1
566|1190|1349|chrome|1
620|219|1583|chrome|3
616|1197|1349|chrome|1
1041|482|1349|chrome|1
609|1197|1583|chrome|1
626|251|1583|chrome|3
687|1193|1583|chrome|1
697|744|1349|chrome|1
731|1195|1583|chrome|1
731|1195|1349|chrome|1
546|1009|1349|chrome|1
772|1196|1583|chrome|1
769|1194|1349|chrome|1
869|738|1349|chrome|3
640|1202|1349|chrome|1
808|1190|1583|chrome|1
847|1194|1583|chrome|1
696|1188|1349|chrome|1
358|984|1583|chrome|1
879|779|1349|chrome|1
727|1074|1349|chrome|3
728|1187|1349|chrome|3
728|1187|1349|chrome|1
767|1193|1349|chrome|1
874|785|1349|chrome|1
766|1192|1349|chrome|1
510|295|1349|chrome|1
1066|296|1349|chrome|1
862|245|1349|chrome|3
511|998|1349|chrome|3
710|767|1349|chrome|1
772|1197|1349|chrome|1
881|287|1349|chrome|1
712|798|1349|chrome|1
848|82|1349|chrome|1
657|1018|1349|chrome|1
771|1196|1349|chrome|1
1063|323|1349|chrome|1
861|538|1349|chrome|1
892|789|1349|chrome|1
225|556|1343|chrome|1
960|18|1343|chrome|1
951|66|1343|chrome|1
476|218|1349|chrome|1
1071|787|1349|chrome|1
641|81|1349|chrome|1
491|1200|1349|chrome|1
577|1200|1349|chrome|1
42|441|1343|chrome|1
229|963|1343|chrome|1
311|716|1349|chrome|1
264|401|1349|chrome|1
1025|764|1349|chrome|3
312|963|1519|chrome|1
80|1084|768|safari|1
164|1092|768|safari|1
202|1073|768|safari|1
247|1086|768|safari|1
278|1084|768|safari|1
326|1080|768|safari|1
62|23|768|safari|1
114|86|768|safari|1
132|410|768|safari|1
606|590|1519|chrome|3
201|690|1519|chrome|1
374|1061|1519|chrome|1
