46|779|320|safari|1
316|434|320|safari|1
1109|557|1349|chrome|1
1083|637|1349|chrome|1
232|659|1349|chrome|1
370|348|1349|chrome|1
363|350|1349|chrome|1
1046|1175|1349|chrome|1
1054|512|1263|chrome|1
191|588|1263|chrome|1
1050|1291|1263|chrome|1
18|16|768|safari|1
1003|507|1263|chrome|1
270|595|1263|chrome|1
1010|1292|1263|chrome|1
356|588|360|chrome|1
274|515|360|chrome|1
1077|518|1349|chrome|1
226|653|1349|chrome|1
865|16|1349|chrome|1
1212|451|1349|chrome|1
233|588|1349|chrome|1
644|78|1349|chrome|1
991|183|1287|chrome|1
988|201|1287|chrome|1
1354|504|1920|chrome|1
930|196|1905|chrome|1
833|381|1905|chrome|1
940|420|1905|chrome|1
1145|562|1905|chrome|1
1133|570|1905|chrome|1
905|382|1905|chrome|1
886|427|1905|chrome|1
865|498|1905|chrome|1
888|534|1905|chrome|1
1079|460|1905|chrome|1
866|502|1905|chrome|1
1099|574|1905|chrome|1
982|365|1905|chrome|1
361|300|1905|chrome|1
669|336|1905|chrome|1
0|327|1349|chrome|1
845|497|1349|chrome|1
997|764|1349|chrome|1
391|344|1349|chrome|1
1111|562|1349|chrome|1
1107|563|1349|chrome|1
1110|563|1349|chrome|1
844|561|1349|chrome|1
874|521|1349|chrome|1
1109|559|1349|chrome|1
1109|559|1349|chrome|1
1109|559|1349|chrome|1
1109|559|1349|chrome|1
1109|559|1349|chrome|1
1109|560|1349|chrome|1
1109|560|1349|chrome|1
1109|560|1349|chrome|1
1109|560|1349|chrome|1
1109|560|1349|chrome|1
1109|560|1349|chrome|1
850|10|1349|chrome|1
912|88|1349|chrome|1
914|93|1349|chrome|1
914|93|1349|chrome|1
914|93|1349|chrome|1
914|93|1349|chrome|1
914|93|1349|chrome|1
914|92|1349|chrome|1
914|90|1349|chrome|1
914|89|1349|chrome|1
914|89|1349|chrome|1
914|89|1349|chrome|1
914|89|1349|chrome|1
914|87|1349|chrome|1
1110|610|1349|chrome|1
1110|610|1349|chrome|1
1110|610|1349|chrome|1
1110|610|1349|chrome|1
1110|610|1349|chrome|1
879|13|1349|chrome|1
913|272|1349|chrome|1
913|272|1349|chrome|1
913|272|1349|chrome|1
913|272|1349|chrome|1
913|272|1349|chrome|1
913|272|1349|chrome|1
913|272|1349|chrome|1
913|272|1349|chrome|1
913|272|1349|chrome|1
917|259|1349|chrome|1
917|259|1349|chrome|1
918|264|1349|chrome|1
918|264|1349|chrome|1
918|263|1349|chrome|1
918|262|1349|chrome|1
1308|342|1349|chrome|1
1006|685|1349|chrome|1
433|410|1349|chrome|1
433|410|1349|chrome|1
439|728|1349|chrome|1
232|589|1349|chrome|1
232|589|1349|chrome|1
232|589|1349|chrome|1
600|639|1349|chrome|1
1019|595|1349|chrome|1
1099|1168|1349|chrome|1
895|19|1349|chrome|1
960|154|1349|chrome|1
740|26|1349|chrome|1
734|15|1349|chrome|1
744|19|1349|chrome|1
306|446|320|chrome|1
207|377|320|chrome|1
152|398|320|chrome|1
25|729|320|chrome|1
42|1178|320|chrome|1
214|1205|320|chrome|1
264|1242|320|chrome|1
196|1283|320|chrome|1
286|1278|320|chrome|1
216|1315|320|chrome|1
260|1659|320|chrome|1
1303|268|1903|chrome|1
1314|620|1920|chrome|1
505|652|1903|chrome|1
584|425|1905|safari|1
1291|433|1905|safari|1
1320|417|1905|safari|1
1315|742|1905|safari|1
505|719|1905|safari|1
1905|674|1905|safari|1
1051|639|1349|chrome|1
327|374|1349|chrome|1
391|359|1349|chrome|1
706|23|1349|chrome|1
1052|638|1349|chrome|1
235|602|1349|chrome|1
232|1051|1349|chrome|1
419|1089|1349|chrome|1
420|1126|1349|chrome|1
433|1149|1349|chrome|1
580|1150|1349|chrome|1
418|1196|1349|chrome|1
525|1222|1349|chrome|1
1111|1517|1349|chrome|1
1208|185|1680|safari|1
385|591|1665|safari|1
1016|12|1665|safari|1
981|326|1665|safari|1
432|420|1680|safari|1
1177|763|1665|safari|1
392|589|1665|safari|1
1390|769|1665|safari|1
391|1034|1665|safari|1
1071|1202|1665|safari|1
914|1638|1665|safari|1
1186|437|1680|safari|1
1277|437|1680|safari|1
1017|20|1665|safari|1
1074|175|1665|safari|1
418|47|1680|safari|1
1149|27|1680|safari|1
1302|24|1680|safari|1
1231|760|1665|safari|1
391|593|1665|safari|1
385|1034|1665|safari|1
672|1071|1665|safari|1
1129|509|1583|chrome|1
351|616|1583|chrome|1
342|1048|1583|chrome|1
350|986|1583|chrome|1
218|996|1583|chrome|1
1168|1324|1583|chrome|1
1510|904|1665|safari|1
1016|11|1665|safari|1
1415|288|1665|safari|1
792|1065|1665|safari|1
669|1139|1665|safari|1
762|1151|1665|safari|1
616|1166|1665|safari|1
620|1222|1665|safari|1
1184|1524|1665|safari|1
1025|496|1349|chrome|1
407|343|1349|chrome|1
122|296|1349|chrome|1
621|423|1583|chrome|1
1132|629|1583|chrome|1
336|909|1583|chrome|1
626|958|1583|chrome|1
721|989|1583|chrome|1
616|1011|1583|chrome|1
728|1014|1583|chrome|1
745|1017|1583|chrome|1
586|1063|1583|chrome|1
801|1079|1583|chrome|1
1175|1392|1583|chrome|1
1115|314|1349|chrome|1
470|79|1349|chrome|1
692|27|1007|chrome|1
759|50|1007|chrome|1
691|25|1007|chrome|1
738|83|1007|chrome|1
1076|627|1349|firefox|1
1090|625|1349|firefox|1
695|226|1349|firefox|1
506|229|1349|firefox|1
511|251|1349|firefox|1
641|259|1349|firefox|1
796|307|1349|firefox|1
625|335|1349|firefox|1
550|332|1349|firefox|1
823|410|1349|firefox|1
727|344|1349|firefox|1
669|353|1349|firefox|1
341|370|1349|firefox|1
723|358|1349|firefox|1
386|362|1349|firefox|1
695|350|1349|firefox|1
230|622|1349|firefox|1
1046|50|1579|chrome|1
549|336|1579|chrome|1
1159|175|1579|chrome|1
345|597|1579|chrome|1
348|971|1579|chrome|1
702|1000|1579|chrome|1
1022|758|1349|chrome|1
235|592|1349|chrome|1
362|19|1349|chrome|1
354|158|1349|chrome|1
1112|556|1349|chrome|1
1110|482|1349|chrome|1
1111|363|1349|chrome|1
996|751|1663|firefox|1
1186|620|1583|chrome|1
349|656|1583|chrome|1
1249|862|1663|firefox|1
1245|1149|1583|chrome|1
1236|1155|1583|chrome|1
1225|1175|1583|chrome|1
388|594|1663|firefox|1
972|21|1583|chrome|1
1323|198|1903|chrome|1
600|261|1903|chrome|1
641|303|1903|chrome|1
570|569|1903|chrome|1
1343|607|1903|chrome|1
1388|668|1903|chrome|1
1356|669|1903|chrome|1
1007|221|1903|chrome|1
901|357|1903|chrome|1
840|362|1903|chrome|1
494|1036|1663|firefox|1
1141|541|1903|chrome|1
658|1077|1663|firefox|1
1098|420|1903|chrome|1
978|350|1903|chrome|1
1097|530|1903|chrome|1
679|1132|1663|firefox|1
650|1325|1663|firefox|1
807|1230|1663|firefox|1
625|1176|1663|firefox|1
600|49|1903|chrome|1
823|1214|1663|firefox|1
805|1265|1663|firefox|1
1204|1509|1663|firefox|1
154|1181|1148|chrome|3
49|1160|1148|chrome|1
737|1056|1148|chrome|1
737|1056|1148|chrome|1
1012|1053|1148|chrome|1
1013|974|1148|chrome|1
1009|731|1148|chrome|1
1011|613|1148|chrome|1
1006|360|1148|chrome|1
1011|366|1148|chrome|1
1073|742|1349|firefox|1
756|357|1349|firefox|1
983|10|1349|firefox|1
966|81|1349|firefox|1
1132|6|1349|firefox|1
1011|684|1148|chrome|1
1012|608|1148|chrome|1
1005|505|1346|chrome|1
1009|609|1148|chrome|1
1013|360|1148|chrome|1
953|546|1148|chrome|1
227|710|1346|chrome|1
160|644|1148|chrome|1
226|1093|1346|chrome|1
432|1143|1346|chrome|1
225|56|1148|chrome|1
663|1277|1346|chrome|1
423|1137|1346|chrome|1
1261|453|1349|firefox|1
1200|452|1349|chrome|1
1097|638|1349|chrome|1
430|363|1349|chrome|1
674|222|1349|chrome|1
772|381|1349|chrome|1
633|423|1349|chrome|1
812|449|1349|chrome|1
600|483|1349|chrome|1
813|556|1349|chrome|1
250|630|1349|chrome|1
607|1197|1346|chrome|1
461|1240|1346|chrome|1
434|1248|1346|chrome|1
667|1271|1346|chrome|1
667|1271|1346|chrome|1
566|1427|1346|chrome|1
1014|1572|1346|chrome|1
974|434|1583|chrome|1
1072|1395|1349|chrome|1
984|12|1583|chrome|1
1110|314|1349|chrome|1
415|83|1349|chrome|1
1050|1379|1349|chrome|1
1032|172|1583|chrome|1
1158|246|1583|chrome|1
1090|634|1349|chrome|1
393|361|1349|chrome|1
335|50|1349|chrome|3
0|218|1349|chrome|1
260|850|1349|chrome|1
227|1033|1349|chrome|1
228|592|1349|chrome|1
1216|449|1349|chrome|1
383|352|1349|chrome|1
226|595|1349|chrome|1
1211|865|1349|chrome|1
469|1076|1349|chrome|1
464|1115|1349|chrome|1
439|1146|1349|chrome|1
510|1142|1349|chrome|1
678|1140|1349|chrome|1
804|1186|1349|chrome|1
466|1184|1349|chrome|1
874|1204|1349|chrome|1
659|1213|1349|chrome|1
941|1230|1349|chrome|1
897|621|1007|chrome|1
1045|1145|1349|chrome|1
1075|1524|1349|chrome|1
248|128|1007|chrome|1
856|490|1007|chrome|1
688|19|1007|chrome|1
688|19|1007|chrome|1
56|593|1007|chrome|1
151|1033|1007|chrome|1
59|972|1007|chrome|1
887|1273|1007|chrome|1
1357|636|1903|chrome|1
1387|436|1903|chrome|1
1162|559|1920|chrome|1
1381|436|1903|chrome|1
1115|312|1903|chrome|1
1113|306|1903|chrome|1
1110|446|1903|chrome|1
1385|437|1903|chrome|1
1167|554|1920|chrome|1
1339|634|1903|chrome|1
638|18|1903|chrome|1
415|208|1903|chrome|1
813|22|1903|chrome|1
1337|746|1903|chrome|1
503|591|1903|chrome|1
503|1032|1903|chrome|1
912|1069|1903|chrome|1
864|1104|1903|chrome|1
792|1137|1903|chrome|1
943|1129|1903|chrome|1
949|1141|1903|chrome|1
721|1174|1903|chrome|1
943|1214|1903|chrome|1
1351|1508|1903|chrome|1
121|431|320|unknown|1
17|782|320|unknown|1
1002|510|1349|chrome|1
382|130|1349|chrome|1
867|24|1349|chrome|1
910|93|1349|chrome|1
284|64|1423|chrome|1
295|46|1423|chrome|1
1148|312|1423|chrome|1
686|386|1423|chrome|2
1056|507|1280|chrome|1
314|445|320|chrome|1
62|729|320|chrome|1
70|1174|320|chrome|1
209|1201|320|chrome|1
243|1244|320|chrome|1
203|1283|320|chrome|1
293|1278|320|chrome|1
227|1319|320|chrome|1
258|1659|320|chrome|1
1124|647|1423|chrome|1
266|593|1423|chrome|1
865|19|1423|chrome|1
868|1294|1423|chrome|1
879|628|1423|chrome|1
1148|310|1423|chrome|1
1123|679|1423|chrome|1
265|644|1423|chrome|1
1146|312|1423|chrome|1
449|570|1349|msie|1
1109|307|1349|msie|1
452|576|1349|msie|1
1110|365|1349|msie|1
1049|760|1349|chrome|1
335|57|1349|chrome|1
1123|766|1349|chrome|1
1110|769|1349|chrome|1
234|661|1349|chrome|1
1023|1305|1349|chrome|1
246|452|320|chrome|1
187|452|320|chrome|1
192|524|320|chrome|1
117|531|320|chrome|1
108|326|320|chrome|1
79|265|320|chrome|1
187|589|1259|chrome|1
928|521|1138|unknown|1
1034|92|1583|chrome|1
1149|515|1583|chrome|1
341|591|1583|chrome|1
1035|500|1349|chrome|1
1347|406|1349|chrome|1
229|591|1349|chrome|1
226|1022|1349|chrome|1
365|346|1349|chrome|1
233|587|1349|chrome|1
677|1209|1349|chrome|1
906|1170|1349|chrome|1
547|1067|1349|chrome|1
543|1101|1349|chrome|1
503|1143|1349|chrome|1
502|1142|1349|chrome|1
674|1147|1349|chrome|1
745|1205|1349|chrome|1
441|1178|1349|chrome|1
675|1211|1349|chrome|1
785|1222|1349|chrome|1
1345|1172|1349|chrome|1
1349|1208|1349|chrome|1
995|1507|1349|chrome|1
1337|180|1920|firefox|1
530|592|1903|firefox|1
569|983|1903|firefox|1
602|978|1903|firefox|1
602|969|1903|firefox|1
602|969|1903|firefox|1
937|1155|1903|firefox|1
893|1158|1903|firefox|1
823|1170|1903|firefox|1
747|1050|1903|firefox|1
745|1011|1903|firefox|1
763|1087|1903|firefox|1
684|1179|1903|firefox|1
904|1077|1903|firefox|1
881|1152|1903|firefox|1
1113|1159|1903|firefox|1
1298|1449|1903|firefox|1
1003|1002|1264|chrome|1
182|591|1264|chrome|1
188|1032|1264|chrome|1
506|1212|1264|chrome|1
449|1310|1264|chrome|1
564|84|1264|chrome|1
1112|311|1349|chrome|1
1109|312|1349|chrome|1
1110|309|1349|chrome|1
865|15|1349|chrome|1
852|387|1349|chrome|1
852|394|1349|chrome|1
1066|758|1349|chrome|1
686|220|1349|chrome|1
544|217|1349|chrome|1
639|223|1349|chrome|1
646|223|1349|chrome|1
895|161|1349|chrome|1
598|213|1349|chrome|1
498|269|1349|chrome|1
667|266|1349|chrome|1
650|227|1349|chrome|1
631|216|1349|chrome|1
838|409|1349|chrome|1
868|19|1349|chrome|1
1046|345|1349|chrome|1
228|686|1349|chrome|1
1063|1325|1349|chrome|1
1079|822|1349|chrome|1
1054|1256|1349|chrome|1
475|79|1349|chrome|1
1010|1292|1259|chrome|1
791|387|1259|chrome|1
791|387|1259|chrome|1
975|599|1259|chrome|1
183|670|1259|chrome|1
187|669|1259|chrome|1
987|1369|1259|chrome|1
816|17|1259|chrome|1
799|213|1259|chrome|1
1039|497|1280|chrome|1
334|344|1259|chrome|1
318|347|1259|chrome|1
201|582|1259|chrome|1
1064|1309|1259|chrome|1
